<?xml version="1.0" encoding="utf-8"?><testsuites name="pytest tests"><testsuite name="pytest" errors="0" failures="0" skipped="0" tests="3" time="1.321" timestamp="2026-05-26T23:58:45.661372+00:00" hostname="agent-env-34190a74-81ef-4607-8f18-6583b0b51f73"><testcase classname="tests.test_iteration214_smsf_params.TestSMSFAnalyze" name="test_smsf_with_new_params" time="1.003" /><testcase classname="tests.test_iteration214_smsf_params.TestSMSFAnalyze" name="test_smsf_defaults_when_new_params_omitted" time="0.116" /><testcase classname="tests.test_iteration214_smsf_params.TestSMSFAnalyze" name="test_smsf_only_required_params" time="0.150" /></testsuite></testsuites>