<?xml version="1.0" encoding="utf-8"?><testsuites name="pytest tests"><testsuite name="pytest" errors="0" failures="0" skipped="0" tests="2" time="2.921" timestamp="2026-05-28T02:08:08.428763+00:00" hostname="agent-env-34190a74-81ef-4607-8f18-6583b0b51f73"><testcase classname="tests.test_iteration223_quick_overview.TestCrmClients" name="test_create_quick_overview_client" time="2.737" /><testcase classname="tests.test_iteration223_quick_overview.TestPdfReport" name="test_generate_retirement_pdf" time="0.127" /></testsuite></testsuites>