<?xml version="1.0" encoding="utf-8"?><testsuites name="pytest tests"><testsuite name="pytest" errors="0" failures="0" skipped="0" tests="7" time="1.039" timestamp="2026-05-25T22:58:00.357949+00:00" hostname="agent-env-34190a74-81ef-4607-8f18-6583b0b51f73"><testcase classname="tests.test_iteration209_features.TestMeetingsSeed" name="test_seed_demo_call_first" time="0.673" /><testcase classname="tests.test_iteration209_features.TestMeetingsSeed" name="test_seed_demo_idempotent" time="0.049" /><testcase classname="tests.test_iteration209_features.TestMeetingsByClient" name="test_thompson_family_returns_4" time="0.048" /><testcase classname="tests.test_iteration209_features.TestMeetingsByClient" name="test_chen_family_returns_2" time="0.047" /><testcase classname="tests.test_iteration209_features.TestXplanSyncLog" name="test_log_endpoint_exists" time="0.057" /><testcase classname="tests.test_iteration209_features.TestXplanSyncLog" name="test_compliance_push" time="0.049" /><testcase classname="tests.test_iteration209_features.TestXplanSyncLog" name="test_compliance_pull" time="0.052" /></testsuite></testsuites>