<?xml version="1.0" encoding="utf-8"?><testsuites name="pytest tests"><testsuite name="pytest" errors="0" failures="0" skipped="1" tests="15" time="2.269" timestamp="2026-05-28T03:39:27.863086+00:00" hostname="agent-env-34190a74-81ef-4607-8f18-6583b0b51f73"><testcase classname="tests.test_iteration224_exec_rails_esign.TestExecRailsAdapterTest" name="test_adapter_test_returns_200[trade]" time="1.099" /><testcase classname="tests.test_iteration224_exec_rails_esign.TestExecRailsAdapterTest" name="test_adapter_test_returns_200[super_change]" time="0.055" /><testcase classname="tests.test_iteration224_exec_rails_esign.TestExecRailsAdapterTest" name="test_adapter_test_returns_200[insurance_quote]" time="0.048" /><testcase classname="tests.test_iteration224_exec_rails_esign.TestExecRailsAdapterTest" name="test_adapter_test_returns_200[contribution]" time="0.051" /><testcase classname="tests.test_iteration224_exec_rails_esign.TestExecRailsAdapterTest" name="test_adapter_test_returns_200[rebalance]" time="0.049" /><testcase classname="tests.test_iteration224_exec_rails_esign.TestExecRailsAdapterTest" name="test_unknown_adapter_returns_400" time="0.051" /><testcase classname="tests.test_iteration224_exec_rails_esign.TestExecRailsAdapterTest" name="test_adapters_list_still_works" time="0.048" /><testcase classname="tests.test_iteration224_exec_rails_esign.TestEsignatureOutbound" name="test_provider_health_returns_mock" time="0.045" /><testcase classname="tests.test_iteration224_exec_rails_esign.TestEsignatureOutbound" name="test_list_requests_with_limit" time="0.054" /><testcase classname="tests.test_iteration224_exec_rails_esign.TestEsignatureOutbound" name="test_send_and_list" time="0.148" /><testcase classname="tests.test_iteration224_exec_rails_esign.TestEsignatureOutbound" name="test_sign_completes_and_is_idempotent" time="0.193" /><testcase classname="tests.test_iteration224_exec_rails_esign.TestEsignatureOutbound" name="test_sign_with_family_key_freezes_versions" time="0.047"><skipped type="pytest.skip" message="files/upload not available (status=422)">/app/backend/tests/test_iteration224_exec_rails_esign.py:161: files/upload not available (status=422)</skipped></testcase><testcase classname="tests.test_iteration224_exec_rails_esign.TestEsignatureOutbound" name="test_sign_with_deal_id_advances_deal" time="0.206" /><testcase classname="tests.test_iteration224_exec_rails_esign.TestEsignatureOutbound" name="test_sign_404_for_unknown" time="0.053" /><testcase classname="tests.test_iteration224_exec_rails_esign.TestEsignatureInboundEvent" name="test_inbound_event_endpoint_200" time="0.052" /></testsuite></testsuites>