<?xml version="1.0" encoding="utf-8"?><testsuites name="pytest tests"><testsuite name="pytest" errors="0" failures="0" skipped="0" tests="17" time="2.824" timestamp="2026-05-26T02:22:49.591042+00:00" hostname="agent-env-34190a74-81ef-4607-8f18-6583b0b51f73"><testcase classname="tests.test_iteration212_features.TestEvidencePack" name="test_preview_html" time="0.227" /><testcase classname="tests.test_iteration212_features.TestEvidencePack" name="test_generate_pdf" time="0.759" /><testcase classname="tests.test_iteration212_features.TestAdviceMarketplace" name="test_seed_idempotent" time="0.098" /><testcase classname="tests.test_iteration212_features.TestAdviceMarketplace" name="test_list_templates" time="0.046" /><testcase classname="tests.test_iteration212_features.TestAdviceMarketplace" name="test_clone_template_creates_deal" time="0.050" /><testcase classname="tests.test_iteration212_features.TestOpenAPI" name="test_scopes" time="0.052" /><testcase classname="tests.test_iteration212_features.TestOpenAPI" name="test_issue_token_and_revoke" time="0.201" /><testcase classname="tests.test_iteration212_features.TestOpenAPI" name="test_issue_invalid_scope" time="0.047" /><testcase classname="tests.test_iteration212_features.TestOpenAPI" name="test_openapi_spec" time="0.745" /><testcase classname="tests.test_iteration212_features.TestBranding" name="test_current" time="0.050" /><testcase classname="tests.test_iteration212_features.TestBranding" name="test_update_and_persist" time="0.124" /><testcase classname="tests.test_iteration212_features.TestBranding" name="test_invalid_hex" time="0.044" /><testcase classname="tests.test_iteration212_features.TestBranding" name="test_reset" time="0.050" /><testcase classname="tests.test_iteration212_features.TestRegressionPing" name="test_endpoint_reachable[/clients]" time="0.049" /><testcase classname="tests.test_iteration212_features.TestRegressionPing" name="test_endpoint_reachable[/deals]" time="0.046" /><testcase classname="tests.test_iteration212_features.TestRegressionPing" name="test_endpoint_reachable[/webhooks]" time="0.050" /><testcase classname="tests.test_iteration212_features.TestRegressionPing" name="test_endpoint_reachable[/rbac/audit]" time="0.052" /></testsuite></testsuites>