<?xml version="1.0" encoding="utf-8"?><testsuites name="pytest tests"><testsuite name="pytest" errors="0" failures="0" skipped="0" tests="3" time="0.528" timestamp="2026-05-15T08:07:54.390323+00:00" hostname="agent-env-34190a74-81ef-4607-8f18-6583b0b51f73"><testcase classname="tests.test_esignature_freeze.TestESignatureFlow" name="test_freeze_on_signature" time="0.296" /><testcase classname="tests.test_esignature_freeze.TestESignatureFlow" name="test_signature_404_unknown_family" time="0.043" /><testcase classname="tests.test_esignature_freeze.TestESignatureFlow" name="test_signed_log_includes_recent_event" time="0.141" /></testsuite></testsuites>