<?xml version="1.0" encoding="utf-8"?><testsuites name="pytest tests"><testsuite name="pytest" errors="0" failures="0" skipped="0" tests="8" time="1.509" timestamp="2026-04-30T04:51:17.860074+00:00" hostname="agent-env-a2836f10-68ab-4862-83ce-9b3a9cff1ac5"><testcase classname="tests.test_implementation_pack.TestImplementationPack" name="test_create_pack_full" time="1.107" /><testcase classname="tests.test_implementation_pack.TestImplementationPack" name="test_list_packs" time="0.047" /><testcase classname="tests.test_implementation_pack.TestImplementationPack" name="test_download_pdf" time="0.047" /><testcase classname="tests.test_implementation_pack.TestImplementationPack" name="test_download_pdf_404" time="0.045" /><testcase classname="tests.test_implementation_pack.TestExecutionRails" name="test_adapters_listing" time="0.046" /><testcase classname="tests.test_implementation_pack.TestExecutionRails" name="test_dispatch_trade_ticket_mock" time="0.050" /><testcase classname="tests.test_implementation_pack.TestNotifyClient" name="test_notify_with_attachment" time="0.045" /><testcase classname="tests.test_implementation_pack.TestNotifyClient" name="test_notify_without_attachment" time="0.046" /></testsuite></testsuites>