<?xml version="1.0" encoding="utf-8"?><testsuites name="pytest tests"><testsuite name="pytest" errors="0" failures="0" skipped="0" tests="11" time="2.166" timestamp="2026-04-22T23:20:08.037549+00:00" hostname="agent-env-b7ac533f-e930-4547-8be2-e79509474136"><testcase classname="tests.test_iteration202_compliance_reports.TestComplianceReportsAggregator" name="test_endpoint_returns_200" time="0.896" /><testcase classname="tests.test_iteration202_compliance_reports.TestComplianceReportsAggregator" name="test_payload_shape" time="0.065" /><testcase classname="tests.test_iteration202_compliance_reports.TestComplianceReportsAggregator" name="test_monthly_summary_metrics" time="0.078" /><testcase classname="tests.test_iteration202_compliance_reports.TestComplianceReportsAggregator" name="test_counts_reflect_real_collections" time="0.072" /><testcase classname="tests.test_iteration202_compliance_reports.TestComplianceReportsAggregator" name="test_risk_and_audit_payloads" time="0.064" /><testcase classname="tests.test_iteration202_compliance_reports.TestRegressionSweep" name="test_compliance_audit" time="0.067" /><testcase classname="tests.test_iteration202_compliance_reports.TestRegressionSweep" name="test_advice_drafts" time="0.061" /><testcase classname="tests.test_iteration202_compliance_reports.TestRegressionSweep" name="test_market_snapshot" time="0.148" /><testcase classname="tests.test_iteration202_compliance_reports.TestRegressionSweep" name="test_market_feed_snapshot_alt" time="0.372" /><testcase classname="tests.test_iteration202_compliance_reports.TestRegressionSweep" name="test_readiness_events_endpoint_alive" time="0.222" /><testcase classname="tests.test_iteration202_compliance_reports.TestRegressionSweep" name="test_openapi_includes_compliance_reports" time="0.053" /></testsuite></testsuites>