<?xml version="1.0" encoding="utf-8"?><testsuites name="pytest tests"><testsuite name="pytest" errors="0" failures="0" skipped="0" tests="6" time="6.632" timestamp="2026-05-24T11:18:10.316698+00:00" hostname="agent-env-34190a74-81ef-4607-8f18-6583b0b51f73"><testcase classname="tests.test_iteration208_features.TestXplanCompliance" name="test_push_compliance_mock" time="5.851" /><testcase classname="tests.test_iteration208_features.TestXplanCompliance" name="test_pull_compliance_mock_returns_two_flags" time="0.049" /><testcase classname="tests.test_iteration208_features.TestXplanCompliance" name="test_pull_compliance_idempotent" time="0.099" /><testcase classname="tests.test_iteration208_features.TestVaultParity" name="test_files_search_thompson_family" time="0.054" /><testcase classname="tests.test_iteration208_features.TestVaultParity" name="test_files_search_only_latest_flag" time="0.050" /><testcase classname="tests.test_iteration208_features.TestVaultParity" name="test_files_search_same_for_adviser_and_client" time="0.409" /></testsuite></testsuites>