<?xml version="1.0" encoding="utf-8"?><testsuites name="pytest tests"><testsuite name="pytest" errors="0" failures="0" skipped="0" tests="11" time="7.442" timestamp="2026-04-22T22:23:52.183969+00:00" hostname="agent-env-98a53f26-15a1-437f-a3c8-6e14517c0262"><testcase classname="tests.test_iteration201_market_digests.TestMarketSnapshot" name="test_snapshot_returns_required_fields" time="0.736" /><testcase classname="tests.test_iteration201_market_digests.TestMarketSnapshot" name="test_snapshot_source_is_yahoo_when_reachable" time="0.119" /><testcase classname="tests.test_iteration201_market_digests.TestMarketSnapshot" name="test_snapshot_30s_cache" time="1.225" /><testcase classname="tests.test_iteration201_market_digests.TestDigestStatus" name="test_status_returns_scheduler_running_with_jobs" time="0.126" /><testcase classname="tests.test_iteration201_market_digests.TestDigestPreviews" name="test_preview_signal" time="0.152" /><testcase classname="tests.test_iteration201_market_digests.TestDigestPreviews" name="test_preview_actions" time="0.115" /><testcase classname="tests.test_iteration201_market_digests.TestDigestSendAndLog" name="test_send_signal_appends_log" time="2.329" /><testcase classname="tests.test_iteration201_market_digests.TestDigestSendAndLog" name="test_send_actions_appends_log" time="2.240" /><testcase classname="tests.test_iteration201_market_digests.TestRegression" name="test_actions_shipped_still_works" time="0.111" /><testcase classname="tests.test_iteration201_market_digests.TestRegression" name="test_intelligence_feed_endpoint" time="0.107" /><testcase classname="tests.test_iteration201_market_digests.TestRegression" name="test_health" time="0.104" /></testsuite></testsuites>