<?xml version="1.0" encoding="utf-8"?><testsuites name="pytest tests"><testsuite name="pytest" errors="0" failures="0" skipped="0" tests="18" time="24.646" timestamp="2026-04-22T21:56:47.208896+00:00" hostname="agent-env-98a53f26-15a1-437f-a3c8-6e14517c0262"><testcase classname="tests.test_iteration199_advice_copilot.TestAdviceCopilot" name="test_generate_draft" time="10.355" /><testcase classname="tests.test_iteration199_advice_copilot.TestAdviceCopilot" name="test_get_and_list_drafts" time="0.110" /><testcase classname="tests.test_iteration199_advice_copilot.TestAdviceCopilot" name="test_amend_draft" time="0.057" /><testcase classname="tests.test_iteration199_advice_copilot.TestAdviceCopilot" name="test_regenerate_draft" time="3.858" /><testcase classname="tests.test_iteration199_advice_copilot.TestAdviceCopilot" name="test_approve_locks_draft" time="0.169" /><testcase classname="tests.test_iteration199_advice_copilot.TestAdviceCopilot" name="test_reject_endpoint" time="9.248" /><testcase classname="tests.test_iteration199_advice_copilot.TestExecutionTickets" name="test_create_ticket" time="0.055" /><testcase classname="tests.test_iteration199_advice_copilot.TestExecutionTickets" name="test_list_and_get" time="0.102" /><testcase classname="tests.test_iteration199_advice_copilot.TestExecutionTickets" name="test_patch" time="0.052" /><testcase classname="tests.test_iteration199_advice_copilot.TestExecutionTickets" name="test_summary" time="0.059" /><testcase classname="tests.test_iteration199_advice_copilot.TestNotify" name="test_notify_mocked" time="0.050" /><testcase classname="tests.test_iteration199_advice_copilot.TestNotify" name="test_notify_log" time="0.052" /><testcase classname="tests.test_iteration199_advice_copilot.TestMarketSnapshot" name="test_snapshot" time="0.053" /><testcase classname="tests.test_iteration199_advice_copilot.TestComplianceAudit" name="test_log_readiness_event" time="0.054" /><testcase classname="tests.test_iteration199_advice_copilot.TestComplianceAudit" name="test_list_readiness_events" time="0.047" /><testcase classname="tests.test_iteration199_advice_copilot.TestComplianceAudit" name="test_readiness_summary" time="0.064" /><testcase classname="tests.test_iteration199_advice_copilot.TestComplianceAudit" name="test_log_adviser_action" time="0.062" /><testcase classname="tests.test_iteration199_advice_copilot.TestComplianceAudit" name="test_list_adviser_actions" time="0.117" /></testsuite></testsuites>