<?xml version="1.0" encoding="utf-8"?><testsuites name="pytest tests"><testsuite name="pytest" errors="0" failures="0" skipped="0" tests="11" time="2.262" timestamp="2026-03-27T00:41:15.902596+00:00" hostname="agent-env-cba67acd-e2bb-4430-868c-2b6462bd8856"><testcase classname="backend.tests.test_consolidation_features.TestHealthAndBasicAPIs" name="test_health_endpoint" time="0.132" /><testcase classname="backend.tests.test_consolidation_features.TestHealthAndBasicAPIs" name="test_client_portal_enabled" time="0.113" /><testcase classname="backend.tests.test_consolidation_features.TestHybridEngineAPI" name="test_hybrid_engine_calculate_basic" time="0.509" /><testcase classname="backend.tests.test_consolidation_features.TestHybridEngineAPI" name="test_hybrid_engine_returns_inputs" time="0.248" /><testcase classname="backend.tests.test_consolidation_features.TestClientPortalAPIs" name="test_client_dashboard" time="0.122" /><testcase classname="backend.tests.test_consolidation_features.TestClientPortalAPIs" name="test_client_portfolios" time="0.110" /><testcase classname="backend.tests.test_consolidation_features.TestClientPortalAPIs" name="test_client_goals" time="0.124" /><testcase classname="backend.tests.test_consolidation_features.TestClientPortalAPIs" name="test_client_net_worth" time="0.120" /><testcase classname="backend.tests.test_consolidation_features.TestClientPortalAPIs" name="test_client_notifications" time="0.166" /><testcase classname="backend.tests.test_consolidation_features.TestSmartInsightsIntegration" name="test_retirement_data_for_insights" time="0.292" /><testcase classname="backend.tests.test_consolidation_features.TestSmartInsightsIntegration" name="test_low_confidence_triggers_insight" time="0.259" /></testsuite></testsuites>