<?xml version="1.0" encoding="utf-8"?><testsuites name="pytest tests"><testsuite name="pytest" errors="0" failures="2" skipped="0" tests="20" time="2.202" timestamp="2026-03-14T09:19:57.411904+00:00" hostname="agent-env-ce99e2c4-0757-41bb-9f7e-6018ddea3880"><testcase classname="backend.tests.test_ai_plan_meeting_features.TestAIFinancialPlanGenerator" name="test_generate_financial_plan_success" time="0.120" /><testcase classname="backend.tests.test_ai_plan_meeting_features.TestAIFinancialPlanGenerator" name="test_financial_plan_has_executive_summary" time="0.127" /><testcase classname="backend.tests.test_ai_plan_meeting_features.TestAIFinancialPlanGenerator" name="test_financial_plan_has_retirement_plan" time="0.098" /><testcase classname="backend.tests.test_ai_plan_meeting_features.TestAIFinancialPlanGenerator" name="test_financial_plan_has_investment_strategy" time="0.098" /><testcase classname="backend.tests.test_ai_plan_meeting_features.TestAIFinancialPlanGenerator" name="test_financial_plan_has_tax_strategy" time="0.096" /><testcase classname="backend.tests.test_ai_plan_meeting_features.TestAIFinancialPlanGenerator" name="test_financial_plan_has_insurance_gaps" time="0.112" /><testcase classname="backend.tests.test_ai_plan_meeting_features.TestAIFinancialPlanGenerator" name="test_financial_plan_has_action_plan" time="0.102" /><testcase classname="backend.tests.test_ai_plan_meeting_features.TestAIFinancialPlanGenerator" name="test_financial_plan_has_plan_metrics" time="0.142" /><testcase classname="backend.tests.test_ai_plan_meeting_features.TestAIMeetingSummaryGenerator" name="test_generate_meeting_summary_success" time="0.090" /><testcase classname="backend.tests.test_ai_plan_meeting_features.TestAIMeetingSummaryGenerator" name="test_meeting_summary_has_executive_summary" time="0.105" /><testcase classname="backend.tests.test_ai_plan_meeting_features.TestAIMeetingSummaryGenerator" name="test_meeting_summary_has_topics_covered" time="0.095" /><testcase classname="backend.tests.test_ai_plan_meeting_features.TestAIMeetingSummaryGenerator" name="test_meeting_summary_has_decisions_made" time="0.099" /><testcase classname="backend.tests.test_ai_plan_meeting_features.TestAIMeetingSummaryGenerator" name="test_meeting_summary_has_action_items" time="0.102" /><testcase classname="backend.tests.test_ai_plan_meeting_features.TestAIMeetingSummaryGenerator" name="test_meeting_summary_has_plan_updates" time="0.097" /><testcase classname="backend.tests.test_ai_plan_meeting_features.TestAIMeetingSummaryGenerator" name="test_meeting_summary_has_next_meeting" time="0.101" /><testcase classname="backend.tests.test_ai_plan_meeting_features.TestAIClientInsights" name="test_client_insights_success" time="0.099" /><testcase classname="backend.tests.test_ai_plan_meeting_features.TestDashboard3EngineSystem" name="test_monte_carlo_engine" time="0.111"><failure message="AssertionError: Should have percentiles&#10;assert 'percentiles' in {'adjustment_needed': None, 'assumptions': {'annual_contribution': 52500.0, 'expected_return': 7.000000000000001, 'inflation_rate': 3.0, 'volatility': 15.0}, 'best_case': 13027476.498450756, 'mean_outcome': 6540736.723404295, ...}">backend/tests/test_ai_plan_meeting_features.py:486: in test_monte_carlo_engine
    assert "percentiles" in data, "Should have percentiles"
E   AssertionError: Should have percentiles
E   assert 'percentiles' in {'adjustment_needed': None, 'assumptions': {'annual_contribution': 52500.0, 'expected_return': 7.000000000000001, 'inflation_rate': 3.0, 'volatility': 15.0}, 'best_case': 13027476.498450756, 'mean_outcome': 6540736.723404295, ...}</failure></testcase><testcase classname="backend.tests.test_ai_plan_meeting_features.TestDashboard3EngineSystem" name="test_scenario_simulator_life_scenario" time="0.098"><failure message="AssertionError: Should have scenario_type&#10;assert 'scenario_type' in {'base_probability': 50.0, 'base_wealth': 1978000.0, 'description': '5 fewer years of savings and growth', 'name': 'Retire 5 years earlier', ...}">backend/tests/test_ai_plan_meeting_features.py:508: in test_scenario_simulator_life_scenario
    assert "scenario_type" in data, "Should have scenario_type"
E   AssertionError: Should have scenario_type
E   assert 'scenario_type' in {'base_probability': 50.0, 'base_wealth': 1978000.0, 'description': '5 fewer years of savings and growth', 'name': 'Retire 5 years earlier', ...}</failure></testcase><testcase classname="backend.tests.test_ai_plan_meeting_features.TestDashboard3EngineSystem" name="test_ai_wealth_insights" time="0.098" /><testcase classname="backend.tests.test_ai_plan_meeting_features.TestNavigationRoutes" name="test_health_endpoint" time="0.097" /></testsuite></testsuites>