<?xml version="1.0" encoding="utf-8"?><testsuites name="pytest tests"><testsuite name="pytest" errors="0" failures="0" skipped="0" tests="29" time="6.891" timestamp="2026-03-17T21:04:50.193706+00:00" hostname="agent-env-6eb23293-68d9-4219-b25b-89ebb02f60f3"><testcase classname="backend.tests.test_iteration67_phase6_7_8.TestHealthAndStatus" name="test_health_check_v7_3_0" time="0.301" /><testcase classname="backend.tests.test_iteration67_phase6_7_8.TestMeetingAutomationEngine" name="test_meeting_automation_dashboard" time="0.205" /><testcase classname="backend.tests.test_iteration67_phase6_7_8.TestMeetingAutomationEngine" name="test_meeting_automation_process" time="0.172" /><testcase classname="backend.tests.test_iteration67_phase6_7_8.TestMeetingAutomationEngine" name="test_meeting_automation_tasks" time="0.148" /><testcase classname="backend.tests.test_iteration67_phase6_7_8.TestMeetingAutomationEngine" name="test_meeting_automation_emails" time="0.223" /><testcase classname="backend.tests.test_iteration67_phase6_7_8.TestBatchExecution" name="test_batch_execution_status" time="0.162" /><testcase classname="backend.tests.test_iteration67_phase6_7_8.TestBatchExecution" name="test_batch_execution_one_click_actions" time="0.169" /><testcase classname="backend.tests.test_iteration67_phase6_7_8.TestBatchExecution" name="test_batch_execution_preview_rebalance" time="0.130" /><testcase classname="backend.tests.test_iteration67_phase6_7_8.TestBatchExecution" name="test_batch_execution_preview_tax_harvest" time="0.135" /><testcase classname="backend.tests.test_iteration67_phase6_7_8.TestBatchExecution" name="test_batch_execution_execute" time="0.151" /><testcase classname="backend.tests.test_iteration67_phase6_7_8.TestBatchExecution" name="test_batch_execution_batches" time="0.172" /><testcase classname="backend.tests.test_iteration67_phase6_7_8.TestClientPortal" name="test_client_portal_dashboard" time="0.130" /><testcase classname="backend.tests.test_iteration67_phase6_7_8.TestClientPortal" name="test_client_portal_net_worth" time="0.216" /><testcase classname="backend.tests.test_iteration67_phase6_7_8.TestClientPortal" name="test_client_portal_portfolios" time="0.195" /><testcase classname="backend.tests.test_iteration67_phase6_7_8.TestClientPortal" name="test_client_portal_goals" time="0.185" /><testcase classname="backend.tests.test_iteration67_phase6_7_8.TestClientPortal" name="test_client_portal_insights" time="0.170" /><testcase classname="backend.tests.test_iteration67_phase6_7_8.TestClientPortal" name="test_client_portal_notifications" time="0.141" /><testcase classname="backend.tests.test_iteration67_phase6_7_8.TestClientPortal" name="test_client_portal_documents" time="0.151" /><testcase classname="backend.tests.test_iteration67_phase6_7_8.TestClientPortal" name="test_client_portal_performance" time="0.145" /><testcase classname="backend.tests.test_iteration67_phase6_7_8.TestAICopilotAdvanced" name="test_ai_copilot_query_rebalancing" time="0.179" /><testcase classname="backend.tests.test_iteration67_phase6_7_8.TestAICopilotAdvanced" name="test_ai_copilot_query_retirement_risk" time="0.151" /><testcase classname="backend.tests.test_iteration67_phase6_7_8.TestAICopilotAdvanced" name="test_ai_copilot_query_compliance" time="0.158" /><testcase classname="backend.tests.test_iteration67_phase6_7_8.TestAICopilotAdvanced" name="test_ai_copilot_query_tax" time="0.142" /><testcase classname="backend.tests.test_iteration67_phase6_7_8.TestAICopilotAdvanced" name="test_ai_copilot_suggestions" time="0.258" /><testcase classname="backend.tests.test_iteration67_phase6_7_8.TestAICopilotAdvanced" name="test_ai_copilot_quick_insights" time="0.260" /><testcase classname="backend.tests.test_iteration67_phase6_7_8.TestAICopilotAdvanced" name="test_ai_copilot_conversation_starters" time="0.131" /><testcase classname="backend.tests.test_iteration67_phase6_7_8.TestIntegration" name="test_meeting_to_batch_execution_flow" time="0.695" /><testcase classname="backend.tests.test_iteration67_phase6_7_8.TestIntegration" name="test_client_portal_comprehensive" time="0.604" /><testcase classname="backend.tests.test_iteration67_phase6_7_8.TestIntegration" name="test_ai_copilot_multiple_queries" time="0.871" /></testsuite></testsuites>