<?xml version="1.0" encoding="utf-8"?><testsuites name="pytest tests"><testsuite name="pytest" errors="0" failures="0" skipped="0" tests="16" time="3.817" timestamp="2026-03-13T01:00:02.939296+00:00" hostname="agent-env-d3b0ac2f-b54f-4d48-8f43-82e2d9290449"><testcase classname="backend.tests.test_phase4_complete.TestHealthCheck" name="test_api_health" time="1.497" /><testcase classname="backend.tests.test_phase4_complete.TestDecisionEngineV2" name="test_health_score_v2" time="0.126" /><testcase classname="backend.tests.test_phase4_complete.TestDecisionEngineV2" name="test_recommendations_v2" time="0.133" /><testcase classname="backend.tests.test_phase4_complete.TestDecisionEngineV2" name="test_monte_carlo_advanced" time="0.195" /><testcase classname="backend.tests.test_phase4_complete.TestLifeTimeline" name="test_default_timeline" time="0.149" /><testcase classname="backend.tests.test_phase4_complete.TestLifeTimeline" name="test_calculate_timeline_impact" time="0.119" /><testcase classname="backend.tests.test_phase4_complete.TestClientCRM" name="test_get_clients" time="0.162" /><testcase classname="backend.tests.test_phase4_complete.TestClientCRM" name="test_get_tasks" time="0.207" /><testcase classname="backend.tests.test_phase4_complete.TestClientCRM" name="test_workflow_stages" time="0.231" /><testcase classname="backend.tests.test_phase4_complete.TestClientCRM" name="test_client_workflow" time="0.159" /><testcase classname="backend.tests.test_phase4_complete.TestAIScenarioGenerator" name="test_generate_scenarios" time="0.124" /><testcase classname="backend.tests.test_phase4_complete.TestAIScenarioGenerator" name="test_generate_scenarios_conservative" time="0.113" /><testcase classname="backend.tests.test_phase4_complete.TestAIScenarioGenerator" name="test_generate_scenarios_aggressive" time="0.112" /><testcase classname="backend.tests.test_phase4_complete.TestMonteCarloSimulation" name="test_basic_monte_carlo" time="0.143" /><testcase classname="backend.tests.test_phase4_complete.TestTaxCalculations" name="test_personal_tax" time="0.135" /><testcase classname="backend.tests.test_phase4_complete.TestTaxCalculations" name="test_tax_rates" time="0.116" /></testsuite></testsuites>