<?xml version="1.0" encoding="utf-8"?><testsuites name="pytest tests"><testsuite name="pytest" errors="0" failures="1" skipped="0" tests="15" time="6.781" timestamp="2026-03-31T01:45:10.278144+00:00" hostname="agent-env-013adaab-3285-4354-8d5e-24d7d24bddae"><testcase classname="backend.tests.test_iteration123_refactoring.TestHealthAndBasics" name="test_health_endpoint" time="0.165" /><testcase classname="backend.tests.test_iteration123_refactoring.TestBuffettEngineAPI" name="test_buffett_screen_returns_12_stocks" time="2.959" /><testcase classname="backend.tests.test_iteration123_refactoring.TestBuffettEngineAPI" name="test_buffett_screen_has_sentiment_data" time="0.114" /><testcase classname="backend.tests.test_iteration123_refactoring.TestBuffettEngineAPI" name="test_buffett_screen_has_sector_rankings" time="0.119" /><testcase classname="backend.tests.test_iteration123_refactoring.TestBuffettEngineAPI" name="test_buffett_screen_stock_structure" time="0.203" /><testcase classname="backend.tests.test_iteration123_refactoring.TestBuffettEngineAPI" name="test_buffett_screen_source_is_live" time="0.115" /><testcase classname="backend.tests.test_iteration123_refactoring.TestAdviceOSAPIs" name="test_dashboard_summary" time="0.135" /><testcase classname="backend.tests.test_iteration123_refactoring.TestAdviceOSAPIs" name="test_scenario_history" time="0.126" /><testcase classname="backend.tests.test_iteration123_refactoring.TestAdviceOSAPIs" name="test_audit_export" time="0.126" /><testcase classname="backend.tests.test_iteration123_refactoring.TestAdviceOSAPIs" name="test_breach_report" time="0.118" /><testcase classname="backend.tests.test_iteration123_refactoring.TestTradingAPIs" name="test_holdings_endpoint" time="0.129" /><testcase classname="backend.tests.test_iteration123_refactoring.TestTradingAPIs" name="test_market_data_indicators" time="0.316" /><testcase classname="backend.tests.test_iteration123_refactoring.TestTradingAPIs" name="test_news_headlines" time="1.440" /><testcase classname="backend.tests.test_iteration123_refactoring.TestHybridEngineAPI" name="test_hybrid_engine_calculate" time="0.480" /><testcase classname="backend.tests.test_iteration123_refactoring.TestLifecycleAPIs" name="test_retirement_plan_endpoint" time="0.141"><failure message="assert 404 == 200&#10; +  where 404 = &lt;Response [404]&gt;.status_code">backend/tests/test_iteration123_refactoring.py:223: in test_retirement_plan_endpoint
    assert response.status_code == 200
E   assert 404 == 200
E    +  where 404 = &lt;Response [404]&gt;.status_code</failure></testcase></testsuite></testsuites>