<?xml version="1.0" encoding="utf-8"?><testsuites name="pytest tests"><testsuite name="pytest" errors="0" failures="0" skipped="0" tests="10" time="1.578" timestamp="2026-04-08T10:56:01.044878+00:00" hostname="agent-env-5c4ee482-4476-4d57-8346-5c099c483a69"><testcase classname="tests.test_iteration147_retirement_projection.TestRetirementProjectionCalculate" name="test_calculate_projection_success" time="0.291" /><testcase classname="tests.test_iteration147_retirement_projection.TestRetirementProjectionCalculate" name="test_calculate_projection_with_high_success_rate" time="0.140" /><testcase classname="tests.test_iteration147_retirement_projection.TestRetirementProjectionCalculate" name="test_calculate_projection_timeline_structure" time="0.181" /><testcase classname="tests.test_iteration147_retirement_projection.TestRetirementProjectionGet" name="test_get_existing_projection" time="0.213" /><testcase classname="tests.test_iteration147_retirement_projection.TestRetirementProjectionGet" name="test_get_nonexistent_projection" time="0.103" /><testcase classname="tests.test_iteration147_retirement_projection.TestClientSetup" name="test_create_client_basic" time="0.108" /><testcase classname="tests.test_iteration147_retirement_projection.TestClientSetup" name="test_create_client_with_tfn_and_id" time="0.129" /><testcase classname="tests.test_iteration147_retirement_projection.TestClientSetup" name="test_create_client_with_entities" time="0.096" /><testcase classname="tests.test_iteration147_retirement_projection.TestClientSetup" name="test_create_client_minimal" time="0.105" /><testcase classname="tests.test_iteration147_retirement_projection.TestHealthCheck" name="test_api_health" time="0.127" /></testsuite></testsuites>