<?xml version="1.0" encoding="utf-8"?><testsuites name="pytest tests"><testsuite name="pytest" errors="0" failures="0" skipped="0" tests="24" time="5.406" timestamp="2026-03-17T04:23:48.782942+00:00" hostname="agent-env-f844ad25-f78e-4b0a-b378-02ff82f6a4b2"><testcase classname="backend.tests.test_iteration57_infrastructure.TestHealthCheck" name="test_api_health" time="0.158" /><testcase classname="backend.tests.test_iteration57_infrastructure.TestMarketDataEndpoints" name="test_get_single_quote" time="0.132" /><testcase classname="backend.tests.test_iteration57_infrastructure.TestMarketDataEndpoints" name="test_get_multiple_quotes" time="0.843" /><testcase classname="backend.tests.test_iteration57_infrastructure.TestMarketDataEndpoints" name="test_get_market_indices" time="0.150" /><testcase classname="backend.tests.test_iteration57_infrastructure.TestMarketDataEndpoints" name="test_get_historical_prices" time="0.153" /><testcase classname="backend.tests.test_iteration57_infrastructure.TestMarketDataEndpoints" name="test_stock_search" time="0.137" /><testcase classname="backend.tests.test_iteration57_infrastructure.TestMarketDataEndpoints" name="test_asx_top_stocks" time="1.455" /><testcase classname="backend.tests.test_iteration57_infrastructure.TestEmailServiceEndpoints" name="test_email_service_status" time="0.139" /><testcase classname="backend.tests.test_iteration57_infrastructure.TestEmailServiceEndpoints" name="test_send_trade_confirmation" time="0.132" /><testcase classname="backend.tests.test_iteration57_infrastructure.TestEmailServiceEndpoints" name="test_send_test_email" time="0.136" /><testcase classname="backend.tests.test_iteration57_infrastructure.TestBankFeedsEndpoints" name="test_bank_feeds_status" time="0.134" /><testcase classname="backend.tests.test_iteration57_infrastructure.TestBankFeedsEndpoints" name="test_get_institutions" time="0.143" /><testcase classname="backend.tests.test_iteration57_infrastructure.TestBankFeedsEndpoints" name="test_create_basiq_user" time="0.155" /><testcase classname="backend.tests.test_iteration57_infrastructure.TestBankFeedsEndpoints" name="test_create_bank_connection" time="0.126" /><testcase classname="backend.tests.test_iteration57_infrastructure.TestBankFeedsEndpoints" name="test_get_linked_accounts" time="0.126" /><testcase classname="backend.tests.test_iteration57_infrastructure.TestBankFeedsEndpoints" name="test_get_transactions" time="0.130" /><testcase classname="backend.tests.test_iteration57_infrastructure.TestBankFeedsEndpoints" name="test_get_income_summary" time="0.130" /><testcase classname="backend.tests.test_iteration57_infrastructure.TestBankFeedsEndpoints" name="test_get_expense_summary" time="0.122" /><testcase classname="backend.tests.test_iteration57_infrastructure.TestBankFeedsEndpoints" name="test_get_affordability" time="0.132" /><testcase classname="backend.tests.test_iteration57_infrastructure.TestTradingSystemIntegration" name="test_trading_holdings" time="0.143" /><testcase classname="backend.tests.test_iteration57_infrastructure.TestTradingSystemIntegration" name="test_trading_brokers" time="0.130" /><testcase classname="backend.tests.test_iteration57_infrastructure.TestTradingSystemIntegration" name="test_order_preview" time="0.135" /><testcase classname="backend.tests.test_iteration57_infrastructure.TestLiveStockPriceIntegration" name="test_live_price_flag" time="0.163" /><testcase classname="backend.tests.test_iteration57_infrastructure.TestLiveStockPriceIntegration" name="test_price_data_freshness" time="0.137" /></testsuite></testsuites>