<?xml version="1.0" encoding="utf-8"?><testsuites name="pytest tests"><testsuite name="pytest" errors="0" failures="0" skipped="0" tests="9" time="2.324" timestamp="2026-03-18T22:56:48.757883+00:00" hostname="agent-env-83f3eab6-29de-45ae-aff5-779207ebd98b"><testcase classname="backend.tests.test_iteration83_persistence.TestClientContactPersistence" name="test_send_message_returns_success" time="0.453" /><testcase classname="backend.tests.test_iteration83_persistence.TestClientContactPersistence" name="test_retrieve_messages_from_mongodb" time="0.361" /><testcase classname="backend.tests.test_iteration83_persistence.TestClientContactPersistence" name="test_mark_message_read" time="0.313" /><testcase classname="backend.tests.test_iteration83_persistence.TestFinancialPlanPersistence" name="test_generate_plan_returns_success" time="0.158" /><testcase classname="backend.tests.test_iteration83_persistence.TestFinancialPlanPersistence" name="test_retrieve_plan_from_mongodb" time="0.362" /><testcase classname="backend.tests.test_iteration83_persistence.TestFinancialPlanPersistence" name="test_retrieve_nonexistent_plan_returns_404" time="0.154" /><testcase classname="backend.tests.test_iteration83_persistence.TestFinancialPlanPersistence" name="test_plan_projections_structure" time="0.155" /><testcase classname="backend.tests.test_iteration83_persistence.TestTransactionModelerIntegration" name="test_fund_modeling_endpoint" time="0.145" /><testcase classname="backend.tests.test_iteration83_persistence.TestTransactionModelerIntegration" name="test_stock_modeling_endpoint" time="0.173" /></testsuite></testsuites>