<?xml version="1.0" encoding="utf-8"?><testsuites name="pytest tests"><testsuite name="pytest" errors="0" failures="1" skipped="0" tests="19" time="3.680" timestamp="2026-03-12T21:05:30.138985+00:00" hostname="agent-env-171a771b-40cf-4ebc-bad2-c7b9806aa06e"><testcase classname="backend.tests.test_persistence_endpoints.TestHealthAndRefactoring" name="test_health_endpoint" time="0.318" /><testcase classname="backend.tests.test_persistence_endpoints.TestHealthAndRefactoring" name="test_root_endpoint" time="0.120" /><testcase classname="backend.tests.test_persistence_endpoints.TestHealthAndRefactoring" name="test_tax_rates_endpoint" time="0.129" /><testcase classname="backend.tests.test_persistence_endpoints.TestNetWorthHistory" name="test_get_net_worth_history_demo_data" time="0.149" /><testcase classname="backend.tests.test_persistence_endpoints.TestNetWorthHistory" name="test_save_net_worth_snapshot" time="0.174" /><testcase classname="backend.tests.test_persistence_endpoints.TestNetWorthHistory" name="test_get_net_worth_with_months_param" time="0.240" /><testcase classname="backend.tests.test_persistence_endpoints.TestDebtManagement" name="test_get_debts_demo_data" time="0.142" /><testcase classname="backend.tests.test_persistence_endpoints.TestDebtManagement" name="test_save_debt_item" time="0.140" /><testcase classname="backend.tests.test_persistence_endpoints.TestDebtManagement" name="test_get_saved_debt" time="0.244" /><testcase classname="backend.tests.test_persistence_endpoints.TestDebtManagement" name="test_delete_debt" time="0.337" /><testcase classname="backend.tests.test_persistence_endpoints.TestInsuranceCoverage" name="test_get_insurance_demo_data" time="0.121" /><testcase classname="backend.tests.test_persistence_endpoints.TestInsuranceCoverage" name="test_save_insurance_coverage" time="0.196" /><testcase classname="backend.tests.test_persistence_endpoints.TestInsuranceCoverage" name="test_get_saved_insurance" time="0.242" /><testcase classname="backend.tests.test_persistence_endpoints.TestRevenueTracking" name="test_get_revenue_history_demo_data" time="0.166" /><testcase classname="backend.tests.test_persistence_endpoints.TestRevenueTracking" name="test_get_revenue_with_months_param" time="0.116" /><testcase classname="backend.tests.test_persistence_endpoints.TestRevenueTracking" name="test_revenue_data_values" time="0.144"><failure message="assert 1 &lt; 1&#10; +  where 1 = abs((119762 - 119761))">backend/tests/test_persistence_endpoints.py:368: in test_revenue_data_values
    assert abs(entry["total"] - calculated_total) &lt; 1  # Allow for rounding
    ^^^^^^^^^^^^^^^^^^^^^^^^^^^^^^^^^^^^^^^^^^^^^^^^^
E   assert 1 &lt; 1
E    +  where 1 = abs((119762 - 119761))</failure></testcase><testcase classname="backend.tests.test_persistence_endpoints.TestExistingEndpoints" name="test_analyze_tax_endpoint" time="0.118" /><testcase classname="backend.tests.test_persistence_endpoints.TestExistingEndpoints" name="test_analyze_loan_endpoint" time="0.229" /><testcase classname="backend.tests.test_persistence_endpoints.TestExistingEndpoints" name="test_enterprise_practice_overview" time="0.110" /></testsuite></testsuites>