<?xml version="1.0" encoding="utf-8"?><testsuites name="pytest tests"><testsuite name="pytest" errors="0" failures="2" skipped="0" tests="27" time="4.841" timestamp="2026-03-17T00:33:52.579480+00:00" hostname="agent-env-e471c708-ce22-42c4-aa3f-5b7b0e3cd800"><testcase classname="backend.tests.test_iteration52_intelligence_portal.TestHealthCheck" name="test_health_endpoint" time="0.298" /><testcase classname="backend.tests.test_iteration52_intelligence_portal.TestCrossClientIntelligenceEngine" name="test_comprehensive_analysis" time="0.160" /><testcase classname="backend.tests.test_iteration52_intelligence_portal.TestCrossClientIntelligenceEngine" name="test_portfolio_drift_analysis" time="0.145" /><testcase classname="backend.tests.test_iteration52_intelligence_portal.TestCrossClientIntelligenceEngine" name="test_tax_opportunities_analysis" time="0.109" /><testcase classname="backend.tests.test_iteration52_intelligence_portal.TestCrossClientIntelligenceEngine" name="test_engagement_analysis" time="0.164" /><testcase classname="backend.tests.test_iteration52_intelligence_portal.TestCrossClientIntelligenceEngine" name="test_fee_optimization_analysis" time="0.152" /><testcase classname="backend.tests.test_iteration52_intelligence_portal.TestCrossClientIntelligenceEngine" name="test_goals_analysis" time="0.104" /><testcase classname="backend.tests.test_iteration52_intelligence_portal.TestClientPortalAuth" name="test_client_login_success" time="0.116" /><testcase classname="backend.tests.test_iteration52_intelligence_portal.TestClientPortalAuth" name="test_client_login_invalid_credentials" time="0.118" /><testcase classname="backend.tests.test_iteration52_intelligence_portal.TestClientPortalAuth" name="test_client_login_wrong_password" time="0.174" /><testcase classname="backend.tests.test_iteration52_intelligence_portal.TestClientPortalEndpoints" name="test_client_dashboard" time="0.255" /><testcase classname="backend.tests.test_iteration52_intelligence_portal.TestClientPortalEndpoints" name="test_client_portfolio" time="0.242" /><testcase classname="backend.tests.test_iteration52_intelligence_portal.TestClientPortalEndpoints" name="test_client_goals" time="0.263" /><testcase classname="backend.tests.test_iteration52_intelligence_portal.TestClientPortalEndpoints" name="test_client_net_worth" time="0.252" /><testcase classname="backend.tests.test_iteration52_intelligence_portal.TestClientPortalEndpoints" name="test_client_documents" time="0.258" /><testcase classname="backend.tests.test_iteration52_intelligence_portal.TestClientPortalEndpoints" name="test_client_messages" time="0.244" /><testcase classname="backend.tests.test_iteration52_intelligence_portal.TestClientPortalEndpoints" name="test_send_message_to_adviser" time="0.256" /><testcase classname="backend.tests.test_iteration52_intelligence_portal.TestClientPortalEndpoints" name="test_invalid_token" time="0.105" /><testcase classname="backend.tests.test_iteration52_intelligence_portal.TestMeetingAutomation" name="test_generate_meeting_notes" time="0.170" /><testcase classname="backend.tests.test_iteration52_intelligence_portal.TestMeetingAutomation" name="test_generate_follow_up_email" time="0.280" /><testcase classname="backend.tests.test_iteration52_intelligence_portal.TestMeetingAutomation" name="test_list_meetings" time="0.134" /><testcase classname="backend.tests.test_iteration52_intelligence_portal.TestMeetingAutomation" name="test_get_compliance_logs" time="0.110" /><testcase classname="backend.tests.test_iteration52_intelligence_portal.TestMeetingAutomation" name="test_meeting_not_found" time="0.116" /><testcase classname="backend.tests.test_iteration52_intelligence_portal.TestExistingEndpoints" name="test_command_center_daily_digest" time="0.133" /><testcase classname="backend.tests.test_iteration52_intelligence_portal.TestExistingEndpoints" name="test_holdings_portfolio" time="0.100" /><testcase classname="backend.tests.test_iteration52_intelligence_portal.TestExistingEndpoints" name="test_wealth_overview" time="0.124"><failure message="AssertionError: assert 'total_wealth' in {'asset_allocation': {'cash': {'percent': 4.4, 'target': 5.0, 'value': 125000}, 'crypto': {'percent': 1.2, 'target': 2.0, 'value': 35000}, 'etfs': {'percent': 9.8, 'target': 10.0, 'value': 280000}, 'managed_funds': {'percent': 11.2, 'target': 10.0, 'value': 320000}, ...}, 'cash': {'accounts': [{'balance': 15000, 'interest_rate': 0.01, 'name': 'CBA Smart Access', 'type': 'transaction'}, {'balance': 50000, 'interest_rate': 4.75, 'name': 'CBA Goal Saver', 'type': 'savings'}, {'balance': 40000, 'interest_rate': 5.1, 'maturity': '2025-06-15', 'name': 'Westpac Term Deposit', ...}, {'balance': 20000, 'interest_rate': 5.5, 'name': 'ING Savings Maximiser', 'type': 'savings'}], 'total': 125000, 'total_interest_earned_ytd': 3250}, 'client_id': 'client_1', 'crypto': {'exchange': 'Swyftx', 'holdings': [{'cost_base': 18000, 'current_price': 68500, 'name': 'Bitcoin', 'symbol': 'BTC', ...}, {'cost_base': 8500, 'current_price': 3850, 'name': 'Ethereum', 'symbol': 'ETH', ...}, {'cost_base': 1500, 'current_price': 175, 'name': 'Solana', 'symbol': 'SOL', ...}], 'last_sync': '2026-03-17T00:33:57.259525+00:00', 'total_cost_base': 28000, ...}, ...}">backend/tests/test_iteration52_intelligence_portal.py:476: in test_wealth_overview
    assert "total_wealth" in data
E   AssertionError: assert 'total_wealth' in {'asset_allocation': {'cash': {'percent': 4.4, 'target': 5.0, 'value': 125000}, 'crypto': {'percent': 1.2, 'target': 2.0, 'value': 35000}, 'etfs': {'percent': 9.8, 'target': 10.0, 'value': 280000}, 'managed_funds': {'percent': 11.2, 'target': 10.0, 'value': 320000}, ...}, 'cash': {'accounts': [{'balance': 15000, 'interest_rate': 0.01, 'name': 'CBA Smart Access', 'type': 'transaction'}, {'balance': 50000, 'interest_rate': 4.75, 'name': 'CBA Goal Saver', 'type': 'savings'}, {'balance': 40000, 'interest_rate': 5.1, 'maturity': '2025-06-15', 'name': 'Westpac Term Deposit', ...}, {'balance': 20000, 'interest_rate': 5.5, 'name': 'ING Savings Maximiser', 'type': 'savings'}], 'total': 125000, 'total_interest_earned_ytd': 3250}, 'client_id': 'client_1', 'crypto': {'exchange': 'Swyftx', 'holdings': [{'cost_base': 18000, 'current_price': 68500, 'name': 'Bitcoin', 'symbol': 'BTC', ...}, {'cost_base': 8500, 'current_price': 3850, 'name': 'Ethereum', 'symbol': 'ETH', ...}, {'cost_base': 1500, 'current_price': 175, 'name': 'Solana', 'symbol': 'SOL', ...}], 'last_sync': '2026-03-17T00:33:57.259525+00:00', 'total_cost_base': 28000, ...}, ...}</failure></testcase><testcase classname="backend.tests.test_iteration52_intelligence_portal.TestExistingEndpoints" name="test_compliance_dashboard" time="0.115"><failure message="AssertionError: assert 'overall_score' in {'metrics': {'audit_logs_this_month': 0, 'average_compliance_score': 94.5, 'reviews_completed_mtd': 8, 'soas_generated_mtd': 12}, 'overview': {'action_required': 3, 'compliance_rate': 93.3, 'compliant': 42, 'total_clients': 45}, 'recent_activity': [{'action': 'SOA Generated', 'client': 'Emma Wilson', 'timestamp': '2026-03-16T22:33:57.391169'}, {'action': 'Compliance Check', 'client': 'David Lee', 'timestamp': '2026-03-16T19:33:57.391174'}, {'action': 'Document Signed', 'client': 'Lisa Chen', 'timestamp': '2026-03-16T00:33:57.391176'}], 'risk_alerts': [{'message': '3 clients due for annual review this week', 'severity': 'high'}, {'message': '2 SOAs pending client signature', 'severity': 'medium'}, {'message': '5 risk profiles due for reassessment next month', 'severity': 'low'}], ...}">backend/tests/test_iteration52_intelligence_portal.py:484: in test_compliance_dashboard
    assert "overall_score" in data
E   AssertionError: assert 'overall_score' in {'metrics': {'audit_logs_this_month': 0, 'average_compliance_score': 94.5, 'reviews_completed_mtd': 8, 'soas_generated_mtd': 12}, 'overview': {'action_required': 3, 'compliance_rate': 93.3, 'compliant': 42, 'total_clients': 45}, 'recent_activity': [{'action': 'SOA Generated', 'client': 'Emma Wilson', 'timestamp': '2026-03-16T22:33:57.391169'}, {'action': 'Compliance Check', 'client': 'David Lee', 'timestamp': '2026-03-16T19:33:57.391174'}, {'action': 'Document Signed', 'client': 'Lisa Chen', 'timestamp': '2026-03-16T00:33:57.391176'}], 'risk_alerts': [{'message': '3 clients due for annual review this week', 'severity': 'high'}, {'message': '2 SOAs pending client signature', 'severity': 'medium'}, {'message': '5 risk profiles due for reassessment next month', 'severity': 'low'}], ...}</failure></testcase></testsuite></testsuites>