<?xml version="1.0" encoding="utf-8"?><testsuites name="pytest tests"><testsuite name="pytest" errors="0" failures="0" skipped="0" tests="18" time="2.462" timestamp="2026-03-25T23:34:08.657234+00:00" hostname="agent-env-82ffc001-5126-4ba3-ab3e-c75a5da6d282"><testcase classname="backend.tests.test_iteration101_new_features.TestWebSocketService" name="test_ws_stats_endpoint" time="0.277" /><testcase classname="backend.tests.test_iteration101_new_features.TestWebSocketService" name="test_ws_test_notification" time="0.120" /><testcase classname="backend.tests.test_iteration101_new_features.TestNotificationServiceMockMode" name="test_notification_status" time="0.104" /><testcase classname="backend.tests.test_iteration101_new_features.TestNotificationServiceMockMode" name="test_send_test_mock_notification" time="0.108" /><testcase classname="backend.tests.test_iteration101_new_features.TestNotificationServiceMockMode" name="test_get_mock_notifications" time="0.114" /><testcase classname="backend.tests.test_iteration101_new_features.TestNotificationServiceMockMode" name="test_get_mock_notifications_by_type" time="0.110" /><testcase classname="backend.tests.test_iteration101_new_features.TestXplanPhase2" name="test_xplan_status" time="0.112" /><testcase classname="backend.tests.test_iteration101_new_features.TestXplanPhase2" name="test_scenario_upload" time="0.129" /><testcase classname="backend.tests.test_iteration101_new_features.TestXplanPhase2" name="test_get_client_scenarios" time="0.110" /><testcase classname="backend.tests.test_iteration101_new_features.TestXplanPhase2" name="test_deep_portfolio_sync" time="0.259" /><testcase classname="backend.tests.test_iteration101_new_features.TestXplanPhase2" name="test_get_deep_portfolio_data" time="0.119" /><testcase classname="backend.tests.test_iteration101_new_features.TestClientProfileRetirement" name="test_get_structures" time="0.105" /><testcase classname="backend.tests.test_iteration101_new_features.TestClientProfileRetirement" name="test_save_retirement_calculation" time="0.122" /><testcase classname="backend.tests.test_iteration101_new_features.TestClientProfileRetirement" name="test_save_decumulation_calculation" time="0.122" /><testcase classname="backend.tests.test_iteration101_new_features.TestPlatformIntegrations" name="test_platforms_status" time="0.118" /><testcase classname="backend.tests.test_iteration101_new_features.TestPlatformIntegrations" name="test_demo_all_clients" time="0.108" /><testcase classname="backend.tests.test_iteration101_new_features.TestPlatformIntegrations" name="test_demo_portfolio_summary" time="0.112" /><testcase classname="backend.tests.test_iteration101_new_features.TestHealthCheck" name="test_health_check_new_features" time="0.128" /></testsuite></testsuites>