<?xml version="1.0" encoding="utf-8"?><testsuites name="pytest tests"><testsuite name="pytest" errors="0" failures="0" skipped="0" tests="12" time="11.320" timestamp="2026-03-23T22:26:33.098300+00:00" hostname="agent-env-2b38467c-e09f-4c40-ac98-ad3eefd45af5"><testcase classname="backend.tests.test_iteration90_news_decision_xplan.TestNewsHeadlines" name="test_get_news_headlines" time="1.100" /><testcase classname="backend.tests.test_iteration90_news_decision_xplan.TestNewsHeadlines" name="test_get_news_headlines_with_category_filter" time="1.027" /><testcase classname="backend.tests.test_iteration90_news_decision_xplan.TestNewsHeadlines" name="test_get_news_sources" time="0.109" /><testcase classname="backend.tests.test_iteration90_news_decision_xplan.TestNewsHeadlines" name="test_get_news_categories" time="0.199" /><testcase classname="backend.tests.test_iteration90_news_decision_xplan.TestDecisionEngine" name="test_recommendations_v2_has_impact_primary" time="0.111" /><testcase classname="backend.tests.test_iteration90_news_decision_xplan.TestDecisionEngine" name="test_health_score_v2" time="0.102" /><testcase classname="backend.tests.test_iteration90_news_decision_xplan.TestXplanSync" name="test_enable_xplan_demo_mode" time="0.130" /><testcase classname="backend.tests.test_iteration90_news_decision_xplan.TestXplanSync" name="test_xplan_status_after_demo_enabled" time="0.234" /><testcase classname="backend.tests.test_iteration90_news_decision_xplan.TestXplanSync" name="test_xplan_push_strategy" time="0.240" /><testcase classname="backend.tests.test_iteration90_news_decision_xplan.TestMacroDashboard" name="test_macro_overview" time="4.988" /><testcase classname="backend.tests.test_iteration90_news_decision_xplan.TestMacroDashboard" name="test_macro_indices" time="2.903" /><testcase classname="backend.tests.test_iteration90_news_decision_xplan.TestMacroDashboard" name="test_macro_currencies" time="0.117" /></testsuite></testsuites>