<?xml version="1.0" encoding="utf-8"?><testsuites name="pytest tests"><testsuite name="pytest" errors="0" failures="0" skipped="0" tests="4" time="0.667" timestamp="2026-04-22T04:37:07.272479+00:00" hostname="agent-env-068f8ab5-a168-4fb8-8ab7-c6630fb23c1d"><testcase classname="tests.test_email_resend.TestEmailResendStatus" name="test_status_returns_mocked_mode" time="0.193" /><testcase classname="tests.test_email_resend.TestEmailResendSend" name="test_send_returns_mocked_response" time="0.174" /><testcase classname="tests.test_email_resend.TestEmailResendSend" name="test_send_invalid_email_returns_422" time="0.108" /><testcase classname="tests.test_email_resend.TestEmailResendSend" name="test_send_missing_subject_returns_422" time="0.138" /></testsuite></testsuites>