<?xml version="1.0" encoding="utf-8"?><testsuites name="pytest tests"><testsuite name="pytest" errors="0" failures="2" skipped="0" tests="29" time="8.596" timestamp="2026-03-16T10:46:59.122198+00:00" hostname="agent-env-01af79b0-c4bd-4743-8149-fbb7da004ad1"><testcase classname="backend.tests.test_iteration45_jwt_market_sms.TestJWTAuthentication" name="test_login_success" time="0.247" /><testcase classname="backend.tests.test_iteration45_jwt_market_sms.TestJWTAuthentication" name="test_login_invalid_credentials" time="0.120" /><testcase classname="backend.tests.test_iteration45_jwt_market_sms.TestJWTAuthentication" name="test_login_wrong_password" time="0.129" /><testcase classname="backend.tests.test_iteration45_jwt_market_sms.TestJWTAuthentication" name="test_verify_token_valid" time="0.255" /><testcase classname="backend.tests.test_iteration45_jwt_market_sms.TestJWTAuthentication" name="test_verify_token_invalid" time="0.140" /><testcase classname="backend.tests.test_iteration45_jwt_market_sms.TestJWTAuthentication" name="test_get_current_user" time="0.250" /><testcase classname="backend.tests.test_iteration45_jwt_market_sms.TestJWTAuthentication" name="test_refresh_token" time="0.240"><failure message="AssertionError: New token should be different&#10;assert 'eyJhbGciOiJIUzI1NiIsInR5cCI6IkpXVCJ9.eyJzdWIiOiJ1c2VyXzAwMSIsImVtYWlsIjoiYWR2aXNvckB3ZWFsdGhjb21tYW5kLmNvbSIsInJvbGUiOiJhZHZpc29yIiwiaWF0IjoxNzczNjU4MDIwLCJleHAiOjE3NzM3NDQ0MjB9.ZrKh4y6_UMFmAEdwFJWmt9f1cKHt7BF7_Vo_DPhUOds' != 'eyJhbGciOiJIUzI1NiIsInR5cCI6IkpXVCJ9.eyJzdWIiOiJ1c2VyXzAwMSIsImVtYWlsIjoiYWR2aXNvckB3ZWFsdGhjb21tYW5kLmNvbSIsInJvbGUiOiJhZHZpc29yIiwiaWF0IjoxNzczNjU4MDIwLCJleHAiOjE3NzM3NDQ0MjB9.ZrKh4y6_UMFmAEdwFJWmt9f1cKHt7BF7_Vo_DPhUOds'">backend/tests/test_iteration45_jwt_market_sms.py:119: in test_refresh_token
    assert data["access_token"] != token, "New token should be different"
E   AssertionError: New token should be different
E   assert 'eyJhbGciOiJIUzI1NiIsInR5cCI6IkpXVCJ9.eyJzdWIiOiJ1c2VyXzAwMSIsImVtYWlsIjoiYWR2aXNvckB3ZWFsdGhjb21tYW5kLmNvbSIsInJvbGUiOiJhZHZpc29yIiwiaWF0IjoxNzczNjU4MDIwLCJleHAiOjE3NzM3NDQ0MjB9.ZrKh4y6_UMFmAEdwFJWmt9f1cKHt7BF7_Vo_DPhUOds' != 'eyJhbGciOiJIUzI1NiIsInR5cCI6IkpXVCJ9.eyJzdWIiOiJ1c2VyXzAwMSIsImVtYWlsIjoiYWR2aXNvckB3ZWFsdGhjb21tYW5kLmNvbSIsInJvbGUiOiJhZHZpc29yIiwiaWF0IjoxNzczNjU4MDIwLCJleHAiOjE3NzM3NDQ0MjB9.ZrKh4y6_UMFmAEdwFJWmt9f1cKHt7BF7_Vo_DPhUOds'</failure></testcase><testcase classname="backend.tests.test_iteration45_jwt_market_sms.TestJWTAuthentication" name="test_register_new_user" time="0.128" /><testcase classname="backend.tests.test_iteration45_jwt_market_sms.TestJWTAuthentication" name="test_register_duplicate_email" time="0.118" /><testcase classname="backend.tests.test_iteration45_jwt_market_sms.TestMarketData" name="test_get_stock_quote" time="0.501" /><testcase classname="backend.tests.test_iteration45_jwt_market_sms.TestMarketData" name="test_get_us_stock_quote" time="0.335" /><testcase classname="backend.tests.test_iteration45_jwt_market_sms.TestMarketData" name="test_get_market_indices" time="1.344" /><testcase classname="backend.tests.test_iteration45_jwt_market_sms.TestMarketData" name="test_get_stock_history" time="0.346" /><testcase classname="backend.tests.test_iteration45_jwt_market_sms.TestMarketData" name="test_portfolio_value_calculation" time="0.362" /><testcase classname="backend.tests.test_iteration45_jwt_market_sms.TestMarketData" name="test_stock_search" time="0.125" /><testcase classname="backend.tests.test_iteration45_jwt_market_sms.TestMarketData" name="test_sector_performance" time="1.992" /><testcase classname="backend.tests.test_iteration45_jwt_market_sms.TestTwilioSMS" name="test_sms_status" time="0.159" /><testcase classname="backend.tests.test_iteration45_jwt_market_sms.TestTwilioSMS" name="test_send_verification_demo_mode" time="0.125" /><testcase classname="backend.tests.test_iteration45_jwt_market_sms.TestTwilioSMS" name="test_verify_sms_code_demo_mode" time="0.163" /><testcase classname="backend.tests.test_iteration45_jwt_market_sms.TestTwilioSMS" name="test_verify_invalid_code_format" time="0.134" /><testcase classname="backend.tests.test_iteration45_jwt_market_sms.TestTwilioSMS" name="test_format_phone_number" time="0.125" /><testcase classname="backend.tests.test_iteration45_jwt_market_sms.TestTwilioSMS" name="test_validate_phone_number" time="0.129" /><testcase classname="backend.tests.test_iteration45_jwt_market_sms.TestScenarioSimulator" name="test_simulate_scenario" time="0.148" /><testcase classname="backend.tests.test_iteration45_jwt_market_sms.TestScenarioSimulator" name="test_get_scenario_presets" time="0.122"><failure message="AssertionError: Presets request failed: {&quot;detail&quot;:&quot;Not authenticated&quot;}&#10;assert 401 == 200&#10; +  where 401 = &lt;Response [401]&gt;.status_code">backend/tests/test_iteration45_jwt_market_sms.py:379: in test_get_scenario_presets
    assert response.status_code == 200, f"Presets request failed: {response.text}"
E   AssertionError: Presets request failed: {"detail":"Not authenticated"}
E   assert 401 == 200
E    +  where 401 = &lt;Response [401]&gt;.status_code</failure></testcase><testcase classname="backend.tests.test_iteration45_jwt_market_sms.TestMFAEndpoints" name="test_mfa_status" time="0.133" /><testcase classname="backend.tests.test_iteration45_jwt_market_sms.TestMFAEndpoints" name="test_mfa_setup" time="0.157" /><testcase classname="backend.tests.test_iteration45_jwt_market_sms.TestAuditLogging" name="test_get_audit_logs" time="0.169" /><testcase classname="backend.tests.test_iteration45_jwt_market_sms.TestAuditLogging" name="test_compliance_report" time="0.147" /><testcase classname="backend.tests.test_iteration45_jwt_market_sms.TestHealthCheck" name="test_api_health" time="0.121" /></testsuite></testsuites>