<?xml version="1.0" encoding="utf-8"?><testsuites name="pytest tests"><testsuite name="pytest" errors="0" failures="0" skipped="0" tests="21" time="3.262" timestamp="2026-03-17T04:03:42.892953+00:00" hostname="agent-env-f844ad25-f78e-4b0a-b378-02ff82f6a4b2"><testcase classname="backend.tests.test_iteration56_stock_trading.TestHealthAndBasics" name="test_health_endpoint" time="0.241" /><testcase classname="backend.tests.test_iteration56_stock_trading.TestTradingHoldings" name="test_get_client_holdings" time="0.113" /><testcase classname="backend.tests.test_iteration56_stock_trading.TestTradingHoldings" name="test_get_holdings_multiple_clients" time="0.452" /><testcase classname="backend.tests.test_iteration56_stock_trading.TestTradingHoldings" name="test_get_holding_detail" time="0.122" /><testcase classname="backend.tests.test_iteration56_stock_trading.TestTradingHoldings" name="test_get_holding_with_loss" time="0.114" /><testcase classname="backend.tests.test_iteration56_stock_trading.TestTradingHoldings" name="test_holding_not_found" time="0.107" /><testcase classname="backend.tests.test_iteration56_stock_trading.TestCGTCalculations" name="test_calculate_cgt_with_discount" time="0.105" /><testcase classname="backend.tests.test_iteration56_stock_trading.TestCGTCalculations" name="test_calculate_cgt_capital_loss" time="0.115" /><testcase classname="backend.tests.test_iteration56_stock_trading.TestCGTCalculations" name="test_calculate_cgt_different_entity_types" time="0.436" /><testcase classname="backend.tests.test_iteration56_stock_trading.TestCGTCalculations" name="test_cgt_summary" time="0.107" /><testcase classname="backend.tests.test_iteration56_stock_trading.TestOrderManagement" name="test_order_preview_sell" time="0.113" /><testcase classname="backend.tests.test_iteration56_stock_trading.TestOrderManagement" name="test_order_preview_buy" time="0.105" /><testcase classname="backend.tests.test_iteration56_stock_trading.TestOrderManagement" name="test_order_execute_demo_mode" time="0.099" /><testcase classname="backend.tests.test_iteration56_stock_trading.TestHoldingModification" name="test_increase_holding" time="0.105" /><testcase classname="backend.tests.test_iteration56_stock_trading.TestHoldingModification" name="test_decrease_holding" time="0.103" /><testcase classname="backend.tests.test_iteration56_stock_trading.TestHoldingModification" name="test_decrease_holding_insufficient_units" time="0.109" /><testcase classname="backend.tests.test_iteration56_stock_trading.TestBrokerIntegrations" name="test_get_brokers" time="0.104" /><testcase classname="backend.tests.test_iteration56_stock_trading.TestMeetingPrepRedesign" name="test_generate_meeting_prep" time="0.163" /><testcase classname="backend.tests.test_iteration56_stock_trading.TestAdvisorCommandCenter" name="test_daily_digest" time="0.144" /><testcase classname="backend.tests.test_iteration56_stock_trading.TestAdvisorCommandCenter" name="test_monitoring_daily_scan" time="0.103" /><testcase classname="backend.tests.test_iteration56_stock_trading.TestNavigationUpdates" name="test_stock_trading_page_accessible" time="0.101" /></testsuite></testsuites>