<?xml version="1.0" encoding="utf-8"?><testsuites name="pytest tests"><testsuite name="pytest" errors="0" failures="0" skipped="0" tests="8" time="5.720" timestamp="2026-03-23T22:41:53.907417+00:00" hostname="agent-env-2b38467c-e09f-4c40-ac98-ad3eefd45af5"><testcase classname="backend.tests.test_iteration91_asx_stocks_navigation.TestASXStockPrices" name="test_cba_stock_returns_data" time="4.070" /><testcase classname="backend.tests.test_iteration91_asx_stocks_navigation.TestASXStockPrices" name="test_bhp_stock_returns_data" time="0.459" /><testcase classname="backend.tests.test_iteration91_asx_stocks_navigation.TestASXStockPrices" name="test_cba_stock_has_asx_specific_fields" time="0.154" /><testcase classname="backend.tests.test_iteration91_asx_stocks_navigation.TestASXStockPrices" name="test_bhp_stock_has_asx_specific_fields" time="0.162" /><testcase classname="backend.tests.test_iteration91_asx_stocks_navigation.TestASXStockPrices" name="test_invalid_stock_returns_404" time="0.171" /><testcase classname="backend.tests.test_iteration91_asx_stocks_navigation.TestASXStockPrices" name="test_stock_batch_endpoint" time="0.376" /><testcase classname="backend.tests.test_iteration91_asx_stocks_navigation.TestCRMClientNavigation" name="test_crm_clients_endpoint" time="0.157" /><testcase classname="backend.tests.test_iteration91_asx_stocks_navigation.TestCRMClientNavigation" name="test_crm_analytics_endpoint" time="0.105" /></testsuite></testsuites>