<?xml version="1.0" encoding="utf-8"?><testsuites name="pytest tests"><testsuite name="pytest" errors="0" failures="0" skipped="0" tests="33" time="3.948" timestamp="2026-03-12T12:02:08.239312+00:00" hostname="agent-env-9a59d3c7-7b62-4686-a826-a54790ebb298"><testcase classname="backend.tests.test_phase2_phase3.TestCRMHouseholds" name="test_get_households_returns_200" time="0.169" /><testcase classname="backend.tests.test_phase2_phase3.TestCRMHouseholds" name="test_get_households_returns_3_sample_households" time="0.123" /><testcase classname="backend.tests.test_phase2_phase3.TestCRMHouseholds" name="test_get_household_by_id" time="0.102" /><testcase classname="backend.tests.test_phase2_phase3.TestCRMTasks" name="test_get_tasks_returns_200" time="0.121" /><testcase classname="backend.tests.test_phase2_phase3.TestCRMTasks" name="test_tasks_have_required_fields" time="0.113" /><testcase classname="backend.tests.test_phase2_phase3.TestCRMTasks" name="test_create_task" time="0.119" /><testcase classname="backend.tests.test_phase2_phase3.TestCRMMeetings" name="test_get_meetings_returns_200" time="0.120" /><testcase classname="backend.tests.test_phase2_phase3.TestCRMMeetings" name="test_meetings_have_required_fields" time="0.128" /><testcase classname="backend.tests.test_phase2_phase3.TestCRMNotes" name="test_get_notes_returns_200" time="0.118" /><testcase classname="backend.tests.test_phase2_phase3.TestCRMNotes" name="test_create_note" time="0.173" /><testcase classname="backend.tests.test_phase2_phase3.TestGoalTracker" name="test_get_goals_returns_200" time="0.097" /><testcase classname="backend.tests.test_phase2_phase3.TestGoalTracker" name="test_get_goals_returns_4_goals" time="0.107" /><testcase classname="backend.tests.test_phase2_phase3.TestGoalTracker" name="test_goals_have_progress_percent" time="0.105" /><testcase classname="backend.tests.test_phase2_phase3.TestGoalTracker" name="test_goals_include_retirement_education_house_emergency" time="0.128" /><testcase classname="backend.tests.test_phase2_phase3.TestGoalTracker" name="test_create_goal" time="0.118" /><testcase classname="backend.tests.test_phase2_phase3.TestAIAdvisor" name="test_generate_advice_returns_200" time="0.110" /><testcase classname="backend.tests.test_phase2_phase3.TestAIAdvisor" name="test_ai_advice_has_recommendations" time="0.104" /><testcase classname="backend.tests.test_phase2_phase3.TestAIAdvisor" name="test_ai_advice_has_analysis" time="0.117" /><testcase classname="backend.tests.test_phase2_phase3.TestAIAdvisor" name="test_ai_advice_has_retirement_outlook" time="0.108" /><testcase classname="backend.tests.test_phase2_phase3.TestAIAdvisor" name="test_ai_advice_has_disclaimers" time="0.106" /><testcase classname="backend.tests.test_phase2_phase3.TestAIAdvisor" name="test_ai_advice_has_llm_metadata" time="0.137" /><testcase classname="backend.tests.test_phase2_phase3.TestAIAdvisor" name="test_get_advice_history" time="0.105" /><testcase classname="backend.tests.test_phase2_phase3.TestPortfolioAggregator" name="test_get_aggregated_portfolio_returns_200" time="0.102" /><testcase classname="backend.tests.test_phase2_phase3.TestPortfolioAggregator" name="test_aggregated_portfolio_has_totals" time="0.114" /><testcase classname="backend.tests.test_phase2_phase3.TestPortfolioAggregator" name="test_aggregated_portfolio_has_9_accounts" time="0.108" /><testcase classname="backend.tests.test_phase2_phase3.TestPortfolioAggregator" name="test_accounts_have_required_fields" time="0.124" /><testcase classname="backend.tests.test_phase2_phase3.TestPortfolioAggregator" name="test_accounts_include_all_types" time="0.107" /><testcase classname="backend.tests.test_phase2_phase3.TestPortfolioAggregator" name="test_aggregated_portfolio_has_asset_allocation" time="0.125" /><testcase classname="backend.tests.test_phase2_phase3.TestPortfolioAggregator" name="test_aggregated_portfolio_has_monthly_snapshot" time="0.125" /><testcase classname="backend.tests.test_phase2_phase3.TestPortfolioAggregator" name="test_sync_portfolio" time="0.105" /><testcase classname="backend.tests.test_phase2_phase3.TestComplianceLayer" name="test_get_audit_log_returns_200" time="0.111" /><testcase classname="backend.tests.test_phase2_phase3.TestComplianceLayer" name="test_get_risk_assessment" time="0.120" /><testcase classname="backend.tests.test_phase2_phase3.TestAdviceWorkflow" name="test_get_advice_records" time="0.119" /></testsuite></testsuites>