<?xml version="1.0" encoding="utf-8"?><testsuites name="pytest tests"><testsuite name="pytest" errors="0" failures="0" skipped="0" tests="8" time="4.619" timestamp="2026-04-14T04:47:44.421403+00:00" hostname="agent-env-de1bfb1f-08f1-493d-a624-5104d50338be"><testcase classname="tests.test_client_portal_redesign.TestClientPortalDashboard" name="test_dashboard_returns_200" time="0.155" /><testcase classname="tests.test_client_portal_redesign.TestClientPortalDashboard" name="test_dashboard_contains_client_name" time="0.126" /><testcase classname="tests.test_client_portal_redesign.TestClientPortalDashboard" name="test_dashboard_contains_advisor_info" time="0.165" /><testcase classname="tests.test_client_portal_redesign.TestClientPortalDashboard" name="test_dashboard_contains_summary" time="0.114" /><testcase classname="tests.test_client_portal_redesign.TestHybridEngineCalculate" name="test_calculate_returns_200" time="1.027" /><testcase classname="tests.test_client_portal_redesign.TestHybridEngineCalculate" name="test_calculate_returns_confidence_score" time="0.987" /><testcase classname="tests.test_client_portal_redesign.TestHybridEngineCalculate" name="test_calculate_returns_inputs_for_timeline" time="0.993" /><testcase classname="tests.test_client_portal_redesign.TestHybridEngineCalculate" name="test_calculate_returns_confidence_rating" time="0.985" /></testsuite></testsuites>