<?xml version="1.0" encoding="utf-8"?><testsuites name="pytest tests"><testsuite name="pytest" errors="0" failures="0" skipped="0" tests="11" time="2.253" timestamp="2026-03-13T14:09:54.394518+00:00" hostname="agent-env-ce99e2c4-0757-41bb-9f7e-6018ddea3880"><testcase classname="backend.tests.test_monte_carlo_compliance.TestMonteCarloAPI" name="test_monte_carlo_endpoint_returns_200" time="0.253" /><testcase classname="backend.tests.test_monte_carlo_compliance.TestMonteCarloAPI" name="test_monte_carlo_returns_required_fields" time="0.182" /><testcase classname="backend.tests.test_monte_carlo_compliance.TestMonteCarloAPI" name="test_monte_carlo_probability_in_valid_range" time="0.193" /><testcase classname="backend.tests.test_monte_carlo_compliance.TestMonteCarloAPI" name="test_monte_carlo_runs_10000_simulations" time="0.173" /><testcase classname="backend.tests.test_monte_carlo_compliance.TestMonteCarloAPI" name="test_monte_carlo_varying_results" time="0.538" /><testcase classname="backend.tests.test_monte_carlo_compliance.TestMonteCarloAPI" name="test_monte_carlo_best_case_greater_than_worst_case" time="0.136" /><testcase classname="backend.tests.test_monte_carlo_compliance.TestMonteCarloAPI" name="test_monte_carlo_median_between_best_and_worst" time="0.144" /><testcase classname="backend.tests.test_monte_carlo_compliance.TestHealthScoreAPI" name="test_health_score_endpoint" time="0.145" /><testcase classname="backend.tests.test_monte_carlo_compliance.TestRecommendationsAPI" name="test_recommendations_endpoint" time="0.127" /><testcase classname="backend.tests.test_monte_carlo_compliance.TestNetWorthProjectionAPI" name="test_net_worth_projection_endpoint" time="0.119" /><testcase classname="backend.tests.test_monte_carlo_compliance.TestAPIHealth" name="test_api_health" time="0.117" /></testsuite></testsuites>