<?xml version="1.0" encoding="utf-8"?><testsuites name="pytest tests"><testsuite name="pytest" errors="0" failures="3" skipped="0" tests="11" time="53.738" timestamp="2026-03-31T06:11:01.621114+00:00" hostname="agent-env-7f829ae8-3146-43d9-949c-39107c070c1a"><testcase classname="backend.tests.test_iteration128_voice_command.TestHealthAndBasicEndpoints" name="test_health_endpoint" time="0.242" /><testcase classname="backend.tests.test_iteration128_voice_command.TestHealthAndBasicEndpoints" name="test_buffett_engine_screen" time="2.388" /><testcase classname="backend.tests.test_iteration128_voice_command.TestVoiceCommandRetirementContext" name="test_retirement_analysis_basic" time="0.557"><failure message="AssertionError: assert False is True&#10; +  where False = &lt;built-in method get of dict object at 0xfe931a21c440&gt;('success')&#10; +    where &lt;built-in method get of dict object at 0xfe931a21c440&gt; = {'error': 'Failed to generate chat completion: litellm.BadRequestError: OpenAIException - Budget has been exceeded! Current cost: 5.036145449999998, Max budget: 5.000999999999999', 'raw_input': 'Client age 55, wealth $2.5M, super $800K, retire at 65', 'success': False}.get">backend/tests/test_iteration128_voice_command.py:60: in test_retirement_analysis_basic
    assert data.get("success") is True
E   AssertionError: assert False is True
E    +  where False = &lt;built-in method get of dict object at 0xfe931a21c440&gt;('success')
E    +    where &lt;built-in method get of dict object at 0xfe931a21c440&gt; = {'error': 'Failed to generate chat completion: litellm.BadRequestError: OpenAIException - Budget has been exceeded! Current cost: 5.036145449999998, Max budget: 5.000999999999999', 'raw_input': 'Client age 55, wealth $2.5M, super $800K, retire at 65', 'success': False}.get</failure></testcase><testcase classname="backend.tests.test_iteration128_voice_command.TestVoiceCommandRetirementContext" name="test_retirement_analysis_with_cgt_franking" time="0.661"><failure message="AssertionError: assert False is True&#10; +  where False = &lt;built-in method get of dict object at 0xfe9319f141c0&gt;('success')&#10; +    where &lt;built-in method get of dict object at 0xfe9319f141c0&gt; = {'error': 'Failed to generate chat completion: litellm.BadRequestError: OpenAIException - Budget has been exceeded! Current cost: 5.036145449999998, Max budget: 5.000999999999999', 'raw_input': 'Client age 60, $3M wealth, $1.2M super, $500K in Australian shares with franking credits, retire at 67', 'success': False}.get">backend/tests/test_iteration128_voice_command.py:90: in test_retirement_analysis_with_cgt_franking
    assert data.get("success") is True
E   AssertionError: assert False is True
E    +  where False = &lt;built-in method get of dict object at 0xfe9319f141c0&gt;('success')
E    +    where &lt;built-in method get of dict object at 0xfe9319f141c0&gt; = {'error': 'Failed to generate chat completion: litellm.BadRequestError: OpenAIException - Budget has been exceeded! Current cost: 5.036145449999998, Max budget: 5.000999999999999', 'raw_input': 'Client age 60, $3M wealth, $1.2M super, $500K in Australian shares with franking credits, retire at 67', 'success': False}.get</failure></testcase><testcase classname="backend.tests.test_iteration128_voice_command.TestVoiceCommandSharesContext" name="test_stock_insight_query" time="8.835" /><testcase classname="backend.tests.test_iteration128_voice_command.TestVoiceCommandWhatIfScenario" name="test_what_if_follow_up" time="0.380"><failure message="AssertionError: assert False is True&#10; +  where False = &lt;built-in method get of dict object at 0xfe9319f1f780&gt;('success')&#10; +    where &lt;built-in method get of dict object at 0xfe9319f1f780&gt; = {'error': 'Failed to generate chat completion: litellm.BadRequestError: OpenAIException - Budget has been exceeded! Current cost: 5.036145449999998, Max budget: 5.000999999999999', 'raw_input': 'Client age 55, wealth $2.5M, super $800K, property $450K, retire at 65', 'success': False}.get">backend/tests/test_iteration128_voice_command.py:147: in test_what_if_follow_up
    assert data1.get("success") is True
E   AssertionError: assert False is True
E    +  where False = &lt;built-in method get of dict object at 0xfe9319f1f780&gt;('success')
E    +    where &lt;built-in method get of dict object at 0xfe9319f1f780&gt; = {'error': 'Failed to generate chat completion: litellm.BadRequestError: OpenAIException - Budget has been exceeded! Current cost: 5.036145449999998, Max budget: 5.000999999999999', 'raw_input': 'Client age 55, wealth $2.5M, super $800K, property $450K, retire at 65', 'success': False}.get</failure></testcase><testcase classname="backend.tests.test_iteration128_voice_command.TestVoiceCommandOtherContexts" name="test_adviceos_context" time="27.413" /><testcase classname="backend.tests.test_iteration128_voice_command.TestVoiceCommandOtherContexts" name="test_dashboard_context" time="6.549" /><testcase classname="backend.tests.test_iteration128_voice_command.TestVoiceCommandOtherContexts" name="test_default_context" time="2.524" /><testcase classname="backend.tests.test_iteration128_voice_command.TestVoiceCommandEdgeCases" name="test_empty_text" time="2.037" /><testcase classname="backend.tests.test_iteration128_voice_command.TestVoiceCommandEdgeCases" name="test_missing_page_context" time="2.049" /></testsuite></testsuites>