<?xml version="1.0" encoding="utf-8"?><testsuites name="pytest tests"><testsuite name="pytest" errors="0" failures="0" skipped="0" tests="18" time="2.316" timestamp="2026-03-26T10:20:26.780906+00:00" hostname="agent-env-894bb976-4b75-461e-af96-eeb0489c8e4b"><testcase classname="backend.tests.test_confidence_engine.TestConfidenceEngineQuickCalculate" name="test_quick_calculate_basic" time="0.290" /><testcase classname="backend.tests.test_confidence_engine.TestConfidenceEngineQuickCalculate" name="test_quick_calculate_low_net_worth" time="0.130" /><testcase classname="backend.tests.test_confidence_engine.TestConfidenceEngineQuickCalculate" name="test_quick_calculate_high_expenses" time="0.112" /><testcase classname="backend.tests.test_confidence_engine.TestConfidenceEngineRiskFactors" name="test_get_risk_factors" time="0.101" /><testcase classname="backend.tests.test_confidence_engine.TestConfidenceEngineAssetClasses" name="test_get_asset_classes" time="0.112" /><testcase classname="backend.tests.test_confidence_engine.TestAIExplanationEngine" name="test_explain_confidence" time="0.127" /><testcase classname="backend.tests.test_confidence_engine.TestAIExplanationEngine" name="test_explain_excellent_score" time="0.128" /><testcase classname="backend.tests.test_confidence_engine.TestAIExplanationEngine" name="test_risk_explanation_longevity" time="0.104" /><testcase classname="backend.tests.test_confidence_engine.TestAIExplanationEngine" name="test_risk_explanation_market" time="0.138" /><testcase classname="backend.tests.test_confidence_engine.TestAIExplanationEngine" name="test_risk_explanation_invalid" time="0.106" /><testcase classname="backend.tests.test_confidence_engine.TestAIExplanationEngine" name="test_client_summary" time="0.110" /><testcase classname="backend.tests.test_confidence_engine.TestAdviserIntelligence" name="test_adviser_dashboard" time="0.108" /><testcase classname="backend.tests.test_confidence_engine.TestAdviserIntelligence" name="test_client_list" time="0.109" /><testcase classname="backend.tests.test_confidence_engine.TestAdviserIntelligence" name="test_client_list_sorted" time="0.104" /><testcase classname="backend.tests.test_confidence_engine.TestAdviserIntelligence" name="test_alerts" time="0.111" /><testcase classname="backend.tests.test_confidence_engine.TestAdviserIntelligence" name="test_opportunities" time="0.112" /><testcase classname="backend.tests.test_confidence_engine.TestAdviserIntelligence" name="test_bulk_actions" time="0.105" /><testcase classname="backend.tests.test_confidence_engine.TestConfidenceEngineHistory" name="test_get_history" time="0.105" /></testsuite></testsuites>