<?xml version="1.0" encoding="utf-8"?><testsuites name="pytest tests"><testsuite name="pytest" errors="0" failures="6" skipped="0" tests="33" time="4.277" timestamp="2026-03-12T12:00:19.500711+00:00" hostname="agent-env-9a59d3c7-7b62-4686-a826-a54790ebb298"><testcase classname="backend.tests.test_phase2_phase3.TestCRMHouseholds" name="test_get_households_returns_200" time="0.296" /><testcase classname="backend.tests.test_phase2_phase3.TestCRMHouseholds" name="test_get_households_returns_3_sample_households" time="0.150" /><testcase classname="backend.tests.test_phase2_phase3.TestCRMHouseholds" name="test_get_household_by_id" time="0.143" /><testcase classname="backend.tests.test_phase2_phase3.TestCRMTasks" name="test_get_tasks_returns_200" time="0.149" /><testcase classname="backend.tests.test_phase2_phase3.TestCRMTasks" name="test_tasks_have_required_fields" time="0.153" /><testcase classname="backend.tests.test_phase2_phase3.TestCRMTasks" name="test_create_task" time="0.114" /><testcase classname="backend.tests.test_phase2_phase3.TestCRMMeetings" name="test_get_meetings_returns_200" time="0.102" /><testcase classname="backend.tests.test_phase2_phase3.TestCRMMeetings" name="test_meetings_have_required_fields" time="0.104" /><testcase classname="backend.tests.test_phase2_phase3.TestCRMNotes" name="test_get_notes_returns_200" time="0.111" /><testcase classname="backend.tests.test_phase2_phase3.TestCRMNotes" name="test_create_note" time="0.106" /><testcase classname="backend.tests.test_phase2_phase3.TestGoalTracker" name="test_get_goals_returns_200" time="0.122" /><testcase classname="backend.tests.test_phase2_phase3.TestGoalTracker" name="test_get_goals_returns_4_goals" time="0.188" /><testcase classname="backend.tests.test_phase2_phase3.TestGoalTracker" name="test_goals_have_progress_percent" time="0.121" /><testcase classname="backend.tests.test_phase2_phase3.TestGoalTracker" name="test_goals_include_retirement_education_house_emergency" time="0.119" /><testcase classname="backend.tests.test_phase2_phase3.TestGoalTracker" name="test_create_goal" time="0.128" /><testcase classname="backend.tests.test_phase2_phase3.TestAIAdvisor" name="test_generate_advice_returns_200" time="0.135"><failure message="assert 500 == 200&#10; +  where 500 = &lt;Response [500]&gt;.status_code">backend/tests/test_phase2_phase3.py:244: in test_generate_advice_returns_200
    assert response.status_code == 200
E   assert 500 == 200
E    +  where 500 = &lt;Response [500]&gt;.status_code</failure></testcase><testcase classname="backend.tests.test_phase2_phase3.TestAIAdvisor" name="test_ai_advice_has_recommendations" time="0.106"><failure message="assert 500 == 200&#10; +  where 500 = &lt;Response [500]&gt;.status_code">backend/tests/test_phase2_phase3.py:259: in test_ai_advice_has_recommendations
    assert response.status_code == 200
E   assert 500 == 200
E    +  where 500 = &lt;Response [500]&gt;.status_code</failure></testcase><testcase classname="backend.tests.test_phase2_phase3.TestAIAdvisor" name="test_ai_advice_has_analysis" time="0.103"><failure message="assert 500 == 200&#10; +  where 500 = &lt;Response [500]&gt;.status_code">backend/tests/test_phase2_phase3.py:281: in test_ai_advice_has_analysis
    assert response.status_code == 200
E   assert 500 == 200
E    +  where 500 = &lt;Response [500]&gt;.status_code</failure></testcase><testcase classname="backend.tests.test_phase2_phase3.TestAIAdvisor" name="test_ai_advice_has_retirement_outlook" time="0.155"><failure message="assert 500 == 200&#10; +  where 500 = &lt;Response [500]&gt;.status_code">backend/tests/test_phase2_phase3.py:298: in test_ai_advice_has_retirement_outlook
    assert response.status_code == 200
E   assert 500 == 200
E    +  where 500 = &lt;Response [500]&gt;.status_code</failure></testcase><testcase classname="backend.tests.test_phase2_phase3.TestAIAdvisor" name="test_ai_advice_has_disclaimers" time="0.112"><failure message="assert 500 == 200&#10; +  where 500 = &lt;Response [500]&gt;.status_code">backend/tests/test_phase2_phase3.py:314: in test_ai_advice_has_disclaimers
    assert response.status_code == 200
E   assert 500 == 200
E    +  where 500 = &lt;Response [500]&gt;.status_code</failure></testcase><testcase classname="backend.tests.test_phase2_phase3.TestAIAdvisor" name="test_ai_advice_has_llm_metadata" time="0.108"><failure message="assert 500 == 200&#10; +  where 500 = &lt;Response [500]&gt;.status_code">backend/tests/test_phase2_phase3.py:330: in test_ai_advice_has_llm_metadata
    assert response.status_code == 200
E   assert 500 == 200
E    +  where 500 = &lt;Response [500]&gt;.status_code</failure></testcase><testcase classname="backend.tests.test_phase2_phase3.TestAIAdvisor" name="test_get_advice_history" time="0.100" /><testcase classname="backend.tests.test_phase2_phase3.TestPortfolioAggregator" name="test_get_aggregated_portfolio_returns_200" time="0.104" /><testcase classname="backend.tests.test_phase2_phase3.TestPortfolioAggregator" name="test_aggregated_portfolio_has_totals" time="0.109" /><testcase classname="backend.tests.test_phase2_phase3.TestPortfolioAggregator" name="test_aggregated_portfolio_has_9_accounts" time="0.108" /><testcase classname="backend.tests.test_phase2_phase3.TestPortfolioAggregator" name="test_accounts_have_required_fields" time="0.112" /><testcase classname="backend.tests.test_phase2_phase3.TestPortfolioAggregator" name="test_accounts_include_all_types" time="0.102" /><testcase classname="backend.tests.test_phase2_phase3.TestPortfolioAggregator" name="test_aggregated_portfolio_has_asset_allocation" time="0.110" /><testcase classname="backend.tests.test_phase2_phase3.TestPortfolioAggregator" name="test_aggregated_portfolio_has_monthly_snapshot" time="0.120" /><testcase classname="backend.tests.test_phase2_phase3.TestPortfolioAggregator" name="test_sync_portfolio" time="0.104" /><testcase classname="backend.tests.test_phase2_phase3.TestComplianceLayer" name="test_get_audit_log_returns_200" time="0.102" /><testcase classname="backend.tests.test_phase2_phase3.TestComplianceLayer" name="test_get_risk_assessment" time="0.097" /><testcase classname="backend.tests.test_phase2_phase3.TestAdviceWorkflow" name="test_get_advice_records" time="0.129" /></testsuite></testsuites>