<?xml version="1.0" encoding="utf-8"?><testsuites name="pytest tests"><testsuite name="pytest" errors="0" failures="0" skipped="0" tests="29" time="7.075" timestamp="2026-03-18T21:32:40.284688+00:00" hostname="agent-env-0505bafa-c5c5-475d-891a-3a6cedb0216e"><testcase classname="backend.tests.test_iteration80_knowledge_graph.TestGraphOverview" name="test_get_graph_overview_returns_200" time="1.773" /><testcase classname="backend.tests.test_iteration80_knowledge_graph.TestGraphOverview" name="test_graph_overview_has_summary" time="0.255" /><testcase classname="backend.tests.test_iteration80_knowledge_graph.TestGraphOverview" name="test_graph_overview_has_node_counts" time="0.188" /><testcase classname="backend.tests.test_iteration80_knowledge_graph.TestGraphVisualization" name="test_get_visualization_data_returns_200" time="0.175" /><testcase classname="backend.tests.test_iteration80_knowledge_graph.TestGraphVisualization" name="test_visualization_data_has_nodes_and_links" time="0.158" /><testcase classname="backend.tests.test_iteration80_knowledge_graph.TestGraphVisualization" name="test_visualization_node_structure" time="0.182" /><testcase classname="backend.tests.test_iteration80_knowledge_graph.TestGraphVisualization" name="test_visualization_link_structure" time="0.186" /><testcase classname="backend.tests.test_iteration80_knowledge_graph.TestPendingActions" name="test_get_pending_actions_returns_200" time="0.190" /><testcase classname="backend.tests.test_iteration80_knowledge_graph.TestPendingActions" name="test_pending_actions_has_count_and_list" time="0.215" /><testcase classname="backend.tests.test_iteration80_knowledge_graph.TestPendingActions" name="test_pending_action_structure" time="0.231" /><testcase classname="backend.tests.test_iteration80_knowledge_graph.TestActionDetails" name="test_get_action_details_returns_200" time="0.161" /><testcase classname="backend.tests.test_iteration80_knowledge_graph.TestActionDetails" name="test_action_details_has_adjustable_parameters" time="0.199" /><testcase classname="backend.tests.test_iteration80_knowledge_graph.TestActionDetails" name="test_adjustable_parameter_structure" time="0.171" /><testcase classname="backend.tests.test_iteration80_knowledge_graph.TestActionDetails" name="test_action_details_has_client_info" time="0.147" /><testcase classname="backend.tests.test_iteration80_knowledge_graph.TestActionDetails" name="test_action_details_has_portfolio_info" time="0.186" /><testcase classname="backend.tests.test_iteration80_knowledge_graph.TestAIQuestion" name="test_ai_ask_returns_200" time="0.148" /><testcase classname="backend.tests.test_iteration80_knowledge_graph.TestAIQuestion" name="test_ai_ask_has_required_fields" time="0.257" /><testcase classname="backend.tests.test_iteration80_knowledge_graph.TestAIQuestion" name="test_ai_ask_revenue_opportunities" time="0.198" /><testcase classname="backend.tests.test_iteration80_knowledge_graph.TestInsights" name="test_get_insights_returns_200" time="0.188" /><testcase classname="backend.tests.test_iteration80_knowledge_graph.TestInsights" name="test_insights_has_count_and_list" time="0.220" /><testcase classname="backend.tests.test_iteration80_knowledge_graph.TestInsights" name="test_insight_structure" time="0.148" /><testcase classname="backend.tests.test_iteration80_knowledge_graph.TestRetirementRisk" name="test_retirement_risk_returns_200" time="0.138" /><testcase classname="backend.tests.test_iteration80_knowledge_graph.TestRetirementRisk" name="test_retirement_risk_has_results" time="0.179" /><testcase classname="backend.tests.test_iteration80_knowledge_graph.TestRetirementRisk" name="test_retirement_risk_structure" time="0.171" /><testcase classname="backend.tests.test_iteration80_knowledge_graph.TestRevenueOpportunities" name="test_revenue_opportunities_returns_200" time="0.188" /><testcase classname="backend.tests.test_iteration80_knowledge_graph.TestRevenueOpportunities" name="test_revenue_opportunities_has_results" time="0.145" /><testcase classname="backend.tests.test_iteration80_knowledge_graph.TestCrossClientRisks" name="test_cross_client_risks_returns_200" time="0.143" /><testcase classname="backend.tests.test_iteration80_knowledge_graph.TestCrossClientRisks" name="test_cross_client_risks_has_results" time="0.191" /><testcase classname="backend.tests.test_iteration80_knowledge_graph.TestExecuteAction" name="test_execute_action_with_adjustments" time="0.231" /></testsuite></testsuites>