<?xml version="1.0" encoding="utf-8"?><testsuites name="pytest tests"><testsuite name="pytest" errors="0" failures="0" skipped="0" tests="3" time="0.330" timestamp="2026-04-20T01:57:15.024441+00:00" hostname="agent-env-8180359b-907f-4fec-a032-21ce33e5c1ab"><testcase classname="tests.test_iteration160_hnw_practice_health.TestPracticeHealthHNW" name="test_dashboard_returns_200_with_hnw_metrics" time="0.168" /><testcase classname="tests.test_iteration160_hnw_practice_health.TestPracticeHealthHNW" name="test_metrics_endpoint_also_hnw" time="0.053" /><testcase classname="tests.test_iteration160_hnw_practice_health.TestPracticeHealthHNW" name="test_trends_show_hnw_scale" time="0.057" /></testsuite></testsuites>