<?xml version="1.0" encoding="utf-8"?><testsuites name="pytest tests"><testsuite name="pytest" errors="0" failures="0" skipped="0" tests="21" time="2.856" timestamp="2026-03-25T23:06:06.568757+00:00" hostname="agent-env-82ffc001-5126-4ba3-ab3e-c75a5da6d282"><testcase classname="backend.tests.test_iteration100_platform_integrations.TestPlatformIntegrationsAvailable" name="test_get_available_platforms" time="0.263" /><testcase classname="backend.tests.test_iteration100_platform_integrations.TestPlatformConnect" name="test_connect_amp_north_demo" time="0.117" /><testcase classname="backend.tests.test_iteration100_platform_integrations.TestPlatformConnect" name="test_connect_netwealth_demo" time="0.113" /><testcase classname="backend.tests.test_iteration100_platform_integrations.TestPlatformConnect" name="test_connect_hub24_demo" time="0.136" /><testcase classname="backend.tests.test_iteration100_platform_integrations.TestPlatformConnect" name="test_connect_class_demo" time="0.125" /><testcase classname="backend.tests.test_iteration100_platform_integrations.TestPlatformConnect" name="test_connect_iress_demo" time="0.131" /><testcase classname="backend.tests.test_iteration100_platform_integrations.TestPlatformStatus" name="test_get_connection_status" time="0.141" /><testcase classname="backend.tests.test_iteration100_platform_integrations.TestPlatformClients" name="test_get_amp_north_clients" time="0.165" /><testcase classname="backend.tests.test_iteration100_platform_integrations.TestPlatformClients" name="test_get_class_clients" time="0.112" /><testcase classname="backend.tests.test_iteration100_platform_integrations.TestPlatformClientDetail" name="test_get_client_detail_with_portfolio" time="0.108" /><testcase classname="backend.tests.test_iteration100_platform_integrations.TestPlatformSync" name="test_sync_platform_bidirectional" time="0.111" /><testcase classname="backend.tests.test_iteration100_platform_integrations.TestPlatformWriteBack" name="test_write_file_note" time="0.173" /><testcase classname="backend.tests.test_iteration100_platform_integrations.TestPlatformWriteBack" name="test_write_scenario" time="0.132" /><testcase classname="backend.tests.test_iteration100_platform_integrations.TestSyncLogs" name="test_get_sync_logs" time="0.118" /><testcase classname="backend.tests.test_iteration100_platform_integrations.TestDemoAllClients" name="test_get_all_demo_clients" time="0.106" /><testcase classname="backend.tests.test_iteration100_platform_integrations.TestDemoPortfolioSummary" name="test_get_portfolio_summary" time="0.113" /><testcase classname="backend.tests.test_iteration100_platform_integrations.TestClientProfileStructures" name="test_get_available_structures" time="0.109" /><testcase classname="backend.tests.test_iteration100_platform_integrations.TestMultiStructureCalculation" name="test_multi_structure_accumulation" time="0.104" /><testcase classname="backend.tests.test_iteration100_platform_integrations.TestMultiStructureCalculation" name="test_multi_structure_decumulation" time="0.114" /><testcase classname="backend.tests.test_iteration100_platform_integrations.TestRetirementDataSave" name="test_save_retirement_data" time="0.154" /><testcase classname="backend.tests.test_iteration100_platform_integrations.TestHealthCheck" name="test_health_check" time="0.114" /></testsuite></testsuites>