<?xml version="1.0" encoding="utf-8"?><testsuites name="pytest tests"><testsuite name="pytest" errors="0" failures="0" skipped="0" tests="18" time="5.050" timestamp="2026-03-26T02:21:44.176140+00:00" hostname="agent-env-d2515106-d40c-45d2-b6cc-334fe72c1ef1"><testcase classname="backend.tests.test_iteration103_push_stress.TestPushNotificationStatus" name="test_push_status_endpoint" time="0.231" /><testcase classname="backend.tests.test_iteration103_push_stress.TestUserNotifications" name="test_get_user_notifications" time="0.133" /><testcase classname="backend.tests.test_iteration103_push_stress.TestUserNotifications" name="test_get_notifications_with_filters" time="0.109" /><testcase classname="backend.tests.test_iteration103_push_stress.TestDemoNotifications" name="test_seed_demo_notifications" time="0.115" /><testcase classname="backend.tests.test_iteration103_push_stress.TestDemoNotifications" name="test_verify_seeded_notifications" time="0.133" /><testcase classname="backend.tests.test_iteration103_push_stress.TestNotificationPreferences" name="test_get_default_preferences" time="0.122" /><testcase classname="backend.tests.test_iteration103_push_stress.TestNotificationPreferences" name="test_save_preferences" time="0.155" /><testcase classname="backend.tests.test_iteration103_push_stress.TestNotificationActions" name="test_mark_notification_read" time="0.488" /><testcase classname="backend.tests.test_iteration103_push_stress.TestNotificationActions" name="test_mark_all_read" time="0.117" /><testcase classname="backend.tests.test_iteration103_push_stress.TestSendNotification" name="test_send_test_notification" time="0.139" /><testcase classname="backend.tests.test_iteration103_push_stress.TestSystemMetrics" name="test_get_system_metrics" time="1.134" /><testcase classname="backend.tests.test_iteration103_push_stress.TestSystemMetrics" name="test_get_capacity_estimate" time="1.108" /><testcase classname="backend.tests.test_iteration103_push_stress.TestStressTestHistory" name="test_get_test_history" time="0.305" /><testcase classname="backend.tests.test_iteration103_push_stress.TestStressTestStatus" name="test_get_nonexistent_test_status" time="0.117" /><testcase classname="backend.tests.test_iteration103_push_stress.TestPushLogs" name="test_get_push_logs" time="0.112" /><testcase classname="backend.tests.test_iteration103_push_stress.TestPushSubscriptions" name="test_subscribe_web_push" time="0.104" /><testcase classname="backend.tests.test_iteration103_push_stress.TestPushSubscriptions" name="test_get_user_subscriptions" time="0.171" /><testcase classname="backend.tests.test_iteration103_push_stress.TestPushSubscriptions" name="test_unsubscribe_push" time="0.142" /></testsuite></testsuites>