<?xml version="1.0" encoding="utf-8"?><testsuites name="pytest tests"><testsuite name="pytest" errors="0" failures="0" skipped="0" tests="12" time="1.782" timestamp="2026-03-12T02:18:01.326355+00:00" hostname="agent-env-fe26c091-5e1a-48a8-8cf1-24da81c946fe"><testcase classname="backend.tests.test_phase2_apis.TestFactFindAPI" name="test_save_factfind" time="0.136" /><testcase classname="backend.tests.test_phase2_apis.TestFactFindAPI" name="test_get_factfind" time="0.112" /><testcase classname="backend.tests.test_phase2_apis.TestFactFindAPI" name="test_list_factfinds" time="0.127" /><testcase classname="backend.tests.test_phase2_apis.TestESignatureAPI" name="test_send_signature_request" time="0.161" /><testcase classname="backend.tests.test_phase2_apis.TestESignatureAPI" name="test_get_signature_requests" time="0.112" /><testcase classname="backend.tests.test_phase2_apis.TestESignatureAPI" name="test_sign_document" time="0.227" /><testcase classname="backend.tests.test_phase2_apis.TestESignatureAPI" name="test_get_signature_request_by_id" time="0.234" /><testcase classname="backend.tests.test_phase2_apis.TestMFAAPI" name="test_setup_mfa" time="0.133" /><testcase classname="backend.tests.test_phase2_apis.TestMFAAPI" name="test_get_mfa_status" time="0.108" /><testcase classname="backend.tests.test_phase2_apis.TestMFAAPI" name="test_verify_mfa" time="0.115" /><testcase classname="backend.tests.test_phase2_apis.TestMFAAPI" name="test_disable_mfa" time="0.136" /><testcase classname="backend.tests.test_phase2_apis.TestHealthCheck" name="test_health" time="0.127" /></testsuite></testsuites>