<?xml version="1.0" encoding="utf-8"?><testsuites name="pytest tests"><testsuite name="pytest" errors="0" failures="0" skipped="0" tests="27" time="4.835" timestamp="2026-03-17T00:34:12.531275+00:00" hostname="agent-env-e471c708-ce22-42c4-aa3f-5b7b0e3cd800"><testcase classname="backend.tests.test_iteration52_intelligence_portal.TestHealthCheck" name="test_health_endpoint" time="0.170" /><testcase classname="backend.tests.test_iteration52_intelligence_portal.TestCrossClientIntelligenceEngine" name="test_comprehensive_analysis" time="0.124" /><testcase classname="backend.tests.test_iteration52_intelligence_portal.TestCrossClientIntelligenceEngine" name="test_portfolio_drift_analysis" time="0.119" /><testcase classname="backend.tests.test_iteration52_intelligence_portal.TestCrossClientIntelligenceEngine" name="test_tax_opportunities_analysis" time="0.130" /><testcase classname="backend.tests.test_iteration52_intelligence_portal.TestCrossClientIntelligenceEngine" name="test_engagement_analysis" time="0.128" /><testcase classname="backend.tests.test_iteration52_intelligence_portal.TestCrossClientIntelligenceEngine" name="test_fee_optimization_analysis" time="0.161" /><testcase classname="backend.tests.test_iteration52_intelligence_portal.TestCrossClientIntelligenceEngine" name="test_goals_analysis" time="0.141" /><testcase classname="backend.tests.test_iteration52_intelligence_portal.TestClientPortalAuth" name="test_client_login_success" time="0.118" /><testcase classname="backend.tests.test_iteration52_intelligence_portal.TestClientPortalAuth" name="test_client_login_invalid_credentials" time="0.188" /><testcase classname="backend.tests.test_iteration52_intelligence_portal.TestClientPortalAuth" name="test_client_login_wrong_password" time="0.138" /><testcase classname="backend.tests.test_iteration52_intelligence_portal.TestClientPortalEndpoints" name="test_client_dashboard" time="0.261" /><testcase classname="backend.tests.test_iteration52_intelligence_portal.TestClientPortalEndpoints" name="test_client_portfolio" time="0.266" /><testcase classname="backend.tests.test_iteration52_intelligence_portal.TestClientPortalEndpoints" name="test_client_goals" time="0.281" /><testcase classname="backend.tests.test_iteration52_intelligence_portal.TestClientPortalEndpoints" name="test_client_net_worth" time="0.240" /><testcase classname="backend.tests.test_iteration52_intelligence_portal.TestClientPortalEndpoints" name="test_client_documents" time="0.267" /><testcase classname="backend.tests.test_iteration52_intelligence_portal.TestClientPortalEndpoints" name="test_client_messages" time="0.261" /><testcase classname="backend.tests.test_iteration52_intelligence_portal.TestClientPortalEndpoints" name="test_send_message_to_adviser" time="0.271" /><testcase classname="backend.tests.test_iteration52_intelligence_portal.TestClientPortalEndpoints" name="test_invalid_token" time="0.171" /><testcase classname="backend.tests.test_iteration52_intelligence_portal.TestMeetingAutomation" name="test_generate_meeting_notes" time="0.112" /><testcase classname="backend.tests.test_iteration52_intelligence_portal.TestMeetingAutomation" name="test_generate_follow_up_email" time="0.260" /><testcase classname="backend.tests.test_iteration52_intelligence_portal.TestMeetingAutomation" name="test_list_meetings" time="0.148" /><testcase classname="backend.tests.test_iteration52_intelligence_portal.TestMeetingAutomation" name="test_get_compliance_logs" time="0.148" /><testcase classname="backend.tests.test_iteration52_intelligence_portal.TestMeetingAutomation" name="test_meeting_not_found" time="0.118" /><testcase classname="backend.tests.test_iteration52_intelligence_portal.TestExistingEndpoints" name="test_command_center_daily_digest" time="0.120" /><testcase classname="backend.tests.test_iteration52_intelligence_portal.TestExistingEndpoints" name="test_holdings_portfolio" time="0.118" /><testcase classname="backend.tests.test_iteration52_intelligence_portal.TestExistingEndpoints" name="test_wealth_overview" time="0.143" /><testcase classname="backend.tests.test_iteration52_intelligence_portal.TestExistingEndpoints" name="test_compliance_dashboard" time="0.114" /></testsuite></testsuites>