<?xml version="1.0" encoding="utf-8"?><testsuites name="pytest tests"><testsuite name="pytest" errors="0" failures="0" skipped="0" tests="29" time="4.860" timestamp="2026-03-24T09:27:48.339449+00:00" hostname="agent-env-d800d15c-c5ff-4ce7-9dfa-7ae77dcfc5fd"><testcase classname="backend.tests.test_iteration98_enterprise_features.TestReplayAdvice" name="test_get_sessions_list" time="0.221" /><testcase classname="backend.tests.test_iteration98_enterprise_features.TestReplayAdvice" name="test_create_demo_session" time="0.112" /><testcase classname="backend.tests.test_iteration98_enterprise_features.TestReplayAdvice" name="test_get_session_details" time="0.220" /><testcase classname="backend.tests.test_iteration98_enterprise_features.TestReplayAdvice" name="test_get_session_timeline" time="0.221" /><testcase classname="backend.tests.test_iteration98_enterprise_features.TestReplayAdvice" name="test_export_session_json" time="0.221" /><testcase classname="backend.tests.test_iteration98_enterprise_features.TestReplayAdvice" name="test_dashboard_stats" time="0.123" /><testcase classname="backend.tests.test_iteration98_enterprise_features.TestReplayAdvice" name="test_start_new_session" time="0.128" /><testcase classname="backend.tests.test_iteration98_enterprise_features.TestReplayAdvice" name="test_session_not_found" time="0.094" /><testcase classname="backend.tests.test_iteration98_enterprise_features.TestCostReduction" name="test_get_dashboard" time="0.098" /><testcase classname="backend.tests.test_iteration98_enterprise_features.TestCostReduction" name="test_roi_calculator" time="0.096" /><testcase classname="backend.tests.test_iteration98_enterprise_features.TestCostReduction" name="test_live_metrics" time="0.104" /><testcase classname="backend.tests.test_iteration98_enterprise_features.TestCostReduction" name="test_seed_demo_data" time="0.103" /><testcase classname="backend.tests.test_iteration98_enterprise_features.TestCostReduction" name="test_log_efficiency_event" time="0.102" /><testcase classname="backend.tests.test_iteration98_enterprise_features.TestRiskControlMapping" name="test_get_risks" time="1.148" /><testcase classname="backend.tests.test_iteration98_enterprise_features.TestRiskControlMapping" name="test_get_controls" time="0.101" /><testcase classname="backend.tests.test_iteration98_enterprise_features.TestRiskControlMapping" name="test_get_mapping_matrix" time="0.106" /><testcase classname="backend.tests.test_iteration98_enterprise_features.TestRiskControlMapping" name="test_get_grc_dashboard" time="0.103" /><testcase classname="backend.tests.test_iteration98_enterprise_features.TestRiskControlMapping" name="test_seed_demo_data" time="0.108" /><testcase classname="backend.tests.test_iteration98_enterprise_features.TestRiskControlMapping" name="test_create_risk" time="0.096" /><testcase classname="backend.tests.test_iteration98_enterprise_features.TestRiskControlMapping" name="test_create_control" time="0.103" /><testcase classname="backend.tests.test_iteration98_enterprise_features.TestBreachRegister" name="test_get_breach_register" time="0.102" /><testcase classname="backend.tests.test_iteration98_enterprise_features.TestBreachRegister" name="test_get_breach_dashboard" time="0.104" /><testcase classname="backend.tests.test_iteration98_enterprise_features.TestBreachRegister" name="test_seed_demo_breaches" time="0.106" /><testcase classname="backend.tests.test_iteration98_enterprise_features.TestBreachRegister" name="test_register_breach" time="0.120" /><testcase classname="backend.tests.test_iteration98_enterprise_features.TestBreachRegister" name="test_get_breach_details" time="0.201" /><testcase classname="backend.tests.test_iteration98_enterprise_features.TestBreachRegister" name="test_update_breach" time="0.218" /><testcase classname="backend.tests.test_iteration98_enterprise_features.TestBreachRegister" name="test_regulatory_report" time="0.100" /><testcase classname="backend.tests.test_iteration98_enterprise_features.TestBreachRegister" name="test_breach_not_found" time="0.094" /><testcase classname="backend.tests.test_iteration98_enterprise_features.TestHealthCheck" name="test_health_check" time="0.098" /></testsuite></testsuites>