<?xml version="1.0" encoding="utf-8"?><testsuites name="pytest tests"><testsuite name="pytest" errors="0" failures="0" skipped="0" tests="23" time="3.791" timestamp="2026-03-18T23:33:25.551994+00:00" hostname="agent-env-83f3eab6-29de-45ae-aff5-779207ebd98b"><testcase classname="backend.tests.test_iteration85_wealth_improvements.TestClientPortalPortfolios" name="test_portfolios_endpoint_returns_data" time="0.332" /><testcase classname="backend.tests.test_iteration85_wealth_improvements.TestClientPortalPortfolios" name="test_portfolios_include_stocks" time="0.178" /><testcase classname="backend.tests.test_iteration85_wealth_improvements.TestClientPortalPortfolios" name="test_portfolios_include_etfs" time="0.155" /><testcase classname="backend.tests.test_iteration85_wealth_improvements.TestClientPortalPortfolios" name="test_portfolios_include_funds" time="0.161" /><testcase classname="backend.tests.test_iteration85_wealth_improvements.TestClientPortalPortfolios" name="test_portfolios_include_bonds" time="0.150" /><testcase classname="backend.tests.test_iteration85_wealth_improvements.TestClientPortalPortfolios" name="test_portfolios_include_hybrids" time="0.117" /><testcase classname="backend.tests.test_iteration85_wealth_improvements.TestClientPortalPortfolios" name="test_portfolios_include_crypto" time="0.130" /><testcase classname="backend.tests.test_iteration85_wealth_improvements.TestClientPortalPortfolios" name="test_portfolios_include_cash" time="0.177" /><testcase classname="backend.tests.test_iteration85_wealth_improvements.TestClientPortalNetWorth" name="test_net_worth_endpoint_returns_data" time="0.116" /><testcase classname="backend.tests.test_iteration85_wealth_improvements.TestClientPortalNetWorth" name="test_net_worth_includes_stocks" time="0.157" /><testcase classname="backend.tests.test_iteration85_wealth_improvements.TestClientPortalNetWorth" name="test_net_worth_includes_etfs" time="0.245" /><testcase classname="backend.tests.test_iteration85_wealth_improvements.TestClientPortalNetWorth" name="test_net_worth_includes_managed_funds" time="0.124" /><testcase classname="backend.tests.test_iteration85_wealth_improvements.TestClientPortalNetWorth" name="test_net_worth_includes_bonds" time="0.184" /><testcase classname="backend.tests.test_iteration85_wealth_improvements.TestClientPortalNetWorth" name="test_net_worth_includes_hybrids" time="0.157" /><testcase classname="backend.tests.test_iteration85_wealth_improvements.TestClientPortalNetWorth" name="test_net_worth_includes_crypto" time="0.171" /><testcase classname="backend.tests.test_iteration85_wealth_improvements.TestClientPortalNetWorth" name="test_net_worth_includes_cash" time="0.160" /><testcase classname="backend.tests.test_iteration85_wealth_improvements.TestKnowledgeGraphEndpoints" name="test_graph_overview_endpoint" time="0.178" /><testcase classname="backend.tests.test_iteration85_wealth_improvements.TestKnowledgeGraphEndpoints" name="test_graph_insights_endpoint" time="0.104" /><testcase classname="backend.tests.test_iteration85_wealth_improvements.TestKnowledgeGraphEndpoints" name="test_graph_actions_endpoint" time="0.182" /><testcase classname="backend.tests.test_iteration85_wealth_improvements.TestTransactionModelingEndpoints" name="test_property_modeling_endpoint" time="0.109" /><testcase classname="backend.tests.test_iteration85_wealth_improvements.TestTransactionModelingEndpoints" name="test_fund_modeling_endpoint" time="0.165" /><testcase classname="backend.tests.test_iteration85_wealth_improvements.TestTransactionModelingEndpoints" name="test_stock_modeling_endpoint" time="0.157" /><testcase classname="backend.tests.test_iteration85_wealth_improvements.TestHealthEndpoints" name="test_health_endpoint" time="0.115" /></testsuite></testsuites>