<?xml version="1.0" encoding="utf-8"?><testsuites name="pytest tests"><testsuite name="pytest" errors="0" failures="0" skipped="0" tests="13" time="23.983" timestamp="2026-03-31T21:37:32.715164+00:00" hostname="agent-env-7ee8e88b-3ba4-4175-bf8a-b4b2a4ddeed1"><testcase classname="backend.tests.test_iteration131_features.TestHealthAndBasicAPIs" name="test_health_endpoint" time="0.231" /><testcase classname="backend.tests.test_iteration131_features.TestKnowledgeGraphAPIs" name="test_graph_overview" time="0.112" /><testcase classname="backend.tests.test_iteration131_features.TestKnowledgeGraphAPIs" name="test_graph_insights" time="0.135" /><testcase classname="backend.tests.test_iteration131_features.TestAdvisorCommandCenterAPIs" name="test_command_center_daily_digest" time="0.144" /><testcase classname="backend.tests.test_iteration131_features.TestAdvisorCommandCenterAPIs" name="test_monitoring_daily_scan" time="0.121" /><testcase classname="backend.tests.test_iteration131_features.TestAdvisorCommandCenterAPIs" name="test_practice_health_dashboard" time="0.100" /><testcase classname="backend.tests.test_iteration131_features.TestAdvisorCommandCenterAPIs" name="test_next_action_today" time="0.114" /><testcase classname="backend.tests.test_iteration131_features.TestVoiceCommandClientPack" name="test_voice_command_client_pack_intent" time="22.227" /><testcase classname="backend.tests.test_iteration131_features.TestPDFReportClientPack" name="test_pdf_generation_client_pack" time="0.171" /><testcase classname="backend.tests.test_iteration131_features.TestRouteRedirects" name="test_next_actions_route_accessible" time="0.116" /><testcase classname="backend.tests.test_iteration131_features.TestRouteRedirects" name="test_next_best_actions_route_accessible" time="0.199" /><testcase classname="backend.tests.test_iteration131_features.TestRouteRedirects" name="test_knowledge_graph_route_accessible" time="0.112" /><testcase classname="backend.tests.test_iteration131_features.TestRouteRedirects" name="test_advisor_command_center_route_accessible" time="0.124" /></testsuite></testsuites>