<?xml version="1.0" encoding="utf-8"?><testsuites name="pytest tests"><testsuite name="pytest" errors="0" failures="0" skipped="0" tests="21" time="29.550" timestamp="2026-03-31T22:06:44.940053+00:00" hostname="agent-env-7ee8e88b-3ba4-4175-bf8a-b4b2a4ddeed1"><testcase classname="tests.test_iteration132_features.TestHealthAndBasics" name="test_health_endpoint" time="0.158" /><testcase classname="tests.test_iteration132_features.TestClientPackScheduler" name="test_create_schedule" time="0.109" /><testcase classname="tests.test_iteration132_features.TestClientPackScheduler" name="test_list_schedules" time="0.118" /><testcase classname="tests.test_iteration132_features.TestClientPackScheduler" name="test_generate_pack" time="0.247" /><testcase classname="tests.test_iteration132_features.TestClientPackScheduler" name="test_list_generated_packs" time="0.110" /><testcase classname="tests.test_iteration132_features.TestClientPackScheduler" name="test_generate_all_batch" time="0.143" /><testcase classname="tests.test_iteration132_features.TestClientPackScheduler" name="test_delete_schedule" time="0.223" /><testcase classname="tests.test_iteration132_features.TestClientPackPDF" name="test_generate_client_pack_pdf" time="0.254" /><testcase classname="tests.test_iteration132_features.TestCryptoAPI" name="test_crypto_prices" time="0.218" /><testcase classname="tests.test_iteration132_features.TestCryptoAPI" name="test_crypto_assets" time="0.102" /><testcase classname="tests.test_iteration132_features.TestMacroDashboard" name="test_macro_overview" time="0.105" /><testcase classname="tests.test_iteration132_features.TestKnowledgeGraphAPIs" name="test_graph_overview" time="0.102" /><testcase classname="tests.test_iteration132_features.TestKnowledgeGraphAPIs" name="test_graph_insights" time="0.100" /><testcase classname="tests.test_iteration132_features.TestAdvisorCommandCenterAPIs" name="test_command_center_daily_digest" time="0.110" /><testcase classname="tests.test_iteration132_features.TestAdvisorCommandCenterAPIs" name="test_monitoring_daily_scan" time="0.149" /><testcase classname="tests.test_iteration132_features.TestAdvisorCommandCenterAPIs" name="test_practice_health_dashboard" time="0.122" /><testcase classname="tests.test_iteration132_features.TestAdvisorCommandCenterAPIs" name="test_next_action_today" time="0.098" /><testcase classname="tests.test_iteration132_features.TestAdvisorCommandCenterAPIs" name="test_intelligence_tax_opportunities" time="0.107" /><testcase classname="tests.test_iteration132_features.TestAdvisorCommandCenterAPIs" name="test_intelligence_comprehensive_analysis" time="0.103" /><testcase classname="tests.test_iteration132_features.TestVoiceCommandClientPack" name="test_voice_command_client_pack_intent" time="26.671" /><testcase classname="tests.test_iteration132_features.TestRouteRedirects" name="test_routes_exist" time="0.136" /></testsuite></testsuites>