<?xml version="1.0" encoding="utf-8"?><testsuites name="pytest tests"><testsuite name="pytest" errors="0" failures="0" skipped="0" tests="32" time="11.068" timestamp="2026-03-24T02:40:29.460105+00:00" hostname="agent-env-60d53404-3adf-4503-8305-231844f85c2f"><testcase classname="backend.tests.test_iteration94_v8_features.TestHealthCheck" name="test_health_check_version" time="0.263" /><testcase classname="backend.tests.test_iteration94_v8_features.TestHealthCheck" name="test_health_check_adviceos_features" time="0.120" /><testcase classname="backend.tests.test_iteration94_v8_features.TestKnowledgeGraphMongoDB" name="test_get_client_graph" time="0.111" /><testcase classname="backend.tests.test_iteration94_v8_features.TestKnowledgeGraphMongoDB" name="test_get_client_entities" time="0.115" /><testcase classname="backend.tests.test_iteration94_v8_features.TestKnowledgeGraphMongoDB" name="test_get_client_cash_flow" time="0.132" /><testcase classname="backend.tests.test_iteration94_v8_features.TestKnowledgeGraphMongoDB" name="test_save_client_graph" time="0.211" /><testcase classname="backend.tests.test_iteration94_v8_features.TestHybridPrices" name="test_get_hybrid_prices" time="3.237" /><testcase classname="backend.tests.test_iteration94_v8_features.TestHybridPrices" name="test_get_all_hybrid_prices" time="3.004" /><testcase classname="backend.tests.test_iteration94_v8_features.TestHybridPrices" name="test_hybrid_portfolio_value" time="0.124" /><testcase classname="backend.tests.test_iteration94_v8_features.TestHybridPrices" name="test_hybrid_info" time="0.404" /><testcase classname="backend.tests.test_iteration94_v8_features.TestHybridPrices" name="test_hybrid_market_summary" time="0.113" /><testcase classname="backend.tests.test_iteration94_v8_features.TestPDFReports" name="test_compliance_summary_pdf" time="0.128" /><testcase classname="backend.tests.test_iteration94_v8_features.TestPDFReports" name="test_audit_trail_pdf" time="0.115" /><testcase classname="backend.tests.test_iteration94_v8_features.TestPDFReports" name="test_breach_report_pdf" time="0.110" /><testcase classname="backend.tests.test_iteration94_v8_features.TestVoiceInterface" name="test_voice_status" time="0.117" /><testcase classname="backend.tests.test_iteration94_v8_features.TestVoiceInterface" name="test_voice_command_parsing" time="0.110" /><testcase classname="backend.tests.test_iteration94_v8_features.TestVoiceInterface" name="test_voice_command_compliance_check" time="0.135" /><testcase classname="backend.tests.test_iteration94_v8_features.TestVoiceInterface" name="test_voice_command_help" time="0.117" /><testcase classname="backend.tests.test_iteration94_v8_features.TestVoiceInterface" name="test_supported_commands" time="0.122" /><testcase classname="backend.tests.test_iteration94_v8_features.TestNotificationService" name="test_notification_status" time="0.112" /><testcase classname="backend.tests.test_iteration94_v8_features.TestNotificationService" name="test_get_notification_settings" time="0.113" /><testcase classname="backend.tests.test_iteration94_v8_features.TestNotificationService" name="test_save_notification_settings" time="0.281" /><testcase classname="backend.tests.test_iteration94_v8_features.TestNotificationService" name="test_notification_logs" time="0.106" /><testcase classname="backend.tests.test_iteration94_v8_features.TestLicenseeDashboard" name="test_create_licensee" time="0.143" /><testcase classname="backend.tests.test_iteration94_v8_features.TestLicenseeDashboard" name="test_list_all_licensees" time="0.101" /><testcase classname="backend.tests.test_iteration94_v8_features.TestLicenseeDashboard" name="test_get_licensee_dashboard" time="0.212" /><testcase classname="backend.tests.test_iteration94_v8_features.TestLicenseeDashboard" name="test_add_adviser_to_licensee" time="0.225" /><testcase classname="backend.tests.test_iteration94_v8_features.TestLicenseeDashboard" name="test_add_apl_product" time="0.227" /><testcase classname="backend.tests.test_iteration94_v8_features.TestLicenseeDashboard" name="test_get_compliance_rules" time="0.213" /><testcase classname="backend.tests.test_iteration94_v8_features.TestLicenseeDashboard" name="test_add_custom_compliance_rule" time="0.224" /><testcase classname="backend.tests.test_iteration94_v8_features.TestWebsocketsCompatibility" name="test_alpaca_trading_endpoint" time="0.110" /><testcase classname="backend.tests.test_iteration94_v8_features.TestWebsocketsCompatibility" name="test_realtime_data_endpoint" time="0.096" /></testsuite></testsuites>