<?xml version="1.0" encoding="utf-8"?><testsuites name="pytest tests"><testsuite name="pytest" errors="0" failures="0" skipped="0" tests="10" time="204.296" timestamp="2026-03-31T06:37:42.939295+00:00" hostname="agent-env-7f829ae8-3146-43d9-949c-39107c070c1a"><testcase classname="backend.tests.test_iteration129_voice_command.TestHealthEndpoint" name="test_health_returns_200" time="0.238" /><testcase classname="backend.tests.test_iteration129_voice_command.TestVoiceCommandProcess" name="test_voice_command_endpoint_exists" time="4.094" /><testcase classname="backend.tests.test_iteration129_voice_command.TestVoiceCommandProcess" name="test_voice_command_retirement_query" time="20.385" /><testcase classname="backend.tests.test_iteration129_voice_command.TestVoiceCommandProcess" name="test_voice_command_buffett_analysis" time="21.126" /><testcase classname="backend.tests.test_iteration129_voice_command.TestVoiceCommandProcess" name="test_voice_command_investment_comparison" time="25.850" /><testcase classname="backend.tests.test_iteration129_voice_command.TestVoiceCommandProcess" name="test_voice_command_cgt_calculation" time="9.856" /><testcase classname="backend.tests.test_iteration129_voice_command.TestVoiceCommandProcess" name="test_voice_command_compliance_check" time="30.741" /><testcase classname="backend.tests.test_iteration129_voice_command.TestVoiceCommandProcess" name="test_voice_command_soa_draft" time="54.710" /><testcase classname="backend.tests.test_iteration129_voice_command.TestVoiceCommandProcess" name="test_voice_command_session_persistence" time="37.053" /><testcase classname="backend.tests.test_iteration129_voice_command.TestVoiceCommandTranscribe" name="test_transcribe_endpoint_exists" time="0.170" /></testsuite></testsuites>