<?xml version="1.0" encoding="utf-8"?><testsuites name="pytest tests"><testsuite name="pytest" errors="0" failures="0" skipped="0" tests="18" time="2.314" timestamp="2026-03-15T11:16:17.373109+00:00" hostname="agent-env-01af79b0-c4bd-4743-8149-fbb7da004ad1"><testcase classname="backend.tests.test_new_features_iteration43.TestDocumentVault" name="test_get_documents" time="0.138" /><testcase classname="backend.tests.test_new_features_iteration43.TestDocumentVault" name="test_search_documents" time="0.119" /><testcase classname="backend.tests.test_new_features_iteration43.TestDocumentVault" name="test_upload_document" time="0.100" /><testcase classname="backend.tests.test_new_features_iteration43.TestAIDocumentAnalysis" name="test_analyze_document" time="0.098" /><testcase classname="backend.tests.test_new_features_iteration43.TestAIDocumentAnalysis" name="test_analyze_insurance_document" time="0.105" /><testcase classname="backend.tests.test_new_features_iteration43.TestAIDocumentAnalysis" name="test_document_portfolio_insights" time="0.099" /><testcase classname="backend.tests.test_new_features_iteration43.TestConnectedAccounts" name="test_get_aggregated_accounts" time="0.093" /><testcase classname="backend.tests.test_new_features_iteration43.TestConnectedAccounts" name="test_get_account_transactions" time="0.200" /><testcase classname="backend.tests.test_new_features_iteration43.TestConnectedAccounts" name="test_sync_accounts" time="0.103" /><testcase classname="backend.tests.test_new_features_iteration43.TestConnectedAccounts" name="test_get_cashflow_analysis" time="0.101" /><testcase classname="backend.tests.test_new_features_iteration43.TestConnectedAccounts" name="test_get_available_institutions" time="0.109" /><testcase classname="backend.tests.test_new_features_iteration43.TestConnectedAccounts" name="test_connect_account" time="0.097" /><testcase classname="backend.tests.test_new_features_iteration43.TestPDFExport" name="test_export_financial_plan_pdf" time="0.107" /><testcase classname="backend.tests.test_new_features_iteration43.TestAICopilot" name="test_copilot_chat" time="0.112" /><testcase classname="backend.tests.test_new_features_iteration43.TestAICopilot" name="test_copilot_suggestions" time="0.114" /><testcase classname="backend.tests.test_new_features_iteration43.TestAICopilot" name="test_copilot_conversation_flow" time="0.315" /><testcase classname="backend.tests.test_new_features_iteration43.TestFinancialPlanGenerator" name="test_generate_financial_plan" time="0.104" /><testcase classname="backend.tests.test_new_features_iteration43.TestHealthCheck" name="test_health_endpoint" time="0.131" /></testsuite></testsuites>