<?xml version="1.0" encoding="utf-8"?><testsuites name="pytest tests"><testsuite name="pytest" errors="0" failures="1" skipped="0" tests="19" time="3.851" timestamp="2026-03-17T03:38:45.450034+00:00" hostname="agent-env-f844ad25-f78e-4b0a-b378-02ff82f6a4b2"><testcase classname="backend.tests.test_iteration55_advisor_command_center.TestHealthCheck" name="test_health_endpoint" time="0.274" /><testcase classname="backend.tests.test_iteration55_advisor_command_center.TestCommandCenterAPIs" name="test_daily_digest" time="0.158" /><testcase classname="backend.tests.test_iteration55_advisor_command_center.TestCommandCenterAPIs" name="test_alerts_endpoint" time="0.161" /><testcase classname="backend.tests.test_iteration55_advisor_command_center.TestCommandCenterAPIs" name="test_metrics_endpoint" time="0.148" /><testcase classname="backend.tests.test_iteration55_advisor_command_center.TestCommandCenterAPIs" name="test_schedule_endpoint" time="0.171" /><testcase classname="backend.tests.test_iteration55_advisor_command_center.TestMonitoringAPIs" name="test_daily_scan" time="0.134" /><testcase classname="backend.tests.test_iteration55_advisor_command_center.TestMonitoringAPIs" name="test_book_insights" time="0.158" /><testcase classname="backend.tests.test_iteration55_advisor_command_center.TestMonitoringAPIs" name="test_alerts_summary" time="0.162"><failure message="AssertionError: assert 'by_severity' in {'alerts': [{'amount': 220000, 'client_id': 'client_2', 'client_name': 'Chen Investment Trust', 'excess': 188555.0, ...}, {'client_id': 'client_3', 'client_name': 'Thompson SMSF', 'details': {'Cash': {'action': 'reduce', 'current': 42, 'drift': 22, 'target': 20}, 'Equities': {'action': 'increase', 'current': 22, 'drift': -3, 'target': 25}, 'Fixed Income': {'action': 'increase', 'current': 28, 'drift': -17, 'target': 45}, 'Property': {'action': 'increase', 'current': 8, 'drift': -2, 'target': 10}}, 'max_drift': 22, ...}, {'amount': 320000, 'client_id': 'client_3', 'client_name': 'Thompson SMSF', 'excess': 247240.0, ...}, {'amount': 450000, 'client_id': 'client_4', 'client_name': 'Patel Holdings', 'excess': 362500.0, ...}, {'client_id': 'client_4', 'client_name': 'Patel Holdings', 'cost_basis': 85000, 'current_value': 52000, ...}, {'client_id': 'client_5', 'client_name': 'Garcia Family', 'details': {'Cash': {'action': 'reduce', 'current': 23, 'drift': 18, 'target': 5}, 'Equities': {'action': 'increase', 'current': 35, 'drift': -15, 'target': 50}, 'Fixed Income': {'action': 'increase', 'current': 18, 'drift': -7, 'target': 25}, 'Property': {'action': 'reduce', 'current': 24, 'drift': 4, 'target': 20}}, 'max_drift': 18, ...}, ...], 'generated_at': '2026-03-17T03:38:46.882425+00:00', 'high_priority': 6, 'total_alerts': 14}">backend/tests/test_iteration55_advisor_command_center.py:162: in test_alerts_summary
    assert "by_severity" in data
E   AssertionError: assert 'by_severity' in {'alerts': [{'amount': 220000, 'client_id': 'client_2', 'client_name': 'Chen Investment Trust', 'excess': 188555.0, ...}, {'client_id': 'client_3', 'client_name': 'Thompson SMSF', 'details': {'Cash': {'action': 'reduce', 'current': 42, 'drift': 22, 'target': 20}, 'Equities': {'action': 'increase', 'current': 22, 'drift': -3, 'target': 25}, 'Fixed Income': {'action': 'increase', 'current': 28, 'drift': -17, 'target': 45}, 'Property': {'action': 'increase', 'current': 8, 'drift': -2, 'target': 10}}, 'max_drift': 22, ...}, {'amount': 320000, 'client_id': 'client_3', 'client_name': 'Thompson SMSF', 'excess': 247240.0, ...}, {'amount': 450000, 'client_id': 'client_4', 'client_name': 'Patel Holdings', 'excess': 362500.0, ...}, {'client_id': 'client_4', 'client_name': 'Patel Holdings', 'cost_basis': 85000, 'current_value': 52000, ...}, {'client_id': 'client_5', 'client_name': 'Garcia Family', 'details': {'Cash': {'action': 'reduce', 'current': 23, 'drift': 18, 'target': 5}, 'Equities': {'action': 'increase', 'current': 35, 'drift': -15, 'target': 50}, 'Fixed Income': {'action': 'increase', 'current': 18, 'drift': -7, 'target': 25}, 'Property': {'action': 'reduce', 'current': 24, 'drift': 4, 'target': 20}}, 'max_drift': 18, ...}, ...], 'generated_at': '2026-03-17T03:38:46.882425+00:00', 'high_priority': 6, 'total_alerts': 14}</failure></testcase><testcase classname="backend.tests.test_iteration55_advisor_command_center.TestIntelligenceAPIs" name="test_tax_opportunities" time="0.174" /><testcase classname="backend.tests.test_iteration55_advisor_command_center.TestIntelligenceAPIs" name="test_comprehensive_analysis" time="0.160" /><testcase classname="backend.tests.test_iteration55_advisor_command_center.TestIntelligenceAPIs" name="test_portfolio_drift" time="0.126" /><testcase classname="backend.tests.test_iteration55_advisor_command_center.TestIntelligenceAPIs" name="test_engagement" time="0.134" /><testcase classname="backend.tests.test_iteration55_advisor_command_center.TestIntelligenceAPIs" name="test_fee_optimization" time="0.130" /><testcase classname="backend.tests.test_iteration55_advisor_command_center.TestIntelligenceAPIs" name="test_goals_analysis" time="0.150" /><testcase classname="backend.tests.test_iteration55_advisor_command_center.TestMeetingPrepAPIs" name="test_generate_meeting_prep" time="0.135" /><testcase classname="backend.tests.test_iteration55_advisor_command_center.TestMeetingPrepAPIs" name="test_generate_meeting_prep_different_client" time="0.126" /><testcase classname="backend.tests.test_iteration55_advisor_command_center.TestCopilotAPIs" name="test_copilot_query" time="0.139" /><testcase classname="backend.tests.test_iteration55_advisor_command_center.TestMarketDataAPIs" name="test_market_overview" time="0.137" /><testcase classname="backend.tests.test_iteration55_advisor_command_center.TestZoneDataIntegration" name="test_all_zones_have_data" time="0.948" /></testsuite></testsuites>