<?xml version="1.0" encoding="utf-8"?><testsuites name="pytest tests"><testsuite name="pytest" errors="0" failures="0" skipped="0" tests="14" time="2.421" timestamp="2026-03-29T11:32:27.108301+00:00" hostname="agent-env-cba67acd-e2bb-4430-868c-2b6462bd8856"><testcase classname="backend.tests.test_iteration117_market_profile_pension.TestHealthCheck" name="test_health_endpoint" time="0.200" /><testcase classname="backend.tests.test_iteration117_market_profile_pension.TestMarketDataAPI" name="test_get_market_indicators" time="0.320" /><testcase classname="backend.tests.test_iteration117_market_profile_pension.TestMarketDataAPI" name="test_market_indicators_have_asx_data" time="0.102" /><testcase classname="backend.tests.test_iteration117_market_profile_pension.TestMarketDataAPI" name="test_single_indicator_endpoint" time="0.213" /><testcase classname="backend.tests.test_iteration117_market_profile_pension.TestUserProfileAPI" name="test_get_default_profile" time="0.134" /><testcase classname="backend.tests.test_iteration117_market_profile_pension.TestUserProfileAPI" name="test_get_profile_summary" time="0.102" /><testcase classname="backend.tests.test_iteration117_market_profile_pension.TestUserProfileAPI" name="test_update_profile" time="0.226" /><testcase classname="backend.tests.test_iteration117_market_profile_pension.TestUserProfileAPI" name="test_profile_not_found" time="0.105" /><testcase classname="backend.tests.test_iteration117_market_profile_pension.TestAgePensionAPI" name="test_get_pension_rates" time="0.113" /><testcase classname="backend.tests.test_iteration117_market_profile_pension.TestAgePensionAPI" name="test_calculate_pension_single_eligible" time="0.116" /><testcase classname="backend.tests.test_iteration117_market_profile_pension.TestAgePensionAPI" name="test_calculate_pension_couple" time="0.102" /><testcase classname="backend.tests.test_iteration117_market_profile_pension.TestAgePensionAPI" name="test_calculate_pension_not_eligible_age" time="0.096" /><testcase classname="backend.tests.test_iteration117_market_profile_pension.TestAgePensionAPI" name="test_calculate_pension_high_assets" time="0.106" /><testcase classname="backend.tests.test_iteration117_market_profile_pension.TestHybridEngineAPI" name="test_hybrid_engine_calculate" time="0.404" /></testsuite></testsuites>