<?xml version="1.0" encoding="utf-8"?><testsuites name="pytest tests"><testsuite name="pytest" errors="0" failures="0" skipped="0" tests="35" time="5.708" timestamp="2026-03-17T02:14:00.510643+00:00" hostname="agent-env-f844ad25-f78e-4b0a-b378-02ff82f6a4b2"><testcase classname="backend.tests.test_iteration54_notifications_aggregators.TestHealthCheck" name="test_health_endpoint" time="0.280" /><testcase classname="backend.tests.test_iteration54_notifications_aggregators.TestNotificationDemo" name="test_get_demo_notifications" time="0.155" /><testcase classname="backend.tests.test_iteration54_notifications_aggregators.TestNotificationDemo" name="test_get_notification_summary" time="0.167" /><testcase classname="backend.tests.test_iteration54_notifications_aggregators.TestNotificationDemo" name="test_simulate_notification_delivery" time="0.201" /><testcase classname="backend.tests.test_iteration54_notifications_aggregators.TestNotificationDemo" name="test_get_email_preview" time="0.154" /><testcase classname="backend.tests.test_iteration54_notifications_aggregators.TestNotificationDemo" name="test_email_preview_not_found" time="0.137" /><testcase classname="backend.tests.test_iteration54_notifications_aggregators.TestDataAggregators" name="test_get_aggregator_options" time="0.190" /><testcase classname="backend.tests.test_iteration54_notifications_aggregators.TestDataAggregators" name="test_get_aggregator_details" time="0.142" /><testcase classname="backend.tests.test_iteration54_notifications_aggregators.TestDataAggregators" name="test_get_aggregator_not_found" time="0.131" /><testcase classname="backend.tests.test_iteration54_notifications_aggregators.TestDataAggregators" name="test_get_recommendation_wealth_management" time="0.165" /><testcase classname="backend.tests.test_iteration54_notifications_aggregators.TestDataAggregators" name="test_get_recommendation_financial_planning" time="0.173" /><testcase classname="backend.tests.test_iteration54_notifications_aggregators.TestDataAggregators" name="test_get_cdr_requirements" time="0.126" /><testcase classname="backend.tests.test_iteration54_notifications_aggregators.TestDataAggregators" name="test_get_implementation_roadmap" time="0.167" /><testcase classname="backend.tests.test_iteration54_notifications_aggregators.TestDocumentGeneration" name="test_get_soa_template" time="0.172" /><testcase classname="backend.tests.test_iteration54_notifications_aggregators.TestDocumentGeneration" name="test_generate_compliance_checklist" time="0.175" /><testcase classname="backend.tests.test_iteration54_notifications_aggregators.TestNotificationSimulationTypes" name="test_simulate_all_notification_types[portfolio_drift]" time="0.250" /><testcase classname="backend.tests.test_iteration54_notifications_aggregators.TestNotificationSimulationTypes" name="test_simulate_all_notification_types[tax_opportunity]" time="0.243" /><testcase classname="backend.tests.test_iteration54_notifications_aggregators.TestNotificationSimulationTypes" name="test_simulate_all_notification_types[compliance_due]" time="0.130" /><testcase classname="backend.tests.test_iteration54_notifications_aggregators.TestNotificationSimulationTypes" name="test_simulate_all_notification_types[idle_cash]" time="0.128" /><testcase classname="backend.tests.test_iteration54_notifications_aggregators.TestNotificationSimulationTypes" name="test_simulate_all_notification_types[retirement_risk]" time="0.137" /><testcase classname="backend.tests.test_iteration54_notifications_aggregators.TestNotificationSimulationTypes" name="test_simulate_all_notification_types[meeting_reminder]" time="0.130" /><testcase classname="backend.tests.test_iteration54_notifications_aggregators.TestNotificationSimulationTypes" name="test_simulate_all_notification_types[market_event]" time="0.147" /><testcase classname="backend.tests.test_iteration54_notifications_aggregators.TestNotificationSimulationTypes" name="test_simulate_all_notification_types[client_login]" time="0.154" /><testcase classname="backend.tests.test_iteration54_notifications_aggregators.TestEmailPreviewAllNotifications" name="test_email_preview_all_notifications[demo_notif_001]" time="0.137" /><testcase classname="backend.tests.test_iteration54_notifications_aggregators.TestEmailPreviewAllNotifications" name="test_email_preview_all_notifications[demo_notif_002]" time="0.142" /><testcase classname="backend.tests.test_iteration54_notifications_aggregators.TestEmailPreviewAllNotifications" name="test_email_preview_all_notifications[demo_notif_003]" time="0.145" /><testcase classname="backend.tests.test_iteration54_notifications_aggregators.TestEmailPreviewAllNotifications" name="test_email_preview_all_notifications[demo_notif_004]" time="0.148" /><testcase classname="backend.tests.test_iteration54_notifications_aggregators.TestEmailPreviewAllNotifications" name="test_email_preview_all_notifications[demo_notif_005]" time="0.143" /><testcase classname="backend.tests.test_iteration54_notifications_aggregators.TestEmailPreviewAllNotifications" name="test_email_preview_all_notifications[demo_notif_006]" time="0.149" /><testcase classname="backend.tests.test_iteration54_notifications_aggregators.TestEmailPreviewAllNotifications" name="test_email_preview_all_notifications[demo_notif_007]" time="0.125" /><testcase classname="backend.tests.test_iteration54_notifications_aggregators.TestEmailPreviewAllNotifications" name="test_email_preview_all_notifications[demo_notif_008]" time="0.144" /><testcase classname="backend.tests.test_iteration54_notifications_aggregators.TestAggregatorRecommendationUseCases" name="test_recommendation_use_cases[wealth_management-yodlee]" time="0.162" /><testcase classname="backend.tests.test_iteration54_notifications_aggregators.TestAggregatorRecommendationUseCases" name="test_recommendation_use_cases[financial_planning-basiq]" time="0.147" /><testcase classname="backend.tests.test_iteration54_notifications_aggregators.TestAggregatorRecommendationUseCases" name="test_recommendation_use_cases[compliance_verification-basiq]" time="0.135" /><testcase classname="backend.tests.test_iteration54_notifications_aggregators.TestAggregatorRecommendationUseCases" name="test_recommendation_use_cases[client_portal-frollo]" time="0.157" /></testsuite></testsuites>