<?xml version="1.0" encoding="utf-8"?><testsuites name="pytest tests"><testsuite name="pytest" errors="0" failures="0" skipped="0" tests="11" time="3.890" timestamp="2026-03-31T04:36:55.604935+00:00" hostname="agent-env-7f829ae8-3146-43d9-949c-39107c070c1a"><testcase classname="tests.test_iteration126_health_check.TestHealthCheck" name="test_health_endpoint" time="0.169" /><testcase classname="tests.test_iteration126_health_check.TestHealthCheck" name="test_buffett_engine_screen" time="2.706" /><testcase classname="tests.test_iteration126_health_check.TestHealthCheck" name="test_mfa_status_endpoint" time="0.114" /><testcase classname="tests.test_iteration126_health_check.TestHealthCheck" name="test_workflow_dashboard" time="0.103" /><testcase classname="tests.test_iteration126_health_check.TestHealthCheck" name="test_compliance_audit_dashboard" time="0.101" /><testcase classname="tests.test_iteration126_health_check.TestCoreAPIs" name="test_copilot_insights" time="0.099" /><testcase classname="tests.test_iteration126_health_check.TestCoreAPIs" name="test_xplan_status" time="0.111" /><testcase classname="tests.test_iteration126_health_check.TestCoreAPIs" name="test_risk_control_dashboard" time="0.108" /><testcase classname="tests.test_iteration126_health_check.TestCoreAPIs" name="test_scenario_templates_list" time="0.107" /><testcase classname="tests.test_iteration126_health_check.TestMFASetup" name="test_mfa_setup_totp" time="0.094" /><testcase classname="tests.test_iteration126_health_check.TestMFASetup" name="test_mfa_verify" time="0.110" /></testsuite></testsuites>