<?xml version="1.0" encoding="utf-8"?><testsuites name="pytest tests"><testsuite name="pytest" errors="0" failures="0" skipped="0" tests="24" time="4.013" timestamp="2026-03-13T00:46:48.809660+00:00" hostname="agent-env-d3b0ac2f-b54f-4d48-8f43-82e2d9290449"><testcase classname="backend.tests.test_phase1_3_features.TestDecisionEngineV2" name="test_health_score_v2_returns_200" time="0.238" /><testcase classname="backend.tests.test_phase1_3_features.TestDecisionEngineV2" name="test_health_score_v2_returns_valid_score" time="0.150" /><testcase classname="backend.tests.test_phase1_3_features.TestDecisionEngineV2" name="test_health_score_v2_has_all_components" time="0.159" /><testcase classname="backend.tests.test_phase1_3_features.TestDecisionEngineV2" name="test_recommendations_v2_returns_200" time="0.197" /><testcase classname="backend.tests.test_phase1_3_features.TestDecisionEngineV2" name="test_recommendations_v2_returns_6_recommendations" time="0.114" /><testcase classname="backend.tests.test_phase1_3_features.TestDecisionEngineV2" name="test_recommendations_v2_has_required_fields" time="0.105" /><testcase classname="backend.tests.test_phase1_3_features.TestDecisionEngineV2" name="test_recommendations_v2_impact_is_positive" time="0.115" /><testcase classname="backend.tests.test_phase1_3_features.TestLifeTimeline" name="test_default_timeline_returns_200" time="0.130" /><testcase classname="backend.tests.test_phase1_3_features.TestLifeTimeline" name="test_default_timeline_has_events" time="0.129" /><testcase classname="backend.tests.test_phase1_3_features.TestLifeTimeline" name="test_default_timeline_events_have_required_fields" time="0.151" /><testcase classname="backend.tests.test_phase1_3_features.TestLifeTimeline" name="test_calculate_impact_returns_200" time="0.300" /><testcase classname="backend.tests.test_phase1_3_features.TestLifeTimeline" name="test_calculate_impact_has_projections" time="0.223" /><testcase classname="backend.tests.test_phase1_3_features.TestLifeTimeline" name="test_calculate_impact_has_milestones" time="0.316" /><testcase classname="backend.tests.test_phase1_3_features.TestLifeTimeline" name="test_calculate_impact_summary" time="0.249" /><testcase classname="backend.tests.test_phase1_3_features.TestClientCRM" name="test_get_clients_returns_200" time="0.120" /><testcase classname="backend.tests.test_phase1_3_features.TestClientCRM" name="test_get_clients_returns_demo_data" time="0.106" /><testcase classname="backend.tests.test_phase1_3_features.TestClientCRM" name="test_get_clients_summary" time="0.113" /><testcase classname="backend.tests.test_phase1_3_features.TestClientCRM" name="test_client_has_required_fields" time="0.204" /><testcase classname="backend.tests.test_phase1_3_features.TestClientCRM" name="test_client_financial_summary" time="0.130" /><testcase classname="backend.tests.test_phase1_3_features.TestClientCRM" name="test_get_tasks_returns_200" time="0.107" /><testcase classname="backend.tests.test_phase1_3_features.TestClientCRM" name="test_tasks_have_required_fields" time="0.111" /><testcase classname="backend.tests.test_phase1_3_features.TestClientCRM" name="test_get_workflow_stages_returns_200" time="0.108" /><testcase classname="backend.tests.test_phase1_3_features.TestClientCRM" name="test_workflow_stages_complete" time="0.121" /><testcase classname="backend.tests.test_phase1_3_features.TestOldEndpointsStillWork" name="test_old_health_score_endpoint" time="0.106" /></testsuite></testsuites>