<?xml version="1.0" encoding="utf-8"?><testsuites name="pytest tests"><testsuite name="pytest" errors="0" failures="0" skipped="0" tests="21" time="68.535" timestamp="2026-03-16T20:23:24.948600+00:00" hostname="agent-env-5127e2cf-4536-4728-8133-917fcabe8163"><testcase classname="backend.tests.test_iteration48_100_percent.TestHealthAndBasics" name="test_health_endpoint" time="0.173" /><testcase classname="backend.tests.test_iteration48_100_percent.TestAICopilot" name="test_copilot_ask_retirement_question" time="21.020" /><testcase classname="backend.tests.test_iteration48_100_percent.TestAICopilot" name="test_copilot_ask_with_client_context" time="17.392" /><testcase classname="backend.tests.test_iteration48_100_percent.TestAICopilot" name="test_copilot_session_history" time="26.811" /><testcase classname="backend.tests.test_iteration48_100_percent.TestDecisionCenter" name="test_quick_scenario_analysis" time="0.183" /><testcase classname="backend.tests.test_iteration48_100_percent.TestDecisionCenter" name="test_quick_scenario_slider_changes" time="0.382" /><testcase classname="backend.tests.test_iteration48_100_percent.TestClientInsights" name="test_todays_insights_endpoint" time="0.122" /><testcase classname="backend.tests.test_iteration48_100_percent.TestMonteCarloAPI" name="test_monte_carlo_simulation" time="0.221" /><testcase classname="backend.tests.test_iteration48_100_percent.TestMonteCarloAPI" name="test_scenario_comparison" time="0.211" /><testcase classname="backend.tests.test_iteration48_100_percent.TestFinancialPlanGeneration" name="test_generate_financial_plan" time="0.150" /><testcase classname="backend.tests.test_iteration48_100_percent.TestDecisionEngineAPIs" name="test_monte_carlo_advanced_with_defaults" time="0.197" /><testcase classname="backend.tests.test_iteration48_100_percent.TestDecisionEngineAPIs" name="test_monte_carlo_advanced_with_params" time="0.252" /><testcase classname="backend.tests.test_iteration48_100_percent.TestDecisionEngineAPIs" name="test_health_score_v2_with_defaults" time="0.131" /><testcase classname="backend.tests.test_iteration48_100_percent.TestDecisionEngineAPIs" name="test_health_score_v2_with_params" time="0.211" /><testcase classname="backend.tests.test_iteration48_100_percent.TestDecisionEngineAPIs" name="test_recommendations_v2_with_defaults" time="0.145" /><testcase classname="backend.tests.test_iteration48_100_percent.TestDecisionEngineAPIs" name="test_recommendations_v2_with_params" time="0.129" /><testcase classname="backend.tests.test_iteration48_100_percent.TestDecisionEngineAPIs" name="test_net_worth_projection" time="0.192" /><testcase classname="backend.tests.test_iteration48_100_percent.TestAIWealthBrief" name="test_wealth_brief_with_defaults" time="0.114" /><testcase classname="backend.tests.test_iteration48_100_percent.TestAIWealthBrief" name="test_wealth_brief_with_params" time="0.120" /><testcase classname="backend.tests.test_iteration48_100_percent.TestLoginFlow" name="test_demo_login" time="0.126" /><testcase classname="backend.tests.test_iteration48_100_percent.TestGoalsAPI" name="test_goals_list" time="0.161" /></testsuite></testsuites>