<?xml version="1.0" encoding="utf-8"?><testsuites name="pytest tests"><testsuite name="pytest" errors="0" failures="0" skipped="0" tests="38" time="22.558" timestamp="2026-03-17T00:17:21.876421+00:00" hostname="agent-env-e471c708-ce22-42c4-aa3f-5b7b0e3cd800"><testcase classname="backend.tests.test_iteration51_command_center.TestCommandCenterAPIs" name="test_daily_digest_returns_200" time="0.282" /><testcase classname="backend.tests.test_iteration51_command_center.TestCommandCenterAPIs" name="test_daily_digest_summary_structure" time="0.149" /><testcase classname="backend.tests.test_iteration51_command_center.TestCommandCenterAPIs" name="test_daily_digest_metrics_structure" time="0.135" /><testcase classname="backend.tests.test_iteration51_command_center.TestCommandCenterAPIs" name="test_daily_digest_alerts_structure" time="0.183" /><testcase classname="backend.tests.test_iteration51_command_center.TestCommandCenterAPIs" name="test_alerts_endpoint_returns_200" time="0.120" /><testcase classname="backend.tests.test_iteration51_command_center.TestCommandCenterAPIs" name="test_alerts_filter_by_priority" time="0.218" /><testcase classname="backend.tests.test_iteration51_command_center.TestCommandCenterAPIs" name="test_dismiss_alert_returns_200" time="0.123" /><testcase classname="backend.tests.test_iteration51_command_center.TestCommandCenterAPIs" name="test_snooze_alert_returns_200" time="0.121" /><testcase classname="backend.tests.test_iteration51_command_center.TestCommandCenterAPIs" name="test_metrics_endpoint_returns_200" time="0.141" /><testcase classname="backend.tests.test_iteration51_command_center.TestCommandCenterAPIs" name="test_schedule_endpoint_returns_200" time="0.121" /><testcase classname="backend.tests.test_iteration51_command_center.TestCommandCenterAPIs" name="test_quick_insights_endpoint_returns_200" time="0.108" /><testcase classname="backend.tests.test_iteration51_command_center.TestLiveDataAPIs" name="test_market_summary_returns_200" time="3.693" /><testcase classname="backend.tests.test_iteration51_command_center.TestLiveDataAPIs" name="test_market_summary_indices_structure" time="0.139" /><testcase classname="backend.tests.test_iteration51_command_center.TestLiveDataAPIs" name="test_stock_data_returns_200" time="0.300" /><testcase classname="backend.tests.test_iteration51_command_center.TestLiveDataAPIs" name="test_stock_data_multiple_symbols" time="1.155" /><testcase classname="backend.tests.test_iteration51_command_center.TestLiveDataAPIs" name="test_stock_data_invalid_symbol_returns_404" time="0.115" /><testcase classname="backend.tests.test_iteration51_command_center.TestLiveDataAPIs" name="test_indices_endpoint_returns_200" time="0.125" /><testcase classname="backend.tests.test_iteration51_command_center.TestLiveDataAPIs" name="test_stocks_batch_returns_200" time="0.544" /><testcase classname="backend.tests.test_iteration51_command_center.TestLiveDataAPIs" name="test_portfolio_live_value_returns_200" time="1.017" /><testcase classname="backend.tests.test_iteration51_command_center.TestLiveDataAPIs" name="test_etfs_endpoint_returns_200" time="4.183" /><testcase classname="backend.tests.test_iteration51_command_center.TestLiveDataAPIs" name="test_sector_performance_returns_200" time="5.676" /><testcase classname="backend.tests.test_iteration51_command_center.TestLiveDataAPIs" name="test_watchlist_returns_200" time="1.672" /><testcase classname="backend.tests.test_iteration51_command_center.TestHoldingsAPIs" name="test_portfolio_returns_200" time="0.135" /><testcase classname="backend.tests.test_iteration51_command_center.TestHoldingsAPIs" name="test_portfolio_holdings_structure" time="0.142" /><testcase classname="backend.tests.test_iteration51_command_center.TestHoldingsAPIs" name="test_portfolio_summary_structure" time="0.131" /><testcase classname="backend.tests.test_iteration51_command_center.TestHoldingsAPIs" name="test_transaction_buy_returns_200" time="0.126" /><testcase classname="backend.tests.test_iteration51_command_center.TestHoldingsAPIs" name="test_transaction_sell_returns_200" time="0.134" /><testcase classname="backend.tests.test_iteration51_command_center.TestHoldingsAPIs" name="test_transactions_history_returns_200" time="0.119" /><testcase classname="backend.tests.test_iteration51_command_center.TestHoldingsAPIs" name="test_asset_types_returns_200" time="0.173" /><testcase classname="backend.tests.test_iteration51_command_center.TestHoldingsAPIs" name="test_rebalance_calculate_returns_200" time="0.210" /><testcase classname="backend.tests.test_iteration51_command_center.TestHoldingsAPIs" name="test_performance_returns_200" time="0.136" /><testcase classname="backend.tests.test_iteration51_command_center.TestHoldingsAPIs" name="test_performance_summary_structure" time="0.123" /><testcase classname="backend.tests.test_iteration51_command_center.TestExistingWealthDashboardAPIs" name="test_wealth_overview_returns_200" time="0.143" /><testcase classname="backend.tests.test_iteration51_command_center.TestExistingWealthDashboardAPIs" name="test_wealth_overview_summary_structure" time="0.109" /><testcase classname="backend.tests.test_iteration51_command_center.TestComplianceAPIs" name="test_compliance_check_returns_200" time="0.113" /><testcase classname="backend.tests.test_iteration51_command_center.TestComplianceAPIs" name="test_compliance_dashboard_returns_200" time="0.129" /><testcase classname="backend.tests.test_iteration51_command_center.TestAICopilotAPIs" name="test_todays_insights_returns_200" time="0.109" /><testcase classname="backend.tests.test_iteration51_command_center.TestHealthEndpoint" name="test_health_returns_200" time="0.135" /></testsuite></testsuites>