<?xml version="1.0" encoding="utf-8"?><testsuites name="pytest tests"><testsuite name="pytest" errors="0" failures="0" skipped="0" tests="14" time="12.705" timestamp="2026-03-19T04:20:18.669930+00:00" hostname="agent-env-2b38467c-e09f-4c40-ac98-ad3eefd45af5"><testcase classname="tests.test_iteration89_xplan_integration.TestXplanStatus" name="test_get_xplan_status_default" time="0.299" /><testcase classname="tests.test_iteration89_xplan_integration.TestXplanDemoMode" name="test_enable_demo_mode" time="0.127" /><testcase classname="tests.test_iteration89_xplan_integration.TestXplanDemoMode" name="test_status_after_demo_enabled" time="0.227" /><testcase classname="tests.test_iteration89_xplan_integration.TestXplanSync" name="test_start_full_sync" time="0.243" /><testcase classname="tests.test_iteration89_xplan_integration.TestXplanSync" name="test_start_clients_only_sync" time="0.237" /><testcase classname="tests.test_iteration89_xplan_integration.TestXplanClients" name="test_get_synced_clients" time="3.442" /><testcase classname="tests.test_iteration89_xplan_integration.TestXplanClientDetails" name="test_get_client_details" time="3.501" /><testcase classname="tests.test_iteration89_xplan_integration.TestXplanClientDetails" name="test_get_nonexistent_client" time="0.210" /><testcase classname="tests.test_iteration89_xplan_integration.TestXplanTestConnection" name="test_connection_demo_mode" time="0.108" /><testcase classname="tests.test_iteration89_xplan_integration.TestXplanSyncHistory" name="test_get_sync_history" time="3.393" /><testcase classname="tests.test_iteration89_xplan_integration.TestXplanConfigure" name="test_configure_demo_mode" time="0.184" /><testcase classname="tests.test_iteration89_xplan_integration.TestXplanPush" name="test_push_note_to_xplan" time="0.230" /><testcase classname="tests.test_iteration89_xplan_integration.TestXplanPush" name="test_push_strategy_to_xplan" time="0.219" /><testcase classname="tests.test_iteration89_xplan_integration.TestXplanPush" name="test_push_document_to_xplan" time="0.209" /></testsuite></testsuites>