<?xml version="1.0" encoding="utf-8"?><testsuites name="pytest tests"><testsuite name="pytest" errors="0" failures="3" skipped="0" tests="21" time="2.614" timestamp="2026-03-17T07:03:36.031078+00:00" hostname="agent-env-6a537ec1-109f-47f4-9a4e-2bec15f5372e"><testcase classname="backend.tests.test_iteration60_v5_complete.TestHealthCheckV5" name="test_health_check_version" time="0.313" /><testcase classname="backend.tests.test_iteration60_v5_complete.TestWhiteLabelMultiTenancy" name="test_tenant_config" time="0.106" /><testcase classname="backend.tests.test_iteration60_v5_complete.TestWhiteLabelMultiTenancy" name="test_tenant_branding" time="0.109" /><testcase classname="backend.tests.test_iteration60_v5_complete.TestWhiteLabelMultiTenancy" name="test_tenant_features" time="0.099" /><testcase classname="backend.tests.test_iteration60_v5_complete.TestWhiteLabelMultiTenancy" name="test_tenant_tiers" time="0.106" /><testcase classname="backend.tests.test_iteration60_v5_complete.TestWhiteLabelMultiTenancy" name="test_css_variables" time="0.103" /><testcase classname="backend.tests.test_iteration60_v5_complete.TestMeetingWorkflowMongoDB" name="test_schedule_meeting_mongodb" time="0.106" /><testcase classname="backend.tests.test_iteration60_v5_complete.TestMeetingWorkflowMongoDB" name="test_get_meetings" time="0.106" /><testcase classname="backend.tests.test_iteration60_v5_complete.TestMeetingWorkflowMongoDB" name="test_create_task_mongodb" time="0.116" /><testcase classname="backend.tests.test_iteration60_v5_complete.TestMeetingWorkflowMongoDB" name="test_get_tasks" time="0.108" /><testcase classname="backend.tests.test_iteration60_v5_complete.TestMeetingWorkflowMongoDB" name="test_workflow_stats" time="0.176" /><testcase classname="backend.tests.test_iteration60_v5_complete.TestPWASupport" name="test_manifest_json" time="0.107" /><testcase classname="backend.tests.test_iteration60_v5_complete.TestPWASupport" name="test_service_worker" time="0.104" /><testcase classname="backend.tests.test_iteration60_v5_complete.TestPWASupport" name="test_offline_html" time="0.099" /><testcase classname="backend.tests.test_iteration60_v5_complete.TestNextBestActionEngine" name="test_today_actions" time="0.095"><failure message="AssertionError: assert 'actions' in {'by_category': {'compliance': 5, 'goal': 2, 'rebalancing': 8, 'retention': 2, ...}, 'focus_message': '#x1F4CB 4 high-priority actions for today', 'generated_at': '2026-03-17T07:03:37.958893+00:00', 'impact_summary': {'clients_needing_rebalance': 8, 'compliance_overdue': 2, 'potential_tax_savings': 0, 'revenue_at_risk': 0}, ...}">backend/tests/test_iteration60_v5_complete.py:231: in test_today_actions
    assert "actions" in data
E   AssertionError: assert 'actions' in {'by_category': {'compliance': 5, 'goal': 2, 'rebalancing': 8, 'retention': 2, ...}, 'focus_message': '#x1F4CB 4 high-priority actions for today', 'generated_at': '2026-03-17T07:03:37.958893+00:00', 'impact_summary': {'clients_needing_rebalance': 8, 'compliance_overdue': 2, 'potential_tax_savings': 0, 'revenue_at_risk': 0}, ...}</failure></testcase><testcase classname="backend.tests.test_iteration60_v5_complete.TestNextBestActionEngine" name="test_all_actions" time="0.119"><failure message="assert 'total' in {'actions': [{'action_steps': ['Reduce: intl_equities (+5%), tech (+8%)', 'Increase: aus_equities (-5%), bonds (-8%)', 'Execute rebalance trades', 'Update client on changes'], 'category': 'rebalancing', 'client_id': 'client_2', 'client_name': 'Chen Investment Trust', ...}, {'action_steps': ['Reduce: aus_equities (+5%), cash (+20%)', 'Increase: bonds (-25%)', 'Execute rebalance trades', 'Update client on changes'], 'category': 'rebalancing', 'client_id': 'client_3', 'client_name': 'Thompson SMSF', ...}, {'action_steps': [&quot;Review client's liquidity needs&quot;, 'Propose investment options aligned with risk profile', 'Execute deployment strategy'], 'category': 'revenue', 'client_id': 'client_3', 'client_name': 'Thompson SMSF', ...}, {'action_steps': ['Reduce: tech (+10%)', 'Increase: aus_equities (-5%), intl_equities (-5%), bonds (-5%)', 'Execute rebalance trades', 'Update client on changes'], 'category': 'rebalancing', 'client_id': 'client_4', 'client_name': 'Patel Holdings', ...}, {'action_steps': ['Reduce: aus_equities (+5%), cash (+7%)', 'Increase: bonds (-7%), property (-5%)', 'Execute rebalance trades', 'Update client on changes'], 'category': 'rebalancing', 'client_id': 'client_5', 'client_name': 'Garcia Family', ...}, {'action_steps': ['Reduce: aus_equities (+5%), cash (+5%)', 'Increase: bonds (-12%)', 'Execute rebalance trades', 'Update client on changes'], 'category': 'rebalancing', 'client_id': 'client_6', 'client_name': 'Anderson SMSF', ...}, ...], 'generated_at': '2026-03-17T07:03:38.080105+00:00', 'total_actions': 36}">backend/tests/test_iteration60_v5_complete.py:241: in test_all_actions
    assert "total" in data
E   assert 'total' in {'actions': [{'action_steps': ['Reduce: intl_equities (+5%), tech (+8%)', 'Increase: aus_equities (-5%), bonds (-8%)', 'Execute rebalance trades', 'Update client on changes'], 'category': 'rebalancing', 'client_id': 'client_2', 'client_name': 'Chen Investment Trust', ...}, {'action_steps': ['Reduce: aus_equities (+5%), cash (+20%)', 'Increase: bonds (-25%)', 'Execute rebalance trades', 'Update client on changes'], 'category': 'rebalancing', 'client_id': 'client_3', 'client_name': 'Thompson SMSF', ...}, {'action_steps': ["Review client's liquidity needs", 'Propose investment options aligned with risk profile', 'Execute deployment strategy'], 'category': 'revenue', 'client_id': 'client_3', 'client_name': 'Thompson SMSF', ...}, {'action_steps': ['Reduce: tech (+10%)', 'Increase: aus_equities (-5%), intl_equities (-5%), bonds (-5%)', 'Execute rebalance trades', 'Update client on changes'], 'category': 'rebalancing', 'client_id': 'client_4', 'client_name': 'Patel Holdings', ...}, {'action_steps': ['Reduce: aus_equities (+5%), cash (+7%)', 'Increase: bonds (-7%), property (-5%)', 'Execute rebalance trades', 'Update client on changes'], 'category': 'rebalancing', 'client_id': 'client_5', 'client_name': 'Garcia Family', ...}, {'action_steps': ['Reduce: aus_equities (+5%), cash (+5%)', 'Increase: bonds (-12%)', 'Execute rebalance trades', 'Update client on changes'], 'category': 'rebalancing', 'client_id': 'client_6', 'client_name': 'Anderson SMSF', ...}, ...], 'generated_at': '2026-03-17T07:03:38.080105+00:00', 'total_actions': 36}</failure></testcase><testcase classname="backend.tests.test_iteration60_v5_complete.TestPracticeHealthDashboard" name="test_dashboard" time="0.100" /><testcase classname="backend.tests.test_iteration60_v5_complete.TestPracticeHealthDashboard" name="test_health_score" time="0.101"><failure message="AssertionError: assert 'score' in {'component_scores': {'compliance': 93, 'engagement': 72, 'growth': 85, 'profitability': 88, ...}, 'grade': 'B+', 'overall_score': 84.0, 'percentile': 82, ...}">backend/tests/test_iteration60_v5_complete.py:261: in test_health_score
    assert "score" in data
E   AssertionError: assert 'score' in {'component_scores': {'compliance': 93, 'engagement': 72, 'growth': 85, 'profitability': 88, ...}, 'grade': 'B+', 'overall_score': 84.0, 'percentile': 82, ...}</failure></testcase><testcase classname="backend.tests.test_iteration60_v5_complete.TestCRMNotes" name="test_add_crm_note" time="0.122" /><testcase classname="backend.tests.test_iteration60_v5_complete.TestCRMNotes" name="test_get_crm_notes" time="0.101" /><testcase classname="backend.tests.test_iteration60_v5_complete.TestTenantManagement" name="test_list_tenants" time="0.098" /></testsuite></testsuites>