<?xml version="1.0" encoding="utf-8"?><testsuites name="pytest tests"><testsuite name="pytest" errors="0" failures="0" skipped="0" tests="34" time="2.262" timestamp="2026-03-24T04:17:43.605715+00:00" hostname="agent-env-878f8b81-8c80-4485-98c8-ed44c7daf02a"><testcase classname="backend.tests.test_iteration96_enterprise_features.TestHealthCheck" name="test_health_includes_incident_management" time="0.201" /><testcase classname="backend.tests.test_iteration96_enterprise_features.TestHealthCheck" name="test_health_includes_event_streaming" time="0.054" /><testcase classname="backend.tests.test_iteration96_enterprise_features.TestHealthCheck" name="test_health_includes_enterprise_docs" time="0.046" /><testcase classname="backend.tests.test_iteration96_enterprise_features.TestIncidentManagement" name="test_get_severity_definitions" time="0.046" /><testcase classname="backend.tests.test_iteration96_enterprise_features.TestIncidentManagement" name="test_create_incident" time="0.063" /><testcase classname="backend.tests.test_iteration96_enterprise_features.TestIncidentManagement" name="test_list_incidents" time="0.107" /><testcase classname="backend.tests.test_iteration96_enterprise_features.TestIncidentManagement" name="test_get_incident_by_id" time="0.049" /><testcase classname="backend.tests.test_iteration96_enterprise_features.TestIncidentManagement" name="test_incident_dashboard_summary" time="0.047" /><testcase classname="backend.tests.test_iteration96_enterprise_features.TestIncidentManagement" name="test_regulatory_report" time="0.047" /><testcase classname="backend.tests.test_iteration96_enterprise_features.TestIncidentManagement" name="test_update_incident" time="0.048" /><testcase classname="backend.tests.test_iteration96_enterprise_features.TestEventStreaming" name="test_list_event_types" time="0.046" /><testcase classname="backend.tests.test_iteration96_enterprise_features.TestEventStreaming" name="test_publish_event" time="0.058" /><testcase classname="backend.tests.test_iteration96_enterprise_features.TestEventStreaming" name="test_publish_custom_event" time="0.047" /><testcase classname="backend.tests.test_iteration96_enterprise_features.TestEventStreaming" name="test_get_event_stream" time="0.046" /><testcase classname="backend.tests.test_iteration96_enterprise_features.TestEventStreaming" name="test_get_live_events" time="0.044" /><testcase classname="backend.tests.test_iteration96_enterprise_features.TestEventStreaming" name="test_event_dashboard_metrics" time="0.049" /><testcase classname="backend.tests.test_iteration96_enterprise_features.TestEventStreaming" name="test_create_event_rule" time="0.054" /><testcase classname="backend.tests.test_iteration96_enterprise_features.TestEventStreaming" name="test_list_event_rules" time="0.049" /><testcase classname="backend.tests.test_iteration96_enterprise_features.TestEnterpriseDocs" name="test_list_available_documents" time="0.046" /><testcase classname="backend.tests.test_iteration96_enterprise_features.TestEnterpriseDocs" name="test_get_architecture_doc" time="0.052" /><testcase classname="backend.tests.test_iteration96_enterprise_features.TestEnterpriseDocs" name="test_get_security_policy_doc" time="0.047" /><testcase classname="backend.tests.test_iteration96_enterprise_features.TestEnterpriseDocs" name="test_get_technology_stack_doc" time="0.047" /><testcase classname="backend.tests.test_iteration96_enterprise_features.TestEnterpriseDocs" name="test_get_due_diligence_checklist" time="0.045" /><testcase classname="backend.tests.test_iteration96_enterprise_features.TestEnterpriseDocs" name="test_get_incident_response_plan" time="0.044" /><testcase classname="backend.tests.test_iteration96_enterprise_features.TestEnterpriseDocs" name="test_get_bcp_dr_plan" time="0.051" /><testcase classname="backend.tests.test_iteration96_enterprise_features.TestEnterpriseDocs" name="test_get_compliance_framework" time="0.045" /><testcase classname="backend.tests.test_iteration96_enterprise_features.TestEnterpriseDocs" name="test_get_complete_documentation_pack" time="0.051" /><testcase classname="backend.tests.test_iteration96_enterprise_features.TestEnterpriseDocs" name="test_pdf_generation_architecture" time="0.059" /><testcase classname="backend.tests.test_iteration96_enterprise_features.TestEnterpriseDocs" name="test_pdf_generation_security_policy" time="0.060" /><testcase classname="backend.tests.test_iteration96_enterprise_features.TestIntegration" name="test_incident_creates_audit_event" time="0.094" /><testcase classname="backend.tests.test_iteration96_enterprise_features.TestIntegration" name="test_full_incident_lifecycle" time="0.237" /><testcase classname="backend.tests.test_iteration96_enterprise_features.TestErrorHandling" name="test_get_nonexistent_incident" time="0.054" /><testcase classname="backend.tests.test_iteration96_enterprise_features.TestErrorHandling" name="test_publish_invalid_event_type" time="0.044" /><testcase classname="backend.tests.test_iteration96_enterprise_features.TestErrorHandling" name="test_pdf_invalid_document_type" time="0.046" /></testsuite></testsuites>