<?xml version="1.0" encoding="utf-8"?><testsuites name="pytest tests"><testsuite name="pytest" errors="0" failures="0" skipped="0" tests="28" time="4.303" timestamp="2026-03-17T23:42:54.608661+00:00" hostname="agent-env-f1a1f474-593c-47d1-86dd-b7b085fe6e86"><testcase classname="backend.tests.test_iteration73_crm_features.TestCRMClientsEndpoint" name="test_get_all_clients_success" time="0.279" /><testcase classname="backend.tests.test_iteration73_crm_features.TestCRMClientsEndpoint" name="test_clients_summary_contains_metrics" time="0.134" /><testcase classname="backend.tests.test_iteration73_crm_features.TestCRMClientsEndpoint" name="test_client_data_structure" time="0.139" /><testcase classname="backend.tests.test_iteration73_crm_features.TestCRMClientsEndpoint" name="test_client_has_accounts_data" time="0.140" /><testcase classname="backend.tests.test_iteration73_crm_features.TestCRMClientsEndpoint" name="test_filter_by_status_active" time="0.145" /><testcase classname="backend.tests.test_iteration73_crm_features.TestCRMClientsEndpoint" name="test_filter_by_status_prospect" time="0.159" /><testcase classname="backend.tests.test_iteration73_crm_features.TestCRMClientsEndpoint" name="test_filter_by_status_review" time="0.133" /><testcase classname="backend.tests.test_iteration73_crm_features.TestCRMClientsEndpoint" name="test_search_by_name" time="0.133" /><testcase classname="backend.tests.test_iteration73_crm_features.TestCRMClientsEndpoint" name="test_search_by_email" time="0.131" /><testcase classname="backend.tests.test_iteration73_crm_features.TestCRMClientByIdEndpoint" name="test_get_specific_client_success" time="0.135" /><testcase classname="backend.tests.test_iteration73_crm_features.TestCRMClientByIdEndpoint" name="test_get_client_includes_tasks" time="0.129" /><testcase classname="backend.tests.test_iteration73_crm_features.TestCRMClientByIdEndpoint" name="test_get_client_includes_accounts" time="0.156" /><testcase classname="backend.tests.test_iteration73_crm_features.TestCRMClientByIdEndpoint" name="test_get_client_includes_family" time="0.135" /><testcase classname="backend.tests.test_iteration73_crm_features.TestCRMClientByIdEndpoint" name="test_get_client_includes_goals" time="0.148" /><testcase classname="backend.tests.test_iteration73_crm_features.TestCRMClientByIdEndpoint" name="test_get_nonexistent_client_returns_404" time="0.123" /><testcase classname="backend.tests.test_iteration73_crm_features.TestCRMAnalyticsEndpoint" name="test_get_analytics_success" time="0.132" /><testcase classname="backend.tests.test_iteration73_crm_features.TestCRMAnalyticsEndpoint" name="test_analytics_summary_contains_key_metrics" time="0.124" /><testcase classname="backend.tests.test_iteration73_crm_features.TestCRMAnalyticsEndpoint" name="test_analytics_by_status_breakdown" time="0.144" /><testcase classname="backend.tests.test_iteration73_crm_features.TestCRMAnalyticsEndpoint" name="test_analytics_by_type_breakdown" time="0.136" /><testcase classname="backend.tests.test_iteration73_crm_features.TestCRMAnalyticsEndpoint" name="test_analytics_tasks_summary" time="0.133" /><testcase classname="backend.tests.test_iteration73_crm_features.TestCRMTasksEndpoint" name="test_get_all_tasks_success" time="0.125" /><testcase classname="backend.tests.test_iteration73_crm_features.TestCRMTasksEndpoint" name="test_task_has_required_fields" time="0.137" /><testcase classname="backend.tests.test_iteration73_crm_features.TestClientDataIntegrity" name="test_total_aum_matches_client_sum" time="0.189" /><testcase classname="backend.tests.test_iteration73_crm_features.TestClientDataIntegrity" name="test_active_count_matches_filtered_count" time="0.307" /><testcase classname="backend.tests.test_iteration73_crm_features.TestDemoClientData" name="test_wheeler_family_exists" time="0.128" /><testcase classname="backend.tests.test_iteration73_crm_features.TestDemoClientData" name="test_chen_family_trust_exists" time="0.130" /><testcase classname="backend.tests.test_iteration73_crm_features.TestDemoClientData" name="test_prospect_client_exists" time="0.144" /><testcase classname="backend.tests.test_iteration73_crm_features.TestDemoClientData" name="test_review_client_exists" time="0.137" /></testsuite></testsuites>