<?xml version="1.0" encoding="utf-8"?><testsuites name="pytest tests"><testsuite name="pytest" errors="0" failures="0" skipped="0" tests="12" time="9.841" timestamp="2026-03-31T00:52:13.328161+00:00" hostname="agent-env-70bbf9a1-dbc9-440d-bfe3-0c67c0d32395"><testcase classname="backend.tests.test_iteration121_security_fixes.TestHealthCheck" name="test_health_endpoint_returns_200" time="0.206" /><testcase classname="backend.tests.test_iteration121_security_fixes.TestMarketDataAPI" name="test_market_indicators_returns_17" time="0.358" /><testcase classname="backend.tests.test_iteration121_security_fixes.TestNewsAPI" name="test_news_headlines_returns_data" time="1.008" /><testcase classname="backend.tests.test_iteration121_security_fixes.TestVoiceAssistantAPI" name="test_voice_assistant_chat" time="7.242" /><testcase classname="backend.tests.test_iteration121_security_fixes.TestComplianceDashboardAPI" name="test_compliance_dashboard_returns_metrics" time="0.154" /><testcase classname="backend.tests.test_iteration121_security_fixes.TestScenarioTemplatesSafeParser" name="test_scenario_templates_list" time="0.118" /><testcase classname="backend.tests.test_iteration121_security_fixes.TestScenarioTemplatesSafeParser" name="test_scenario_template_apply_with_formula" time="0.110" /><testcase classname="backend.tests.test_iteration121_security_fixes.TestScenarioTemplatesSafeParser" name="test_scenario_template_safe_eval_arithmetic" time="0.121" /><testcase classname="backend.tests.test_iteration121_security_fixes.TestScalingInfrastructureSHA256" name="test_infrastructure_health" time="0.111" /><testcase classname="backend.tests.test_iteration121_security_fixes.TestScalingInfrastructureSHA256" name="test_infrastructure_metrics" time="0.106" /><testcase classname="backend.tests.test_iteration121_security_fixes.TestRegressionExistingFeatures" name="test_personal_dashboard_data" time="0.125" /><testcase classname="backend.tests.test_iteration121_security_fixes.TestRegressionExistingFeatures" name="test_age_pension_calculator" time="0.114" /></testsuite></testsuites>