<?xml version="1.0" encoding="utf-8"?><testsuites name="pytest tests"><testsuite name="pytest" errors="0" failures="0" skipped="0" tests="17" time="4.622" timestamp="2026-03-12T23:13:14.833609+00:00" hostname="agent-env-171a771b-40cf-4ebc-bad2-c7b9806aa06e"><testcase classname="backend.tests.test_stress_reliability.TestHealthAndBasicEndpoints" name="test_api_health" time="0.235" /><testcase classname="backend.tests.test_stress_reliability.TestHealthAndBasicEndpoints" name="test_api_root" time="0.118" /><testcase classname="backend.tests.test_stress_reliability.TestHealthAndBasicEndpoints" name="test_tax_rates_endpoint" time="0.129" /><testcase classname="backend.tests.test_stress_reliability.TestSecureDataFeeds" name="test_cdr_accounts_feed" time="0.110" /><testcase classname="backend.tests.test_stress_reliability.TestSecureDataFeeds" name="test_cdr_transactions_feed" time="0.129" /><testcase classname="backend.tests.test_stress_reliability.TestSecureDataFeeds" name="test_super_balance_feed" time="0.117" /><testcase classname="backend.tests.test_stress_reliability.TestSecureDataFeeds" name="test_asx_prices_feed" time="0.103" /><testcase classname="backend.tests.test_stress_reliability.TestSecureDataFeeds" name="test_property_valuation_feed" time="0.120" /><testcase classname="backend.tests.test_stress_reliability.TestSecurityCompliance" name="test_compliance_report" time="0.123" /><testcase classname="backend.tests.test_stress_reliability.TestSecurityCompliance" name="test_encryption_info" time="0.112" /><testcase classname="backend.tests.test_stress_reliability.TestCRMEndpoints" name="test_crm_households" time="0.167" /><testcase classname="backend.tests.test_stress_reliability.TestCRMEndpoints" name="test_crm_tasks" time="0.184" /><testcase classname="backend.tests.test_stress_reliability.TestCRMEndpoints" name="test_crm_meetings" time="0.118" /><testcase classname="backend.tests.test_stress_reliability.TestAnalysisEndpoints" name="test_tax_analysis" time="0.122" /><testcase classname="backend.tests.test_stress_reliability.TestAnalysisEndpoints" name="test_monte_carlo_simulation" time="0.141" /><testcase classname="backend.tests.test_stress_reliability.TestAnalysisEndpoints" name="test_loan_analysis" time="0.101" /><testcase classname="backend.tests.test_stress_reliability.TestStressReliability" name="test_rapid_api_calls" time="2.431" /></testsuite></testsuites>