<?xml version="1.0" encoding="utf-8"?><testsuites name="pytest tests"><testsuite name="pytest" errors="0" failures="0" skipped="0" tests="18" time="2.925" timestamp="2026-03-18T00:07:16.345530+00:00" hostname="agent-env-f1a1f474-593c-47d1-86dd-b7b085fe6e86"><testcase classname="backend.tests.test_iteration74_transaction_modeler.TestTransactionModelerPropertyAPI" name="test_property_buy_scenario_basic" time="0.259" /><testcase classname="backend.tests.test_iteration74_transaction_modeler.TestTransactionModelerPropertyAPI" name="test_property_buy_upfront_costs_calculation" time="0.165" /><testcase classname="backend.tests.test_iteration74_transaction_modeler.TestTransactionModelerPropertyAPI" name="test_property_buy_cash_flow_calculation" time="0.141" /><testcase classname="backend.tests.test_iteration74_transaction_modeler.TestTransactionModelerPropertyAPI" name="test_property_buy_10_year_projection" time="0.137" /><testcase classname="backend.tests.test_iteration74_transaction_modeler.TestTransactionModelerFundAPI" name="test_fund_buy_scenario_basic" time="0.149" /><testcase classname="backend.tests.test_iteration74_transaction_modeler.TestTransactionModelerFundAPI" name="test_fund_investment_returns_calculation" time="0.167" /><testcase classname="backend.tests.test_iteration74_transaction_modeler.TestTransactionModelerStockAPI" name="test_stock_buy_scenario_basic" time="0.134" /><testcase classname="backend.tests.test_iteration74_transaction_modeler.TestTransactionModelerStockAPI" name="test_stock_sell_scenario_with_cgt" time="0.158" /><testcase classname="backend.tests.test_iteration74_transaction_modeler.TestTransactionModelerStockAPI" name="test_stock_sell_missing_purchase_info" time="0.128" /><testcase classname="backend.tests.test_iteration74_transaction_modeler.TestCRMClientCreation" name="test_create_client_basic" time="0.160" /><testcase classname="backend.tests.test_iteration74_transaction_modeler.TestCRMClientCreation" name="test_create_client_required_fields" time="0.137" /><testcase classname="backend.tests.test_iteration74_transaction_modeler.TestCRMClientCreation" name="test_create_client_household_type" time="0.132" /><testcase classname="backend.tests.test_iteration74_transaction_modeler.TestCRMClientUpdate" name="test_update_existing_client" time="0.258" /><testcase classname="backend.tests.test_iteration74_transaction_modeler.TestCRMClientUpdate" name="test_update_nonexistent_client" time="0.144" /><testcase classname="backend.tests.test_iteration74_transaction_modeler.TestCRMClientsGet" name="test_get_all_clients" time="0.133" /><testcase classname="backend.tests.test_iteration74_transaction_modeler.TestCRMClientsGet" name="test_get_client_by_id" time="0.140" /><testcase classname="backend.tests.test_iteration74_transaction_modeler.TestTransactionModelerComprehensive" name="test_comprehensive_scenario" time="0.139" /><testcase classname="backend.tests.test_iteration74_transaction_modeler.TestTransactionModelerScenarios" name="test_get_saved_scenarios" time="0.141" /></testsuite></testsuites>