<?xml version="1.0" encoding="utf-8"?><testsuites name="pytest tests"><testsuite name="pytest" errors="0" failures="5" skipped="0" tests="17" time="2.371" timestamp="2026-03-16T10:06:46.511894+00:00" hostname="agent-env-01af79b0-c4bd-4743-8149-fbb7da004ad1"><testcase classname="backend.tests.test_iteration44_security_compliance.TestHealthCheck" name="test_health_endpoint" time="0.240" /><testcase classname="backend.tests.test_iteration44_security_compliance.TestMFASetup" name="test_mfa_setup_returns_totp_secret" time="0.141"><failure message="AssertionError: Missing 'secret' in response&#10;assert 'secret' in {'mfa_enabled': False, 'success': True, 'user_id': 'user_001'}">backend/tests/test_iteration44_security_compliance.py:36: in test_mfa_setup_returns_totp_secret
    assert "secret" in data, "Missing 'secret' in response"
E   AssertionError: Missing 'secret' in response
E   assert 'secret' in {'mfa_enabled': False, 'success': True, 'user_id': 'user_001'}</failure></testcase><testcase classname="backend.tests.test_iteration44_security_compliance.TestMFASetup" name="test_mfa_status_returns_configuration" time="0.106" /><testcase classname="backend.tests.test_iteration44_security_compliance.TestMFASetup" name="test_mfa_verify_totp_invalid_code" time="0.100" /><testcase classname="backend.tests.test_iteration44_security_compliance.TestMFASetup" name="test_mfa_send_sms_code" time="0.197" /><testcase classname="backend.tests.test_iteration44_security_compliance.TestAuditLogging" name="test_audit_logs_returns_entries" time="0.113" /><testcase classname="backend.tests.test_iteration44_security_compliance.TestAuditLogging" name="test_audit_logs_filter_by_user" time="0.135" /><testcase classname="backend.tests.test_iteration44_security_compliance.TestAuditLogging" name="test_compliance_report_returns_soc2_data" time="0.138" /><testcase classname="backend.tests.test_iteration44_security_compliance.TestAuditLogging" name="test_audit_log_event" time="0.107"><failure message="assert 422 == 200&#10; +  where 422 = &lt;Response [422]&gt;.status_code">backend/tests/test_iteration44_security_compliance.py:174: in test_audit_log_event
    assert response.status_code == 200
E   assert 422 == 200
E    +  where 422 = &lt;Response [422]&gt;.status_code</failure></testcase><testcase classname="backend.tests.test_iteration44_security_compliance.TestAuditLogging" name="test_security_alerts" time="0.105" /><testcase classname="backend.tests.test_iteration44_security_compliance.TestScenarioSimulator" name="test_scenario_simulate_monte_carlo" time="0.127" /><testcase classname="backend.tests.test_iteration44_security_compliance.TestScenarioSimulator" name="test_scenario_presets_returns_templates" time="0.146"><failure message="assert 401 == 200&#10; +  where 401 = &lt;Response [401]&gt;.status_code">backend/tests/test_iteration44_security_compliance.py:255: in test_scenario_presets_returns_templates
    assert response.status_code == 200
E   assert 401 == 200
E    +  where 401 = &lt;Response [401]&gt;.status_code</failure></testcase><testcase classname="backend.tests.test_iteration44_security_compliance.TestScenarioSimulator" name="test_scenario_compare" time="0.107"><failure message="assert 422 == 200&#10; +  where 422 = &lt;Response [422]&gt;.status_code">backend/tests/test_iteration44_security_compliance.py:300: in test_scenario_compare
    assert response.status_code == 200
E   assert 422 == 200
E    +  where 422 = &lt;Response [422]&gt;.status_code</failure></testcase><testcase classname="backend.tests.test_iteration44_security_compliance.TestScenarioSimulator" name="test_scenario_what_if" time="0.125" /><testcase classname="backend.tests.test_iteration44_security_compliance.TestExistingFeatures" name="test_documents_list" time="0.102"><failure message="AssertionError: assert ('documents' in {'all_documents': [{'category': 'tax', 'client_id': 'wheeler-family', 'description': 'Individual tax return for FY2024-25', 'file_type': 'pdf', ...}, {'category': 'insurance', 'client_id': 'wheeler-family', 'description': 'TAL Income Protection policy - James Wheeler', 'expiry_date': '2026-03-20', ...}, {'category': 'investments', 'client_id': 'wheeler-family', 'description': 'Quarterly investment statement', 'file_type': 'pdf', ...}, {'category': 'super', 'client_id': 'wheeler-family', 'description': 'Wheeler Family SMSF annual return', 'file_type': 'pdf', ...}, {'category': 'property', 'client_id': 'wheeler-family', 'description': 'Professional valuation report', 'file_type': 'pdf', ...}, {'category': 'estate', 'client_id': 'wheeler-family', 'description': 'Last Will and Testament - James &amp; Sarah Wheeler', 'file_type': 'pdf', ...}, ...], 'by_category': {'estate': {'category': {'color': 'emerald', 'icon': 'Users', 'id': 'estate', 'name': 'Estate Planning'}, 'count': 1, 'documents': [{'category': 'estate', 'client_id': 'wheeler-family', 'description': 'Last Will and Testament - James &amp; Sarah Wheeler', 'file_type': 'pdf', ...}], 'total_size': 125000}, 'insurance': {'category': {'c.....}, {'category': 'insurance', 'client_id': 'wheeler-family', 'description': 'AIA Life Insurance - $2M cover', 'expiry_date': '2026-01-10', ...}], 'total_size': 390000}, 'investments': {'category': {'color': 'purple', 'icon': 'TrendingUp', 'id': 'investments', 'name': 'Investment Statements'}, 'count': 1, 'documents': [{'category': 'investments', 'client_id': 'wheeler-family', 'description': 'Quarterly investment statement', 'file_type': 'pdf', ...}], 'total_size': 320000}, 'legal': {'category': {'color': 'slate', 'icon': 'FileText', 'id': 'legal', 'name': 'Legal Documents'}, 'count': 0, 'documents': [], 'total_size': 0}, ...}, 'categories': [{'color': 'blue', 'icon': 'Calculator', 'id': 'tax', 'name': 'Tax Returns'}, {'color': 'green', 'icon': 'Shield', 'id': 'insurance', 'name': 'Insurance Policies'}, {'color': 'purple', 'icon': 'TrendingUp', 'id': 'investments', 'name': 'Investment Statements'}, {'color': 'amber', 'icon': 'PiggyBank', 'id': 'super', 'name': 'Superannuation'}, {'color': 'red', 'icon': 'Home', 'id': 'property', 'name': 'Property Documents'}, {'color': 'slate', 'icon': 'FileText', 'id': 'legal', 'name': 'Legal Documents'}, ...], 'client_id': 'wheeler-family', ...} or False)&#10; +  where False = isinstance({'all_documents': [{'category': 'tax', 'client_id': 'wheeler-family', 'description': 'Individual tax return for FY2024-25', 'file_type': 'pdf', ...}, {'category': 'insurance', 'client_id': 'wheeler-family', 'description': 'TAL Income Protection policy - James Wheeler', 'expiry_date': '2026-03-20', ...}, {'category': 'investments', 'client_id': 'wheeler-family', 'description': 'Quarterly investment statement', 'file_type': 'pdf', ...}, {'category': 'super', 'client_id': 'wheeler-family', 'description': 'Wheeler Family SMSF annual return', 'file_type': 'pdf', ...}, {'category': 'property', 'client_id': 'wheeler-family', 'description': 'Professional valuation report', 'file_type': 'pdf', ...}, {'category': 'estate', 'client_id': 'wheeler-family', 'description': 'Last Will and Testament - James &amp; Sarah Wheeler', 'file_type': 'pdf', ...}, ...], 'by_category': {'estate': {'category': {'color': 'emerald', 'icon': 'Users', 'id': 'estate', 'name': 'Estate Planning'}, 'count': 1, 'documents': [{'category': 'estate', 'client_id': 'wheeler-family', 'description': 'Last Will and Testament - James &amp; Sarah Wheeler', 'file_type': 'pdf', ...}], 'total_size': 125000}, 'insurance': {'category': {'c.....}, {'category': 'insurance', 'client_id': 'wheeler-family', 'description': 'AIA Life Insurance - $2M cover', 'expiry_date': '2026-01-10', ...}], 'total_size': 390000}, 'investments': {'category': {'color': 'purple', 'icon': 'TrendingUp', 'id': 'investments', 'name': 'Investment Statements'}, 'count': 1, 'documents': [{'category': 'investments', 'client_id': 'wheeler-family', 'description': 'Quarterly investment statement', 'file_type': 'pdf', ...}], 'total_size': 320000}, 'legal': {'category': {'color': 'slate', 'icon': 'FileText', 'id': 'legal', 'name': 'Legal Documents'}, 'count': 0, 'documents': [], 'total_size': 0}, ...}, 'categories': [{'color': 'blue', 'icon': 'Calculator', 'id': 'tax', 'name': 'Tax Returns'}, {'color': 'green', 'icon': 'Shield', 'id': 'insurance', 'name': 'Insurance Policies'}, {'color': 'purple', 'icon': 'TrendingUp', 'id': 'investments', 'name': 'Investment Statements'}, {'color': 'amber', 'icon': 'PiggyBank', 'id': 'super', 'name': 'Superannuation'}, {'color': 'red', 'icon': 'Home', 'id': 'property', 'name': 'Property Documents'}, {'color': 'slate', 'icon': 'FileText', 'id': 'legal', 'name': 'Legal Documents'}, ...], 'client_id': 'wheeler-family', ...}, list)">backend/tests/test_iteration44_security_compliance.py:359: in test_documents_list
    assert "documents" in data or isinstance(data, list)
E   AssertionError: assert ('documents' in {'all_documents': [{'category': 'tax', 'client_id': 'wheeler-family', 'description': 'Individual tax return for FY2024-25', 'file_type': 'pdf', ...}, {'category': 'insurance', 'client_id': 'wheeler-family', 'description': 'TAL Income Protection policy - James Wheeler', 'expiry_date': '2026-03-20', ...}, {'category': 'investments', 'client_id': 'wheeler-family', 'description': 'Quarterly investment statement', 'file_type': 'pdf', ...}, {'category': 'super', 'client_id': 'wheeler-family', 'description': 'Wheeler Family SMSF annual return', 'file_type': 'pdf', ...}, {'category': 'property', 'client_id': 'wheeler-family', 'description': 'Professional valuation report', 'file_type': 'pdf', ...}, {'category': 'estate', 'client_id': 'wheeler-family', 'description': 'Last Will and Testament - James &amp; Sarah Wheeler', 'file_type': 'pdf', ...}, ...], 'by_category': {'estate': {'category': {'color': 'emerald', 'icon': 'Users', 'id': 'estate', 'name': 'Estate Planning'}, 'count': 1, 'documents': [{'category': 'estate', 'client_id': 'wheeler-family', 'description': 'Last Will and Testament - James &amp; Sarah Wheeler', 'file_type': 'pdf', ...}], 'total_size': 125000}, 'insurance': {'category': {'c.....}, {'category': 'insurance', 'client_id': 'wheeler-family', 'description': 'AIA Life Insurance - $2M cover', 'expiry_date': '2026-01-10', ...}], 'total_size': 390000}, 'investments': {'category': {'color': 'purple', 'icon': 'TrendingUp', 'id': 'investments', 'name': 'Investment Statements'}, 'count': 1, 'documents': [{'category': 'investments', 'client_id': 'wheeler-family', 'description': 'Quarterly investment statement', 'file_type': 'pdf', ...}], 'total_size': 320000}, 'legal': {'category': {'color': 'slate', 'icon': 'FileText', 'id': 'legal', 'name': 'Legal Documents'}, 'count': 0, 'documents': [], 'total_size': 0}, ...}, 'categories': [{'color': 'blue', 'icon': 'Calculator', 'id': 'tax', 'name': 'Tax Returns'}, {'color': 'green', 'icon': 'Shield', 'id': 'insurance', 'name': 'Insurance Policies'}, {'color': 'purple', 'icon': 'TrendingUp', 'id': 'investments', 'name': 'Investment Statements'}, {'color': 'amber', 'icon': 'PiggyBank', 'id': 'super', 'name': 'Superannuation'}, {'color': 'red', 'icon': 'Home', 'id': 'property', 'name': 'Property Documents'}, {'color': 'slate', 'icon': 'FileText', 'id': 'legal', 'name': 'Legal Documents'}, ...], 'client_id': 'wheeler-family', ...} or False)
E    +  where False = isinstance({'all_documents': [{'category': 'tax', 'client_id': 'wheeler-family', 'description': 'Individual tax return for FY2024-25', 'file_type': 'pdf', ...}, {'category': 'insurance', 'client_id': 'wheeler-family', 'description': 'TAL Income Protection policy - James Wheeler', 'expiry_date': '2026-03-20', ...}, {'category': 'investments', 'client_id': 'wheeler-family', 'description': 'Quarterly investment statement', 'file_type': 'pdf', ...}, {'category': 'super', 'client_id': 'wheeler-family', 'description': 'Wheeler Family SMSF annual return', 'file_type': 'pdf', ...}, {'category': 'property', 'client_id': 'wheeler-family', 'description': 'Professional valuation report', 'file_type': 'pdf', ...}, {'category': 'estate', 'client_id': 'wheeler-family', 'description': 'Last Will and Testament - James &amp; Sarah Wheeler', 'file_type': 'pdf', ...}, ...], 'by_category': {'estate': {'category': {'color': 'emerald', 'icon': 'Users', 'id': 'estate', 'name': 'Estate Planning'}, 'count': 1, 'documents': [{'category': 'estate', 'client_id': 'wheeler-family', 'description': 'Last Will and Testament - James &amp; Sarah Wheeler', 'file_type': 'pdf', ...}], 'total_size': 125000}, 'insurance': {'category': {'c.....}, {'category': 'insurance', 'client_id': 'wheeler-family', 'description': 'AIA Life Insurance - $2M cover', 'expiry_date': '2026-01-10', ...}], 'total_size': 390000}, 'investments': {'category': {'color': 'purple', 'icon': 'TrendingUp', 'id': 'investments', 'name': 'Investment Statements'}, 'count': 1, 'documents': [{'category': 'investments', 'client_id': 'wheeler-family', 'description': 'Quarterly investment statement', 'file_type': 'pdf', ...}], 'total_size': 320000}, 'legal': {'category': {'color': 'slate', 'icon': 'FileText', 'id': 'legal', 'name': 'Legal Documents'}, 'count': 0, 'documents': [], 'total_size': 0}, ...}, 'categories': [{'color': 'blue', 'icon': 'Calculator', 'id': 'tax', 'name': 'Tax Returns'}, {'color': 'green', 'icon': 'Shield', 'id': 'insurance', 'name': 'Insurance Policies'}, {'color': 'purple', 'icon': 'TrendingUp', 'id': 'investments', 'name': 'Investment Statements'}, {'color': 'amber', 'icon': 'PiggyBank', 'id': 'super', 'name': 'Superannuation'}, {'color': 'red', 'icon': 'Home', 'id': 'property', 'name': 'Property Documents'}, {'color': 'slate', 'icon': 'FileText', 'id': 'legal', 'name': 'Legal Documents'}, ...], 'client_id': 'wheeler-family', ...}, list)</failure></testcase><testcase classname="backend.tests.test_iteration44_security_compliance.TestExistingFeatures" name="test_accounts_aggregated" time="0.107" /><testcase classname="backend.tests.test_iteration44_security_compliance.TestExistingFeatures" name="test_copilot_suggestions" time="0.101" /></testsuite></testsuites>