<?xml version="1.0" encoding="utf-8"?><testsuites name="pytest tests"><testsuite name="pytest" errors="0" failures="4" skipped="0" tests="35" time="4.599" timestamp="2026-03-16T11:21:14.000109+00:00" hostname="agent-env-00036749-3775-480e-bc81-8efc817e8af9"><testcase classname="backend.tests.test_iteration46_comprehensive.TestAuthenticationFlow" name="test_login_with_demo_credentials" time="0.278" /><testcase classname="backend.tests.test_iteration46_comprehensive.TestAuthenticationFlow" name="test_login_with_alternative_credentials" time="0.109" /><testcase classname="backend.tests.test_iteration46_comprehensive.TestAuthenticationFlow" name="test_login_invalid_credentials" time="0.119" /><testcase classname="backend.tests.test_iteration46_comprehensive.TestAuthenticationFlow" name="test_token_verification" time="0.225" /><testcase classname="backend.tests.test_iteration46_comprehensive.TestAuthenticationFlow" name="test_get_current_user" time="0.217" /><testcase classname="backend.tests.test_iteration46_comprehensive.TestDashboard" name="test_dashboard_summary" time="0.114" /><testcase classname="backend.tests.test_iteration46_comprehensive.TestDashboard" name="test_dashboard_widgets" time="0.119" /><testcase classname="backend.tests.test_iteration46_comprehensive.TestDashboard" name="test_dashboard_quick_stats" time="0.103" /><testcase classname="backend.tests.test_iteration46_comprehensive.TestCRM" name="test_get_households" time="0.130" /><testcase classname="backend.tests.test_iteration46_comprehensive.TestCRM" name="test_get_specific_household" time="0.109" /><testcase classname="backend.tests.test_iteration46_comprehensive.TestCRM" name="test_crm_stats" time="0.101" /><testcase classname="backend.tests.test_iteration46_comprehensive.TestCRM" name="test_create_household" time="0.220" /><testcase classname="backend.tests.test_iteration46_comprehensive.TestGoals" name="test_list_goals" time="0.100" /><testcase classname="backend.tests.test_iteration46_comprehensive.TestGoals" name="test_get_specific_goal" time="0.105" /><testcase classname="backend.tests.test_iteration46_comprehensive.TestGoals" name="test_goal_categories" time="0.114" /><testcase classname="backend.tests.test_iteration46_comprehensive.TestGoals" name="test_goals_analytics" time="0.103" /><testcase classname="backend.tests.test_iteration46_comprehensive.TestLifeTimeline" name="test_get_life_events" time="0.128" /><testcase classname="backend.tests.test_iteration46_comprehensive.TestLifeTimeline" name="test_get_specific_event" time="0.113" /><testcase classname="backend.tests.test_iteration46_comprehensive.TestLifeTimeline" name="test_event_categories" time="0.110" /><testcase classname="backend.tests.test_iteration46_comprehensive.TestLifeTimeline" name="test_financial_impact" time="0.113" /><testcase classname="backend.tests.test_iteration46_comprehensive.TestLifeTimeline" name="test_timeline_simulation" time="0.111" /><testcase classname="backend.tests.test_iteration46_comprehensive.TestMarketData" name="test_get_stock_quote" time="0.110" /><testcase classname="backend.tests.test_iteration46_comprehensive.TestMarketData" name="test_get_market_indices" time="0.100" /><testcase classname="backend.tests.test_iteration46_comprehensive.TestMarketData" name="test_get_price_history" time="0.116" /><testcase classname="backend.tests.test_iteration46_comprehensive.TestMarketData" name="test_sector_performance" time="0.104" /><testcase classname="backend.tests.test_iteration46_comprehensive.TestSecurity" name="test_mfa_status" time="0.106" /><testcase classname="backend.tests.test_iteration46_comprehensive.TestSecurity" name="test_mfa_setup" time="0.104"><failure message="assert 422 == 200&#10; +  where 422 = &lt;Response [422]&gt;.status_code">backend/tests/test_iteration46_comprehensive.py:368: in test_mfa_setup
    assert response.status_code == 200
E   assert 422 == 200
E    +  where 422 = &lt;Response [422]&gt;.status_code</failure></testcase><testcase classname="backend.tests.test_iteration46_comprehensive.TestSecurity" name="test_audit_logs" time="0.115" /><testcase classname="backend.tests.test_iteration46_comprehensive.TestSecurity" name="test_compliance_report" time="0.152"><failure message="AssertionError: assert 'controls' in {'authentication_metrics': {'failed_logins': 0, 'login_success_rate': '100.0%', 'mfa_verifications': 1, 'successful_logins': 1}, 'compliance_status': {'access_controls': True, 'audit_logging': 'enabled', 'encryption_at_rest': True, 'encryption_in_transit': True, ...}, 'event_breakdown': {'auth.login.success': 1, 'auth.mfa.verified': 1, 'data.client.viewed': 1, 'data.document.uploaded': 1, ...}, 'period': {'end': '2026-03-16T11:21:17.869765+00:00', 'start': 'all_time'}, ...}">backend/tests/test_iteration46_comprehensive.py:390: in test_compliance_report
    assert "controls" in data
E   AssertionError: assert 'controls' in {'authentication_metrics': {'failed_logins': 0, 'login_success_rate': '100.0%', 'mfa_verifications': 1, 'successful_logins': 1}, 'compliance_status': {'access_controls': True, 'audit_logging': 'enabled', 'encryption_at_rest': True, 'encryption_in_transit': True, ...}, 'event_breakdown': {'auth.login.success': 1, 'auth.mfa.verified': 1, 'data.client.viewed': 1, 'data.document.uploaded': 1, ...}, 'period': {'end': '2026-03-16T11:21:17.869765+00:00', 'start': 'all_time'}, ...}</failure></testcase><testcase classname="backend.tests.test_iteration46_comprehensive.TestSecurity" name="test_security_settings" time="0.101" /><testcase classname="backend.tests.test_iteration46_comprehensive.TestDocumentVault" name="test_list_documents" time="0.102" /><testcase classname="backend.tests.test_iteration46_comprehensive.TestDocumentVault" name="test_document_categories" time="0.107"><failure message="assert 404 == 200&#10; +  where 404 = &lt;Response [404]&gt;.status_code">backend/tests/test_iteration46_comprehensive.py:420: in test_document_categories
    assert response.status_code == 200
E   assert 404 == 200
E    +  where 404 = &lt;Response [404]&gt;.status_code</failure></testcase><testcase classname="backend.tests.test_iteration46_comprehensive.TestScenarioSimulator" name="test_monte_carlo_simulation" time="0.128"><failure message="AssertionError: assert 'success_probability' in {'generated_at': '2026-03-16T11:21:18.323129+00:00', 'input': {'annual_income': 150000, 'current_age': 35, 'current_savings': 100000, 'debt': 0, ...}, 'results': {'final_wealth': {'median': 7919333.383708744, 'p10': 94950.20627591822, 'p90': 26314279.116469234}, 'income_replacement_ratio': 53.3, 'milestones': {'first_100k_year': 0, 'first_million_year': 12}, 'projection_median': [300000.0, 344410.822040456, 390393.5810251176, 437276.5073640259, 486362.7809521309, 541693.5608889761, ...], ...}}">backend/tests/test_iteration46_comprehensive.py:444: in test_monte_carlo_simulation
    assert "success_probability" in data
E   AssertionError: assert 'success_probability' in {'generated_at': '2026-03-16T11:21:18.323129+00:00', 'input': {'annual_income': 150000, 'current_age': 35, 'current_savings': 100000, 'debt': 0, ...}, 'results': {'final_wealth': {'median': 7919333.383708744, 'p10': 94950.20627591822, 'p90': 26314279.116469234}, 'income_replacement_ratio': 53.3, 'milestones': {'first_100k_year': 0, 'first_million_year': 12}, 'projection_median': [300000.0, 344410.822040456, 390393.5810251176, 437276.5073640259, 486362.7809521309, 541693.5608889761, ...], ...}}</failure></testcase><testcase classname="backend.tests.test_iteration46_comprehensive.TestScenarioSimulator" name="test_scenario_comparison" time="0.129" /><testcase classname="backend.tests.test_iteration46_comprehensive.TestHealthCheck" name="test_health_endpoint" time="0.121" /></testsuite></testsuites>