<?xml version="1.0" encoding="utf-8"?><testsuites name="pytest tests"><testsuite name="pytest" errors="0" failures="4" skipped="0" tests="19" time="254.587" timestamp="2026-03-16T12:19:51.957453+00:00" hostname="agent-env-00036749-3775-480e-bc81-8efc817e8af9"><testcase classname="backend.tests.test_iteration47_ai_features.TestHealthAndBasics" name="test_health_endpoint" time="0.213" /><testcase classname="backend.tests.test_iteration47_ai_features.TestAICopilot" name="test_copilot_ask_retirement_question" time="17.200" /><testcase classname="backend.tests.test_iteration47_ai_features.TestAICopilot" name="test_copilot_ask_with_client_context" time="22.079" /><testcase classname="backend.tests.test_iteration47_ai_features.TestAICopilot" name="test_copilot_session_history" time="31.175" /><testcase classname="backend.tests.test_iteration47_ai_features.TestDecisionCenter" name="test_quick_scenario_analysis" time="0.146" /><testcase classname="backend.tests.test_iteration47_ai_features.TestDecisionCenter" name="test_quick_scenario_slider_changes" time="0.299" /><testcase classname="backend.tests.test_iteration47_ai_features.TestDecisionCenter" name="test_risk_profile_variations" time="0.679" /><testcase classname="backend.tests.test_iteration47_ai_features.TestClientInsights" name="test_todays_insights_endpoint" time="0.101" /><testcase classname="backend.tests.test_iteration47_ai_features.TestClientInsights" name="test_insights_have_clients" time="0.109" /><testcase classname="backend.tests.test_iteration47_ai_features.TestMonteCarloAPI" name="test_monte_carlo_simulation" time="0.181" /><testcase classname="backend.tests.test_iteration47_ai_features.TestMonteCarloAPI" name="test_scenario_comparison" time="0.209" /><testcase classname="backend.tests.test_iteration47_ai_features.TestFinancialPlanGeneration" name="test_generate_financial_plan" time="60.152"><failure message="assert 502 == 200&#10; +  where 502 = &lt;Response [502]&gt;.status_code">backend/tests/test_iteration47_ai_features.py:309: in test_generate_financial_plan
    assert response.status_code == 200
E   assert 502 == 200
E    +  where 502 = &lt;Response [502]&gt;.status_code</failure></testcase><testcase classname="backend.tests.test_iteration47_ai_features.TestDecisionEngineAPIs" name="test_monte_carlo_advanced" time="60.222"><failure message="assert 502 == 200&#10; +  where 502 = &lt;Response [502]&gt;.status_code">backend/tests/test_iteration47_ai_features.py:338: in test_monte_carlo_advanced
    assert response.status_code == 200
E   assert 502 == 200
E    +  where 502 = &lt;Response [502]&gt;.status_code</failure></testcase><testcase classname="backend.tests.test_iteration47_ai_features.TestDecisionEngineAPIs" name="test_health_score_v2" time="60.196"><failure message="assert 502 == 200&#10; +  where 502 = &lt;Response [502]&gt;.status_code">backend/tests/test_iteration47_ai_features.py:356: in test_health_score_v2
    assert response.status_code == 200
E   assert 502 == 200
E    +  where 502 = &lt;Response [502]&gt;.status_code</failure></testcase><testcase classname="backend.tests.test_iteration47_ai_features.TestDecisionEngineAPIs" name="test_recommendations_v2" time="0.869"><failure message="assert 422 == 200&#10; +  where 422 = &lt;Response [422]&gt;.status_code">backend/tests/test_iteration47_ai_features.py:375: in test_recommendations_v2
    assert response.status_code == 200
E   assert 422 == 200
E    +  where 422 = &lt;Response [422]&gt;.status_code</failure></testcase><testcase classname="backend.tests.test_iteration47_ai_features.TestDecisionEngineAPIs" name="test_net_worth_projection" time="0.102" /><testcase classname="backend.tests.test_iteration47_ai_features.TestGoalsAPI" name="test_goals_list" time="0.112" /><testcase classname="backend.tests.test_iteration47_ai_features.TestGoalsAPI" name="test_goals_by_household" time="0.252" /><testcase classname="backend.tests.test_iteration47_ai_features.TestLoginFlow" name="test_demo_login" time="0.163" /></testsuite></testsuites>