<?xml version="1.0" encoding="utf-8"?><testsuites name="pytest tests"><testsuite name="pytest" errors="0" failures="0" skipped="0" tests="62" time="7.712" timestamp="2026-03-17T10:03:59.984403+00:00" hostname="agent-env-3a08e514-c555-47f8-a174-b27577386ff7"><testcase classname="backend.tests.test_iteration62_revenue_fx.TestHealthEndpoint" name="test_health_returns_v6_1_0" time="0.289" /><testcase classname="backend.tests.test_iteration62_revenue_fx.TestHealthEndpoint" name="test_health_has_fx_trading_capability" time="0.108" /><testcase classname="backend.tests.test_iteration62_revenue_fx.TestHealthEndpoint" name="test_health_has_revenue_layer" time="0.103" /><testcase classname="backend.tests.test_iteration62_revenue_fx.TestHealthEndpoint" name="test_health_has_fx_capabilities" time="0.104" /><testcase classname="backend.tests.test_iteration62_revenue_fx.TestRevenueLayerStatus" name="test_revenue_status_returns_200" time="0.101" /><testcase classname="backend.tests.test_iteration62_revenue_fx.TestRevenueLayerStatus" name="test_revenue_status_structure" time="0.139" /><testcase classname="backend.tests.test_iteration62_revenue_fx.TestRevenueLayerStatus" name="test_revenue_status_has_clients" time="0.115" /><testcase classname="backend.tests.test_iteration62_revenue_fx.TestRevenueLayerFeeSchedules" name="test_fee_schedules_returns_200" time="0.117" /><testcase classname="backend.tests.test_iteration62_revenue_fx.TestRevenueLayerFeeSchedules" name="test_fee_schedules_structure" time="0.142" /><testcase classname="backend.tests.test_iteration62_revenue_fx.TestRevenueLayerFeeSchedules" name="test_fee_schedules_has_standard_aum" time="0.107" /><testcase classname="backend.tests.test_iteration62_revenue_fx.TestRevenueLayerFeeSchedules" name="test_fee_schedules_has_trading_commission" time="0.137" /><testcase classname="backend.tests.test_iteration62_revenue_fx.TestRevenueLayerSubscriptionPlans" name="test_subscription_plans_returns_200" time="0.109" /><testcase classname="backend.tests.test_iteration62_revenue_fx.TestRevenueLayerSubscriptionPlans" name="test_subscription_plans_structure" time="0.109" /><testcase classname="backend.tests.test_iteration62_revenue_fx.TestRevenueLayerSubscriptionPlans" name="test_subscription_plans_has_three_tiers" time="0.111" /><testcase classname="backend.tests.test_iteration62_revenue_fx.TestRevenueLayerSubscriptionPlans" name="test_subscription_plans_pricing" time="0.106" /><testcase classname="backend.tests.test_iteration62_revenue_fx.TestRevenueLayerCalculateFee" name="test_calculate_fee_returns_200" time="0.119" /><testcase classname="backend.tests.test_iteration62_revenue_fx.TestRevenueLayerCalculateFee" name="test_calculate_fee_structure" time="0.137" /><testcase classname="backend.tests.test_iteration62_revenue_fx.TestRevenueLayerCalculateFee" name="test_calculate_fee_tiered_calculation" time="0.155" /><testcase classname="backend.tests.test_iteration62_revenue_fx.TestRevenueLayerCalculateFee" name="test_calculate_fee_with_discount" time="0.130" /><testcase classname="backend.tests.test_iteration62_revenue_fx.TestRevenueLayerCalculateTradingFee" name="test_calculate_trading_fee_returns_200" time="0.130" /><testcase classname="backend.tests.test_iteration62_revenue_fx.TestRevenueLayerCalculateTradingFee" name="test_calculate_trading_fee_structure" time="0.145" /><testcase classname="backend.tests.test_iteration62_revenue_fx.TestRevenueLayerCalculateTradingFee" name="test_calculate_trading_fee_au_equity" time="0.119" /><testcase classname="backend.tests.test_iteration62_revenue_fx.TestRevenueLayerCalculateTradingFee" name="test_calculate_trading_fee_crypto" time="0.114" /><testcase classname="backend.tests.test_iteration62_revenue_fx.TestRevenueLayerClientFees" name="test_client_fees_returns_200" time="0.115" /><testcase classname="backend.tests.test_iteration62_revenue_fx.TestRevenueLayerClientFees" name="test_client_fees_structure" time="0.109" /><testcase classname="backend.tests.test_iteration62_revenue_fx.TestRevenueLayerClientFees" name="test_client_fees_client_1" time="0.172" /><testcase classname="backend.tests.test_iteration62_revenue_fx.TestRevenueLayerClientFees" name="test_client_fees_not_found" time="0.123" /><testcase classname="backend.tests.test_iteration62_revenue_fx.TestRevenueLayerInvoiceGeneration" name="test_invoice_generate_returns_200" time="0.117" /><testcase classname="backend.tests.test_iteration62_revenue_fx.TestRevenueLayerInvoiceGeneration" name="test_invoice_generate_structure" time="0.114" /><testcase classname="backend.tests.test_iteration62_revenue_fx.TestRevenueLayerInvoiceGeneration" name="test_invoice_generate_has_gst" time="0.114" /><testcase classname="backend.tests.test_iteration62_revenue_fx.TestRevenueLayerInvoiceGeneration" name="test_invoice_generate_not_found" time="0.110" /><testcase classname="backend.tests.test_iteration62_revenue_fx.TestRevenueLayerRevenueReport" name="test_revenue_report_returns_200" time="0.113" /><testcase classname="backend.tests.test_iteration62_revenue_fx.TestRevenueLayerRevenueReport" name="test_revenue_report_structure" time="0.109" /><testcase classname="backend.tests.test_iteration62_revenue_fx.TestRevenueLayerRevenueReport" name="test_revenue_report_summary" time="0.122" /><testcase classname="backend.tests.test_iteration62_revenue_fx.TestRevenueLayerRevenueReport" name="test_revenue_report_segments" time="0.113" /><testcase classname="backend.tests.test_iteration62_revenue_fx.TestFXTradingStatus" name="test_fx_status_returns_200" time="0.104" /><testcase classname="backend.tests.test_iteration62_revenue_fx.TestFXTradingStatus" name="test_fx_status_structure" time="0.111" /><testcase classname="backend.tests.test_iteration62_revenue_fx.TestFXTradingStatus" name="test_fx_status_platforms" time="0.133" /><testcase classname="backend.tests.test_iteration62_revenue_fx.TestFXTradingPairs" name="test_fx_pairs_returns_200" time="0.115" /><testcase classname="backend.tests.test_iteration62_revenue_fx.TestFXTradingPairs" name="test_fx_pairs_structure" time="0.122" /><testcase classname="backend.tests.test_iteration62_revenue_fx.TestFXTradingPairs" name="test_fx_pairs_has_major_pairs" time="0.141" /><testcase classname="backend.tests.test_iteration62_revenue_fx.TestFXTradingPairs" name="test_fx_pairs_filter_by_category" time="0.154" /><testcase classname="backend.tests.test_iteration62_revenue_fx.TestFXTradingPairDetail" name="test_fx_pair_detail_returns_200" time="0.112" /><testcase classname="backend.tests.test_iteration62_revenue_fx.TestFXTradingPairDetail" name="test_fx_pair_detail_structure" time="0.111" /><testcase classname="backend.tests.test_iteration62_revenue_fx.TestFXTradingPairDetail" name="test_fx_pair_detail_not_found" time="0.110" /><testcase classname="backend.tests.test_iteration62_revenue_fx.TestFXTradingAccounts" name="test_fx_accounts_returns_200" time="0.124" /><testcase classname="backend.tests.test_iteration62_revenue_fx.TestFXTradingAccounts" name="test_fx_accounts_structure" time="0.112" /><testcase classname="backend.tests.test_iteration62_revenue_fx.TestFXTradingAccounts" name="test_fx_accounts_has_demo_accounts" time="0.111" /><testcase classname="backend.tests.test_iteration62_revenue_fx.TestFXTradingOrder" name="test_fx_order_returns_200" time="0.104" /><testcase classname="backend.tests.test_iteration62_revenue_fx.TestFXTradingOrder" name="test_fx_order_structure" time="0.106" /><testcase classname="backend.tests.test_iteration62_revenue_fx.TestFXTradingOrder" name="test_fx_order_sell" time="0.104" /><testcase classname="backend.tests.test_iteration62_revenue_fx.TestFXTradingOrders" name="test_fx_orders_returns_200" time="0.102" /><testcase classname="backend.tests.test_iteration62_revenue_fx.TestFXTradingOrders" name="test_fx_orders_structure" time="0.112" /><testcase classname="backend.tests.test_iteration62_revenue_fx.TestFXTradingExposure" name="test_fx_exposure_returns_200" time="0.110" /><testcase classname="backend.tests.test_iteration62_revenue_fx.TestFXTradingExposure" name="test_fx_exposure_structure" time="0.115" /><testcase classname="backend.tests.test_iteration62_revenue_fx.TestFXTradingExposure" name="test_fx_exposure_client_1" time="0.116" /><testcase classname="backend.tests.test_iteration62_revenue_fx.TestFXTradingExposure" name="test_fx_exposure_no_exposure" time="0.123" /><testcase classname="backend.tests.test_iteration62_revenue_fx.TestFXTradingHedgePreview" name="test_hedge_preview_returns_200" time="0.112" /><testcase classname="backend.tests.test_iteration62_revenue_fx.TestFXTradingHedgePreview" name="test_hedge_preview_structure" time="0.116" /><testcase classname="backend.tests.test_iteration62_revenue_fx.TestFXTradingMarketHours" name="test_market_hours_returns_200" time="0.122" /><testcase classname="backend.tests.test_iteration62_revenue_fx.TestFXTradingMarketHours" name="test_market_hours_structure" time="0.126" /><testcase classname="backend.tests.test_iteration62_revenue_fx.TestFXTradingMarketHours" name="test_market_hours_sessions" time="0.135" /></testsuite></testsuites>