<?xml version="1.0" encoding="utf-8"?><testsuites name="pytest tests"><testsuite name="pytest" errors="0" failures="0" skipped="0" tests="15" time="12.930" timestamp="2026-03-18T23:09:12.166400+00:00" hostname="agent-env-83f3eab6-29de-45ae-aff5-779207ebd98b"><testcase classname="backend.tests.test_iteration84_live_prices.TestCryptoPrices" name="test_crypto_prices_endpoint" time="0.164" /><testcase classname="backend.tests.test_iteration84_live_prices.TestCryptoPrices" name="test_crypto_prices_via_portfolio" time="0.404" /><testcase classname="backend.tests.test_iteration84_live_prices.TestCryptoPrices" name="test_crypto_global_endpoint" time="0.280" /><testcase classname="backend.tests.test_iteration84_live_prices.TestCryptoPrices" name="test_crypto_portfolio_value_endpoint" time="0.271" /><testcase classname="backend.tests.test_iteration84_live_prices.TestCryptoPrices" name="test_crypto_portfolio_invalid_holdings" time="0.117" /><testcase classname="backend.tests.test_iteration84_live_prices.TestCryptoPrices" name="test_crypto_market_endpoint" time="0.253" /><testcase classname="backend.tests.test_iteration84_live_prices.TestHybridPrices" name="test_hybrid_prices_endpoint" time="3.433" /><testcase classname="backend.tests.test_iteration84_live_prices.TestHybridPrices" name="test_hybrid_prices_with_custom_symbols" time="1.132" /><testcase classname="backend.tests.test_iteration84_live_prices.TestHybridPrices" name="test_hybrid_all_endpoint" time="3.117" /><testcase classname="backend.tests.test_iteration84_live_prices.TestHybridPrices" name="test_hybrid_portfolio_value_endpoint" time="1.519" /><testcase classname="backend.tests.test_iteration84_live_prices.TestHybridPrices" name="test_hybrid_portfolio_invalid_holdings" time="0.147" /><testcase classname="backend.tests.test_iteration84_live_prices.TestHybridPrices" name="test_hybrid_info_endpoint" time="0.580" /><testcase classname="backend.tests.test_iteration84_live_prices.TestHybridPrices" name="test_hybrid_info_not_found" time="0.145" /><testcase classname="backend.tests.test_iteration84_live_prices.TestHybridPrices" name="test_hybrid_market_summary_endpoint" time="0.122" /><testcase classname="backend.tests.test_iteration84_live_prices.TestHealthCheck" name="test_health_endpoint" time="1.165" /></testsuite></testsuites>