<?xml version="1.0" encoding="utf-8"?><testsuites name="pytest tests"><testsuite name="pytest" errors="0" failures="0" skipped="0" tests="28" time="4.233" timestamp="2026-03-24T02:22:37.525152+00:00" hostname="agent-env-60d53404-3adf-4503-8305-231844f85c2f"><testcase classname="backend.tests.test_iteration93_adviceos.TestHealthCheck" name="test_health_endpoint" time="0.283" /><testcase classname="backend.tests.test_iteration93_adviceos.TestAdviceOSInitialization" name="test_init_default_licensee" time="0.109" /><testcase classname="backend.tests.test_iteration93_adviceos.TestAdviceOSInitialization" name="test_generate_demo_data" time="0.126" /><testcase classname="backend.tests.test_iteration93_adviceos.TestScenarioGenerator" name="test_generate_scenarios_minimum_three" time="0.127" /><testcase classname="backend.tests.test_iteration93_adviceos.TestScenarioGenerator" name="test_scenario_types_generated" time="0.118" /><testcase classname="backend.tests.test_iteration93_adviceos.TestScenarioGenerator" name="test_trade_offs_generated" time="0.120" /><testcase classname="backend.tests.test_iteration93_adviceos.TestScenarioGenerator" name="test_income_scenario_when_income_required" time="0.101" /><testcase classname="backend.tests.test_iteration93_adviceos.TestComplianceEngine" name="test_compliance_check_pass" time="0.244" /><testcase classname="backend.tests.test_iteration93_adviceos.TestComplianceEngine" name="test_get_licensee" time="0.114" /><testcase classname="backend.tests.test_iteration93_adviceos.TestComplianceEngine" name="test_get_adviser" time="0.106" /><testcase classname="backend.tests.test_iteration93_adviceos.TestComplianceEngine" name="test_get_breaches" time="0.198" /><testcase classname="backend.tests.test_iteration93_adviceos.TestAdviserDecisionLayer" name="test_decision_requires_confirmation" time="0.230" /><testcase classname="backend.tests.test_iteration93_adviceos.TestAdviserDecisionLayer" name="test_decision_with_full_confirmation" time="0.215" /><testcase classname="backend.tests.test_iteration93_adviceos.TestAdviserDecisionLayer" name="test_override_requires_justification" time="0.208" /><testcase classname="backend.tests.test_iteration93_adviceos.TestAuditTrail" name="test_get_audit_logs" time="0.105" /><testcase classname="backend.tests.test_iteration93_adviceos.TestAuditTrail" name="test_audit_log_has_hash" time="0.105" /><testcase classname="backend.tests.test_iteration93_adviceos.TestReportsDashboard" name="test_dashboard_summary" time="0.113" /><testcase classname="backend.tests.test_iteration93_adviceos.TestReportsDashboard" name="test_adviser_activity_report" time="0.117" /><testcase classname="backend.tests.test_iteration93_adviceos.TestReportsDashboard" name="test_compliance_summary_report" time="0.115" /><testcase classname="backend.tests.test_iteration93_adviceos.TestReportsDashboard" name="test_scenario_history_report" time="0.135" /><testcase classname="backend.tests.test_iteration93_adviceos.TestReportsDashboard" name="test_breach_report" time="0.102" /><testcase classname="backend.tests.test_iteration93_adviceos.TestCSVDownloads" name="test_download_audit_logs_csv" time="0.108" /><testcase classname="backend.tests.test_iteration93_adviceos.TestCSVDownloads" name="test_download_scenarios_csv" time="0.097" /><testcase classname="backend.tests.test_iteration93_adviceos.TestCSVDownloads" name="test_download_breaches_csv" time="0.103" /><testcase classname="backend.tests.test_iteration93_adviceos.TestCRMCommandCenter" name="test_crm_clients_load" time="0.121" /><testcase classname="backend.tests.test_iteration93_adviceos.TestCRMCommandCenter" name="test_crm_client_details" time="0.245" /><testcase classname="backend.tests.test_iteration93_adviceos.TestCRMCommandCenter" name="test_crm_stats_endpoint" time="0.148" /><testcase classname="backend.tests.test_iteration93_adviceos.TestExplainability" name="test_scenario_explainability" time="0.211" /></testsuite></testsuites>