<?xml version="1.0" encoding="utf-8"?><testsuites name="pytest tests"><testsuite name="pytest" errors="0" failures="1" skipped="0" tests="25" time="3.182" timestamp="2026-03-17T08:25:26.117499+00:00" hostname="agent-env-6a537ec1-109f-47f4-9a4e-2bec15f5372e"><testcase classname="backend.tests.test_iteration61_execution_layer.TestHealthCheck" name="test_health_returns_v6_with_execution_layer" time="0.229" /><testcase classname="backend.tests.test_iteration61_execution_layer.TestExecutionLayer" name="test_execution_status_operational" time="0.115" /><testcase classname="backend.tests.test_iteration61_execution_layer.TestExecutionLayer" name="test_submit_order_demo_mode" time="0.211" /><testcase classname="backend.tests.test_iteration61_execution_layer.TestExecutionLayer" name="test_get_positions" time="0.108" /><testcase classname="backend.tests.test_iteration61_execution_layer.TestExecutionLayer" name="test_get_orders" time="0.114" /><testcase classname="backend.tests.test_iteration61_execution_layer.TestPortfolioEngine" name="test_get_model_portfolios_returns_5" time="0.112" /><testcase classname="backend.tests.test_iteration61_execution_layer.TestPortfolioEngine" name="test_analyze_rebalance_drift" time="0.105" /><testcase classname="backend.tests.test_iteration61_execution_layer.TestPortfolioEngine" name="test_get_drift_report" time="0.114" /><testcase classname="backend.tests.test_iteration61_execution_layer.TestPortfolioEngine" name="test_get_client_portfolios" time="0.108" /><testcase classname="backend.tests.test_iteration61_execution_layer.TestSmartRouter" name="test_route_order" time="0.107"><failure message="AssertionError: assert 'routing_id' in {'alternatives': [{'commission': 9.5, 'name': 'ASX (via broker)', 'slippage': 2.1, 'total_cost': 11.6, ...}, {'commission': 89.25, 'name': 'Interactive Brokers', 'slippage': 2.1, 'total_cost': 91.35, ...}], 'compliance_checks': [{'details': None, 'message': 'Order value within normal limits', 'rule': 'large_order_review', 'status': 'approved'}, {'details': None, 'message': 'Security not restricted', 'rule': 'restricted_securities', 'status': 'approved'}, {'details': None, 'message': 'Position within concentration limits', 'rule': 'concentration_limit', 'status': 'approved'}], 'decision_id': 'RTG_f0a11c7b', 'estimated_cost': 0.0, ...}">backend/tests/test_iteration61_execution_layer.py:191: in test_route_order
    assert "routing_id" in data
E   AssertionError: assert 'routing_id' in {'alternatives': [{'commission': 9.5, 'name': 'ASX (via broker)', 'slippage': 2.1, 'total_cost': 11.6, ...}, {'commission': 89.25, 'name': 'Interactive Brokers', 'slippage': 2.1, 'total_cost': 91.35, ...}], 'compliance_checks': [{'details': None, 'message': 'Order value within normal limits', 'rule': 'large_order_review', 'status': 'approved'}, {'details': None, 'message': 'Security not restricted', 'rule': 'restricted_securities', 'status': 'approved'}, {'details': None, 'message': 'Position within concentration limits', 'rule': 'concentration_limit', 'status': 'approved'}], 'decision_id': 'RTG_f0a11c7b', 'estimated_cost': 0.0, ...}</failure></testcase><testcase classname="backend.tests.test_iteration61_execution_layer.TestSmartRouter" name="test_get_venues" time="0.102" /><testcase classname="backend.tests.test_iteration61_execution_layer.TestSmartRouter" name="test_compliance_check" time="0.107" /><testcase classname="backend.tests.test_iteration61_execution_layer.TestCryptoIntegration" name="test_get_crypto_assets_returns_8" time="0.104" /><testcase classname="backend.tests.test_iteration61_execution_layer.TestCryptoIntegration" name="test_get_crypto_holdings" time="0.119" /><testcase classname="backend.tests.test_iteration61_execution_layer.TestCryptoIntegration" name="test_get_crypto_portfolio_summary" time="0.136" /><testcase classname="backend.tests.test_iteration61_execution_layer.TestCryptoIntegration" name="test_get_custody_providers" time="0.103" /><testcase classname="backend.tests.test_iteration61_execution_layer.TestRealTimeData" name="test_get_live_prices" time="0.103" /><testcase classname="backend.tests.test_iteration61_execution_layer.TestRealTimeData" name="test_get_market_indices" time="0.105" /><testcase classname="backend.tests.test_iteration61_execution_layer.TestRealTimeData" name="test_get_market_summary" time="0.099" /><testcase classname="backend.tests.test_iteration61_execution_layer.TestRealTimeData" name="test_realtime_status" time="0.106" /><testcase classname="backend.tests.test_iteration61_execution_layer.TestReconciliation" name="test_reconciliation_status_operational" time="0.100" /><testcase classname="backend.tests.test_iteration61_execution_layer.TestReconciliation" name="test_get_unified_client_view" time="0.111" /><testcase classname="backend.tests.test_iteration61_execution_layer.TestReconciliation" name="test_reconcile_all_clients" time="0.109" /><testcase classname="backend.tests.test_iteration61_execution_layer.TestReconciliation" name="test_get_portfolio_summary" time="0.113" /><testcase classname="backend.tests.test_iteration61_execution_layer.TestBlockTrading" name="test_submit_block_order" time="0.205" /></testsuite></testsuites>