<?xml version="1.0" encoding="utf-8"?><testsuites name="pytest tests"><testsuite name="pytest" errors="0" failures="0" skipped="0" tests="19" time="3.220" timestamp="2026-03-12T02:41:38.985882+00:00" hostname="agent-env-fe26c091-5e1a-48a8-8cf1-24da81c946fe"><testcase classname="backend.tests.test_mongodb_persistence.TestFactFindMongoDB" name="test_save_factfind_creates_new_record" time="0.290" /><testcase classname="backend.tests.test_mongodb_persistence.TestFactFindMongoDB" name="test_get_factfind_retrieves_from_db" time="0.140" /><testcase classname="backend.tests.test_mongodb_persistence.TestFactFindMongoDB" name="test_update_factfind_persists_changes" time="0.257" /><testcase classname="backend.tests.test_mongodb_persistence.TestFactFindMongoDB" name="test_get_nonexistent_factfind_returns_404" time="0.159" /><testcase classname="backend.tests.test_mongodb_persistence.TestFactFindMongoDB" name="test_list_factfinds" time="0.118" /><testcase classname="backend.tests.test_mongodb_persistence.TestESignatureMongoDB" name="test_send_signature_request_saves_to_db" time="0.127" /><testcase classname="backend.tests.test_mongodb_persistence.TestESignatureMongoDB" name="test_list_signature_requests_from_db" time="0.114" /><testcase classname="backend.tests.test_mongodb_persistence.TestESignatureMongoDB" name="test_sign_document_updates_in_db" time="0.111" /><testcase classname="backend.tests.test_mongodb_persistence.TestESignatureMongoDB" name="test_get_signature_request_from_db" time="0.124" /><testcase classname="backend.tests.test_mongodb_persistence.TestESignatureMongoDB" name="test_get_nonexistent_signature_request_returns_404" time="0.145" /><testcase classname="backend.tests.test_mongodb_persistence.TestMFAMongoDB" name="test_setup_mfa_saves_to_db" time="0.128" /><testcase classname="backend.tests.test_mongodb_persistence.TestMFAMongoDB" name="test_get_mfa_status_from_db" time="0.103" /><testcase classname="backend.tests.test_mongodb_persistence.TestMFAMongoDB" name="test_verify_mfa_code" time="0.116" /><testcase classname="backend.tests.test_mongodb_persistence.TestMFAMongoDB" name="test_verify_mfa_invalid_code" time="0.109" /><testcase classname="backend.tests.test_mongodb_persistence.TestMFAMongoDB" name="test_disable_mfa_updates_db" time="0.221" /><testcase classname="backend.tests.test_mongodb_persistence.TestMFAMongoDB" name="test_get_mfa_nonexistent_user_returns_default" time="0.164" /><testcase classname="backend.tests.test_mongodb_persistence.TestDataPersistence" name="test_factfind_data_persists" time="0.212" /><testcase classname="backend.tests.test_mongodb_persistence.TestDataPersistence" name="test_esignature_data_persists" time="0.264" /><testcase classname="backend.tests.test_mongodb_persistence.TestDataPersistence" name="test_mfa_data_persists" time="0.241" /></testsuite></testsuites>