<?xml version="1.0" encoding="utf-8"?><testsuites name="pytest tests"><testsuite name="pytest" errors="0" failures="1" skipped="0" tests="24" time="3.010" timestamp="2026-03-17T11:36:55.246893+00:00" hostname="agent-env-3a08e514-c555-47f8-a174-b27577386ff7"><testcase classname="backend.tests.test_iteration64_v7_features.TestMacroDataAPIs" name="test_macro_overview" time="0.258" /><testcase classname="backend.tests.test_iteration64_v7_features.TestMacroDataAPIs" name="test_macro_indices" time="0.152" /><testcase classname="backend.tests.test_iteration64_v7_features.TestMacroDataAPIs" name="test_macro_indices_by_region" time="0.098" /><testcase classname="backend.tests.test_iteration64_v7_features.TestMacroDataAPIs" name="test_macro_currencies" time="0.106" /><testcase classname="backend.tests.test_iteration64_v7_features.TestMacroDataAPIs" name="test_macro_bonds" time="0.122" /><testcase classname="backend.tests.test_iteration64_v7_features.TestMacroDataAPIs" name="test_macro_commodities" time="0.120" /><testcase classname="backend.tests.test_iteration64_v7_features.TestMacroDataAPIs" name="test_macro_crypto" time="0.106" /><testcase classname="backend.tests.test_iteration64_v7_features.TestMacroDataAPIs" name="test_macro_futures" time="0.109" /><testcase classname="backend.tests.test_iteration64_v7_features.TestActionLayerAPIs" name="test_next_best_actions" time="0.102" /><testcase classname="backend.tests.test_iteration64_v7_features.TestActionLayerAPIs" name="test_batch_rebalance_execute" time="0.112" /><testcase classname="backend.tests.test_iteration64_v7_features.TestActionLayerAPIs" name="test_tax_harvest_execute" time="0.114" /><testcase classname="backend.tests.test_iteration64_v7_features.TestActionLayerAPIs" name="test_batch_rebalance_preview" time="0.122" /><testcase classname="backend.tests.test_iteration64_v7_features.TestActionLayerAPIs" name="test_tax_harvest_preview" time="0.112" /><testcase classname="backend.tests.test_iteration64_v7_features.TestActionLayerAPIs" name="test_execution_log" time="0.127" /><testcase classname="backend.tests.test_iteration64_v7_features.TestActionLayerAPIs" name="test_action_queue" time="0.101" /><testcase classname="backend.tests.test_iteration64_v7_features.TestBrokerResearchAPIs" name="test_top_rated_stocks" time="0.116" /><testcase classname="backend.tests.test_iteration64_v7_features.TestBrokerResearchAPIs" name="test_stock_detail" time="0.122" /><testcase classname="backend.tests.test_iteration64_v7_features.TestBrokerResearchAPIs" name="test_stock_detail_not_found" time="0.107" /><testcase classname="backend.tests.test_iteration64_v7_features.TestBrokerResearchAPIs" name="test_upgrades_downgrades" time="0.113" /><testcase classname="backend.tests.test_iteration64_v7_features.TestBrokerResearchAPIs" name="test_sector_ratings" time="0.111" /><testcase classname="backend.tests.test_iteration64_v7_features.TestBrokerResearchAPIs" name="test_filter_by_sector" time="0.098"><failure message="AssertionError: assert 'Healthcare' == 'Technology'&#10;  &#10;  - Technology&#10;  + Healthcare">backend/tests/test_iteration64_v7_features.py:417: in test_filter_by_sector
    assert stock["sector"] == "Technology"
E   AssertionError: assert 'Healthcare' == 'Technology'
E     
E     - Technology
E     + Healthcare</failure></testcase><testcase classname="backend.tests.test_iteration64_v7_features.TestAdditionalMacroEndpoints" name="test_economic_calendar" time="0.117" /><testcase classname="backend.tests.test_iteration64_v7_features.TestAdditionalMacroEndpoints" name="test_sector_performance" time="0.113" /><testcase classname="backend.tests.test_iteration64_v7_features.TestAdditionalMacroEndpoints" name="test_top_stocks" time="0.105" /></testsuite></testsuites>