<?xml version="1.0" encoding="utf-8"?><testsuites name="pytest tests"><testsuite name="pytest" errors="0" failures="3" skipped="0" tests="12" time="1.918" timestamp="2026-03-12T23:37:36.161101+00:00" hostname="agent-env-171a771b-40cf-4ebc-bad2-c7b9806aa06e"><testcase classname="tests.test_phase1_phase3.TestDashboardAPIs" name="test_health_check" time="0.268" /><testcase classname="tests.test_phase1_phase3.TestDashboardAPIs" name="test_monte_carlo_simulation" time="0.149" /><testcase classname="tests.test_phase1_phase3.TestDashboardAPIs" name="test_net_worth_trend" time="0.118" /><testcase classname="tests.test_phase1_phase3.TestDashboardAPIs" name="test_health_score_endpoint" time="0.111" /><testcase classname="tests.test_phase1_phase3.TestDashboardAPIs" name="test_tax_rates" time="0.120" /><testcase classname="tests.test_phase1_phase3.TestScenarioComparisonAPIs" name="test_tax_analysis" time="0.114" /><testcase classname="tests.test_phase1_phase3.TestScenarioComparisonAPIs" name="test_loan_analysis" time="0.111" /><testcase classname="tests.test_phase1_phase3.TestScenarioComparisonAPIs" name="test_debt_equity_analysis" time="0.195" /><testcase classname="tests.test_phase1_phase3.TestExistingPages" name="test_crm_households" time="0.109"><failure message="AssertionError: assert False&#10; +  where False = isinstance({'households': [{'created_at': '2023-06-15T10:00:00Z', 'email': 'michael.wheeler@email.com', 'household_id': 'hh_wheeler001', 'members': [{'age': 45, 'name': 'Michael Wheeler', 'occupation': 'Engineer', 'role': 'primary'}, {'age': 43, 'name': 'Sarah Wheeler', 'occupation': 'Teacher', 'role': 'spouse'}], ...}, {'created_at': '2024-01-20T14:30:00Z', 'email': 'david.chen@email.com', 'household_id': 'hh_chen002', 'members': [{'age': 38, 'name': 'David Chen', 'occupation': 'Doctor', 'role': 'primary'}, {'age': 36, 'name': 'Lisa Chen', 'occupation': 'Pharmacist', 'role': 'spouse'}], ...}, {'created_at': '2022-03-10T09:00:00Z', 'email': 'raj.patel@email.com', 'household_id': 'hh_patel003', 'members': [{'age': 52, 'name': 'Raj Patel', 'occupation': 'Business Owner', 'role': 'primary'}], ...}], 'total': 3}, list)">tests/test_phase1_phase3.py:201: in test_crm_households
    assert isinstance(data, list)
E   AssertionError: assert False
E    +  where False = isinstance({'households': [{'created_at': '2023-06-15T10:00:00Z', 'email': 'michael.wheeler@email.com', 'household_id': 'hh_wheeler001', 'members': [{'age': 45, 'name': 'Michael Wheeler', 'occupation': 'Engineer', 'role': 'primary'}, {'age': 43, 'name': 'Sarah Wheeler', 'occupation': 'Teacher', 'role': 'spouse'}], ...}, {'created_at': '2024-01-20T14:30:00Z', 'email': 'david.chen@email.com', 'household_id': 'hh_chen002', 'members': [{'age': 38, 'name': 'David Chen', 'occupation': 'Doctor', 'role': 'primary'}, {'age': 36, 'name': 'Lisa Chen', 'occupation': 'Pharmacist', 'role': 'spouse'}], ...}, {'created_at': '2022-03-10T09:00:00Z', 'email': 'raj.patel@email.com', 'household_id': 'hh_patel003', 'members': [{'age': 52, 'name': 'Raj Patel', 'occupation': 'Business Owner', 'role': 'primary'}], ...}], 'total': 3}, list)</failure></testcase><testcase classname="tests.test_phase1_phase3.TestExistingPages" name="test_crm_tasks" time="0.125"><failure message="AssertionError: assert False&#10; +  where False = isinstance({'tasks': [{'assigned_to': 'adviser', 'category': 'review', 'description': 'Comprehensive annual review including portfolio performance, goals update, and strategy adjustment', 'due_date': '2026-03-19T23:37:37.770839+00:00', ...}, {'assigned_to': 'adviser', 'category': 'compliance', 'description': 'Review life and income protection insurance adequacy', 'due_date': '2026-03-26T23:37:37.770854+00:00', ...}, {'assigned_to': 'adviser', 'category': 'compliance', 'description': 'Prepare documents for annual SMSF audit', 'due_date': '2026-04-11T23:37:37.770858+00:00', ...}], 'total': 3}, list)">tests/test_phase1_phase3.py:216: in test_crm_tasks
    assert isinstance(data, list)
E   AssertionError: assert False
E    +  where False = isinstance({'tasks': [{'assigned_to': 'adviser', 'category': 'review', 'description': 'Comprehensive annual review including portfolio performance, goals update, and strategy adjustment', 'due_date': '2026-03-19T23:37:37.770839+00:00', ...}, {'assigned_to': 'adviser', 'category': 'compliance', 'description': 'Review life and income protection insurance adequacy', 'due_date': '2026-03-26T23:37:37.770854+00:00', ...}, {'assigned_to': 'adviser', 'category': 'compliance', 'description': 'Prepare documents for annual SMSF audit', 'due_date': '2026-04-11T23:37:37.770858+00:00', ...}], 'total': 3}, list)</failure></testcase><testcase classname="tests.test_phase1_phase3.TestExistingPages" name="test_crm_meetings" time="0.158"><failure message="AssertionError: assert False&#10; +  where False = isinstance({'meetings': [{'agenda': '1. Portfolio review\n2. Goals progress\n3. Strategy adjustments', 'attendees': ['Michael Wheeler', 'Sarah Wheeler'], 'duration_minutes': 60, 'household_id': 'hh_wheeler001', ...}, {'agenda': '1. SMSF performance\n2. Pension phase transition\n3. Estate planning', 'attendees': ['Raj Patel'], 'duration_minutes': 90, 'household_id': 'hh_patel003', ...}], 'total': 2}, list)">tests/test_phase1_phase3.py:225: in test_crm_meetings
    assert isinstance(data, list)
E   AssertionError: assert False
E    +  where False = isinstance({'meetings': [{'agenda': '1. Portfolio review\n2. Goals progress\n3. Strategy adjustments', 'attendees': ['Michael Wheeler', 'Sarah Wheeler'], 'duration_minutes': 60, 'household_id': 'hh_wheeler001', ...}, {'agenda': '1. SMSF performance\n2. Pension phase transition\n3. Estate planning', 'attendees': ['Raj Patel'], 'duration_minutes': 90, 'household_id': 'hh_patel003', ...}], 'total': 2}, list)</failure></testcase><testcase classname="tests.test_phase1_phase3.TestExistingPages" name="test_smsf_analysis" time="0.121" /></testsuite></testsuites>