<?xml version="1.0" encoding="utf-8"?><testsuites name="pytest tests"><testsuite name="pytest" errors="0" failures="0" skipped="0" tests="19" time="3.534" timestamp="2026-03-26T01:01:09.362214+00:00" hostname="agent-env-82ffc001-5126-4ba3-ab3e-c75a5da6d282"><testcase classname="backend.tests.test_iteration102_budget_milestones_compliance.TestBudgetCategories" name="test_get_budget_categories" time="0.146" /><testcase classname="backend.tests.test_iteration102_budget_milestones_compliance.TestDemoBudget" name="test_get_demo_budget" time="0.126" /><testcase classname="backend.tests.test_iteration102_budget_milestones_compliance.TestClientBudget" name="test_create_client_budget" time="0.150" /><testcase classname="backend.tests.test_iteration102_budget_milestones_compliance.TestClientBudget" name="test_get_client_budget" time="0.266" /><testcase classname="backend.tests.test_iteration102_budget_milestones_compliance.TestClientBudget" name="test_get_nonexistent_budget" time="0.117" /><testcase classname="backend.tests.test_iteration102_budget_milestones_compliance.TestSpendingAnalysis" name="test_get_spending_analysis" time="0.157" /><testcase classname="backend.tests.test_iteration102_budget_milestones_compliance.TestMilestoneTemplates" name="test_get_milestone_templates" time="0.117" /><testcase classname="backend.tests.test_iteration102_budget_milestones_compliance.TestClientMilestones" name="test_initialize_client_milestones" time="0.137" /><testcase classname="backend.tests.test_iteration102_budget_milestones_compliance.TestClientMilestones" name="test_get_client_milestones" time="0.251" /><testcase classname="backend.tests.test_iteration102_budget_milestones_compliance.TestClientMilestones" name="test_get_retirement_readiness" time="0.242" /><testcase classname="backend.tests.test_iteration102_budget_milestones_compliance.TestComplianceDocuments" name="test_create_soa_document" time="0.128" /><testcase classname="backend.tests.test_iteration102_budget_milestones_compliance.TestComplianceDocuments" name="test_create_roa_document" time="0.122" /><testcase classname="backend.tests.test_iteration102_budget_milestones_compliance.TestComplianceDocuments" name="test_get_client_documents" time="0.386" /><testcase classname="backend.tests.test_iteration102_budget_milestones_compliance.TestComplianceDocuments" name="test_update_document_status" time="0.269" /><testcase classname="backend.tests.test_iteration102_budget_milestones_compliance.TestComplianceDocuments" name="test_submit_document_review" time="0.359" /><testcase classname="backend.tests.test_iteration102_budget_milestones_compliance.TestPendingReviews" name="test_get_pending_reviews" time="0.126" /><testcase classname="backend.tests.test_iteration102_budget_milestones_compliance.TestPendingReviews" name="test_get_reviews_due" time="0.128" /><testcase classname="backend.tests.test_iteration102_budget_milestones_compliance.TestComplianceSummary" name="test_get_compliance_summary" time="0.124" /><testcase classname="backend.tests.test_iteration102_budget_milestones_compliance.TestHealthCheck" name="test_health_includes_new_features" time="0.116" /></testsuite></testsuites>