<?xml version="1.0" encoding="utf-8"?><testsuites name="pytest tests"><testsuite name="pytest" errors="0" failures="0" skipped="0" tests="13" time="1.643" timestamp="2026-03-17T10:27:25.253160+00:00" hostname="agent-env-3a08e514-c555-47f8-a174-b27577386ff7"><testcase classname="backend.tests.test_iteration63_decision_engine.TestHealthCheck" name="test_health_endpoint" time="0.162" /><testcase classname="backend.tests.test_iteration63_decision_engine.TestDecisionEngineHealthScore" name="test_health_score_default_params" time="0.112" /><testcase classname="backend.tests.test_iteration63_decision_engine.TestDecisionEngineHealthScore" name="test_health_score_custom_params" time="0.136" /><testcase classname="backend.tests.test_iteration63_decision_engine.TestDecisionEngineRecommendations" name="test_recommendations_default_params" time="0.104" /><testcase classname="backend.tests.test_iteration63_decision_engine.TestDecisionEngineRecommendations" name="test_recommendations_low_savings_rate" time="0.123" /><testcase classname="backend.tests.test_iteration63_decision_engine.TestDecisionEngineNetWorthProjection" name="test_net_worth_projection_default" time="0.100" /><testcase classname="backend.tests.test_iteration63_decision_engine.TestDecisionEngineNetWorthProjection" name="test_net_worth_projection_custom_params" time="0.116" /><testcase classname="backend.tests.test_iteration63_decision_engine.TestDecisionEngineMonteCarloAdvanced" name="test_monte_carlo_default" time="0.118" /><testcase classname="backend.tests.test_iteration63_decision_engine.TestDecisionEngineMonteCarloAdvanced" name="test_monte_carlo_custom_params" time="0.117" /><testcase classname="backend.tests.test_iteration63_decision_engine.TestDecisionEngineWealthBrief" name="test_wealth_brief" time="0.103" /><testcase classname="backend.tests.test_iteration63_decision_engine.TestDecisionEngineQuickAnalysis" name="test_quick_analysis" time="0.135" /><testcase classname="backend.tests.test_iteration63_decision_engine.TestDecisionEngineScenario" name="test_scenario_retire_early" time="0.110" /><testcase classname="backend.tests.test_iteration63_decision_engine.TestDecisionEngineScenario" name="test_scenario_increase_savings" time="0.103" /></testsuite></testsuites>