<?xml version="1.0" encoding="utf-8"?><testsuites name="pytest tests"><testsuite name="pytest" errors="0" failures="0" skipped="0" tests="30" time="4.597" timestamp="2026-03-24T04:03:19.192179+00:00" hostname="agent-env-878f8b81-8c80-4485-98c8-ed44c7daf02a"><testcase classname="backend.tests.test_iteration95_audit_security_storage.TestHealthCheck" name="test_health_check_includes_new_services" time="0.305" /><testcase classname="backend.tests.test_iteration95_audit_security_storage.TestAuditService" name="test_create_audit_log" time="0.149" /><testcase classname="backend.tests.test_iteration95_audit_security_storage.TestAuditService" name="test_query_audit_events" time="0.208" /><testcase classname="backend.tests.test_iteration95_audit_security_storage.TestAuditService" name="test_verify_hash_chain" time="0.108" /><testcase classname="backend.tests.test_iteration95_audit_security_storage.TestAuditService" name="test_get_chain_status" time="0.109" /><testcase classname="backend.tests.test_iteration95_audit_security_storage.TestAuditService" name="test_export_audit_pack" time="0.108" /><testcase classname="backend.tests.test_iteration95_audit_security_storage.TestAuditService" name="test_export_audit_pack_with_storage" time="0.314" /><testcase classname="backend.tests.test_iteration95_audit_security_storage.TestAuditService" name="test_regulatory_summary" time="0.104" /><testcase classname="backend.tests.test_iteration95_audit_security_storage.TestAuditService" name="test_hash_chain_integrity_multiple_events" time="0.466" /><testcase classname="backend.tests.test_iteration95_audit_security_storage.TestSecurityControls" name="test_initialize_roles" time="0.105" /><testcase classname="backend.tests.test_iteration95_audit_security_storage.TestSecurityControls" name="test_list_roles" time="0.112" /><testcase classname="backend.tests.test_iteration95_audit_security_storage.TestSecurityControls" name="test_get_specific_role" time="0.098" /><testcase classname="backend.tests.test_iteration95_audit_security_storage.TestSecurityControls" name="test_get_nonexistent_role" time="0.104" /><testcase classname="backend.tests.test_iteration95_audit_security_storage.TestSecurityControls" name="test_check_permission" time="0.124" /><testcase classname="backend.tests.test_iteration95_audit_security_storage.TestSecurityControls" name="test_security_controls_status" time="0.117" /><testcase classname="backend.tests.test_iteration95_audit_security_storage.TestSecurityControls" name="test_security_dashboard" time="0.109" /><testcase classname="backend.tests.test_iteration95_audit_security_storage.TestSecurityControls" name="test_generate_api_key" time="0.129" /><testcase classname="backend.tests.test_iteration95_audit_security_storage.TestSecurityControls" name="test_rate_limit_status" time="0.114" /><testcase classname="backend.tests.test_iteration95_audit_security_storage.TestObjectStorage" name="test_storage_status" time="0.107" /><testcase classname="backend.tests.test_iteration95_audit_security_storage.TestObjectStorage" name="test_initialize_storage" time="0.101" /><testcase classname="backend.tests.test_iteration95_audit_security_storage.TestObjectStorage" name="test_list_audit_exports" time="0.121" /><testcase classname="backend.tests.test_iteration95_audit_security_storage.TestObjectStorage" name="test_list_files" time="0.099" /><testcase classname="backend.tests.test_iteration95_audit_security_storage.TestObjectStorage" name="test_document_backup_status" time="0.116" /><testcase classname="backend.tests.test_iteration95_audit_security_storage.TestAuditStatistics" name="test_audit_statistics" time="0.116" /><testcase classname="backend.tests.test_iteration95_audit_security_storage.TestAuditStatistics" name="test_user_activity" time="0.140" /><testcase classname="backend.tests.test_iteration95_audit_security_storage.TestAuditStatistics" name="test_entity_replay" time="0.229" /><testcase classname="backend.tests.test_iteration95_audit_security_storage.TestSecurityEvents" name="test_log_security_event" time="0.115" /><testcase classname="backend.tests.test_iteration95_audit_security_storage.TestSecurityEvents" name="test_get_security_events" time="0.110" /><testcase classname="backend.tests.test_iteration95_audit_security_storage.TestSecurityEvents" name="test_get_security_events_filtered" time="0.111" /><testcase classname="backend.tests.test_iteration95_audit_security_storage.TestCreateCustomRole" name="test_create_custom_role" time="0.228" /></testsuite></testsuites>