<?xml version="1.0" encoding="utf-8"?><testsuites name="pytest tests"><testsuite name="pytest" errors="0" failures="0" skipped="0" tests="19" time="18.115" timestamp="2026-03-30T03:34:31.854092+00:00" hostname="agent-env-70bbf9a1-dbc9-440d-bfe3-0c67c0d32395"><testcase classname="backend.tests.test_iteration120_voice_language.TestHealthCheck" name="test_api_health" time="0.229" /><testcase classname="backend.tests.test_iteration120_voice_language.TestVoiceAssistant" name="test_voice_chat_endpoint_exists" time="4.891" /><testcase classname="backend.tests.test_iteration120_voice_language.TestVoiceAssistant" name="test_voice_chat_financial_question" time="7.745" /><testcase classname="backend.tests.test_iteration120_voice_language.TestVoiceAssistant" name="test_voice_chat_session_persistence" time="2.034" /><testcase classname="backend.tests.test_iteration120_voice_language.TestMarketDataAPI" name="test_market_indicators_endpoint" time="0.402" /><testcase classname="backend.tests.test_iteration120_voice_language.TestMarketDataAPI" name="test_market_indicators_count" time="0.104" /><testcase classname="backend.tests.test_iteration120_voice_language.TestMarketDataAPI" name="test_market_indicators_structure" time="0.107" /><testcase classname="backend.tests.test_iteration120_voice_language.TestMarketDataAPI" name="test_market_indicators_include_currencies" time="0.143" /><testcase classname="backend.tests.test_iteration120_voice_language.TestComplianceDashboard" name="test_seed_demo_data" time="0.119" /><testcase classname="backend.tests.test_iteration120_voice_language.TestComplianceDashboard" name="test_compliance_dashboard_endpoint" time="0.277" /><testcase classname="backend.tests.test_iteration120_voice_language.TestComplianceDashboard" name="test_compliance_metrics_structure" time="0.109" /><testcase classname="backend.tests.test_iteration120_voice_language.TestComplianceDashboard" name="test_compliance_advice_files_structure" time="0.111" /><testcase classname="backend.tests.test_iteration120_voice_language.TestNewsHeadlines" name="test_news_headlines_endpoint" time="0.986" /><testcase classname="backend.tests.test_iteration120_voice_language.TestNewsHeadlines" name="test_news_headlines_structure" time="0.105" /><testcase classname="backend.tests.test_iteration120_voice_language.TestTradingHoldings" name="test_holdings_endpoint" time="0.202" /><testcase classname="backend.tests.test_iteration120_voice_language.TestTradingHoldings" name="test_holdings_summary" time="0.112" /><testcase classname="backend.tests.test_iteration120_voice_language.TestTradingHoldings" name="test_holdings_data_not_nan" time="0.117" /><testcase classname="backend.tests.test_iteration120_voice_language.TestCGTSummary" name="test_cgt_summary_endpoint" time="0.116" /><testcase classname="backend.tests.test_iteration120_voice_language.TestNavigationRoutes" name="test_stock_trading_route_accessible" time="0.134" /></testsuite></testsuites>