<?xml version="1.0" encoding="utf-8"?><testsuites name="pytest tests"><testsuite name="pytest" errors="0" failures="0" skipped="0" tests="9" time="1.076" timestamp="2026-03-26T10:48:47.300031+00:00" hostname="agent-env-894bb976-4b75-461e-af96-eeb0489c8e4b"><testcase classname="backend.tests.test_iteration108_view_toggle_pdf.TestConfidenceReportPDFGeneration" name="test_confidence_report_endpoint_exists" time="0.126" /><testcase classname="backend.tests.test_iteration108_view_toggle_pdf.TestConfidenceReportPDFGeneration" name="test_confidence_report_pdf_content" time="0.106" /><testcase classname="backend.tests.test_iteration108_view_toggle_pdf.TestConfidenceReportPDFGeneration" name="test_confidence_report_with_ai_explanation" time="0.103" /><testcase classname="backend.tests.test_iteration108_view_toggle_pdf.TestConfidenceEngineQuickCalculate" name="test_quick_calculate_endpoint" time="0.136" /><testcase classname="backend.tests.test_iteration108_view_toggle_pdf.TestAIExplanationEndpoint" name="test_ai_explain_endpoint" time="0.110" /><testcase classname="backend.tests.test_iteration108_view_toggle_pdf.TestWealthDataForImport" name="test_wealth_snapshot_for_demo_client" time="0.113" /><testcase classname="backend.tests.test_iteration108_view_toggle_pdf.TestDocumentGenerationTemplates" name="test_soa_template_endpoint" time="0.108" /><testcase classname="backend.tests.test_iteration108_view_toggle_pdf.TestClientPortalEndpoints" name="test_client_portal_dashboard" time="0.099" /><testcase classname="backend.tests.test_iteration108_view_toggle_pdf.TestClientPortalEndpoints" name="test_client_portal_goals" time="0.108" /></testsuite></testsuites>