<?xml version="1.0" encoding="utf-8"?><testsuites name="pytest tests"><testsuite name="pytest" errors="0" failures="0" skipped="0" tests="20" time="1.445" timestamp="2026-04-08T10:32:05.528467+00:00" hostname="agent-env-5c4ee482-4476-4d57-8346-5c099c483a69"><testcase classname="tests.test_iteration146_client_personal_info.TestClientPersonalInfoSave" name="test_save_tfn_only" time="0.156" /><testcase classname="tests.test_iteration146_client_personal_info.TestClientPersonalInfoSave" name="test_save_id_documents" time="0.049" /><testcase classname="tests.test_iteration146_client_personal_info.TestClientPersonalInfoSave" name="test_save_custom_fields" time="0.049" /><testcase classname="tests.test_iteration146_client_personal_info.TestClientPersonalInfoSave" name="test_save_all_fields_together" time="0.048" /><testcase classname="tests.test_iteration146_client_personal_info.TestClientPersonalInfoGet" name="test_get_masked_data" time="0.047" /><testcase classname="tests.test_iteration146_client_personal_info.TestClientPersonalInfoGet" name="test_get_nonexistent_client" time="0.053" /><testcase classname="tests.test_iteration146_client_personal_info.TestClientPersonalInfoUnmasked" name="test_get_unmasked_data" time="0.049" /><testcase classname="tests.test_iteration146_client_personal_info.TestClientPersonalInfoUnmasked" name="test_unmasked_nonexistent_returns_404" time="0.051" /><testcase classname="tests.test_iteration146_client_personal_info.TestXplanSync" name="test_xplan_sync_thompson_family" time="0.047" /><testcase classname="tests.test_iteration146_client_personal_info.TestXplanSync" name="test_xplan_sync_new_client" time="0.052" /><testcase classname="tests.test_iteration146_client_personal_info.TestXplanSync" name="test_xplan_status" time="0.055" /><testcase classname="tests.test_iteration146_client_personal_info.TestXplanSync" name="test_xplan_status_with_history" time="0.095" /><testcase classname="tests.test_iteration146_client_personal_info.TestClientSetup" name="test_setup_minimal_client" time="0.052" /><testcase classname="tests.test_iteration146_client_personal_info.TestClientSetup" name="test_setup_full_client" time="0.047" /><testcase classname="tests.test_iteration146_client_personal_info.TestClientSetup" name="test_setup_verify_persistence" time="0.097" /><testcase classname="tests.test_iteration146_client_personal_info.TestEncryptionVerification" name="test_tfn_encryption_decryption" time="0.151" /><testcase classname="tests.test_iteration146_client_personal_info.TestEncryptionVerification" name="test_id_number_masking" time="0.093" /><testcase classname="tests.test_iteration146_client_personal_info.TestEdgeCases" name="test_empty_tfn" time="0.046" /><testcase classname="tests.test_iteration146_client_personal_info.TestEdgeCases" name="test_null_tfn" time="0.053" /><testcase classname="tests.test_iteration146_client_personal_info.TestEdgeCases" name="test_special_characters_in_custom_field" time="0.094" /></testsuite></testsuites>