<?xml version="1.0" encoding="utf-8"?><testsuites name="pytest tests"><testsuite name="pytest" errors="0" failures="0" skipped="0" tests="23" time="3.389" timestamp="2026-03-14T04:35:29.589550+00:00" hostname="agent-env-ce99e2c4-0757-41bb-9f7e-6018ddea3880"><testcase classname="backend.tests.test_ai_wealth_features.TestAIWealthBrief" name="test_wealth_brief_returns_200" time="0.201" /><testcase classname="backend.tests.test_ai_wealth_features.TestAIWealthBrief" name="test_wealth_brief_returns_headline" time="0.113" /><testcase classname="backend.tests.test_ai_wealth_features.TestAIWealthBrief" name="test_wealth_brief_returns_recommendations" time="0.148" /><testcase classname="backend.tests.test_ai_wealth_features.TestAIWealthBrief" name="test_wealth_brief_returns_net_worth_projections" time="0.122" /><testcase classname="backend.tests.test_ai_wealth_features.TestAIWealthBrief" name="test_wealth_brief_returns_total_impact" time="0.174" /><testcase classname="backend.tests.test_ai_wealth_features.TestLifeDecisionSimulator" name="test_life_scenario_retire_early" time="0.150" /><testcase classname="backend.tests.test_ai_wealth_features.TestLifeDecisionSimulator" name="test_life_scenario_buy_property" time="0.098" /><testcase classname="backend.tests.test_ai_wealth_features.TestLifeDecisionSimulator" name="test_life_scenario_start_business" time="0.155" /><testcase classname="backend.tests.test_ai_wealth_features.TestLifeDecisionSimulator" name="test_life_scenario_market_crash" time="0.111" /><testcase classname="backend.tests.test_ai_wealth_features.TestLifeDecisionSimulator" name="test_life_scenario_inheritance" time="0.114" /><testcase classname="backend.tests.test_ai_wealth_features.TestLifeDecisionSimulator" name="test_life_scenario_save_extra" time="0.103" /><testcase classname="backend.tests.test_ai_wealth_features.TestLifeDecisionSimulator" name="test_life_scenario_returns_all_required_fields" time="0.125" /><testcase classname="backend.tests.test_ai_wealth_features.TestMonteCarloSimulation" name="test_monte_carlo_returns_real_probability" time="0.141" /><testcase classname="backend.tests.test_ai_wealth_features.TestMonteCarloSimulation" name="test_monte_carlo_returns_percentile_data" time="0.129" /><testcase classname="backend.tests.test_ai_wealth_features.TestFinancialHealthScore" name="test_health_score_returns_grade" time="0.099" /><testcase classname="backend.tests.test_ai_wealth_features.TestFinancialHealthScore" name="test_health_score_returns_components" time="0.102" /><testcase classname="backend.tests.test_ai_wealth_features.TestWhatIfScenarioBuilder" name="test_different_savings_rate_changes_probability" time="0.251" /><testcase classname="backend.tests.test_ai_wealth_features.TestWhatIfScenarioBuilder" name="test_different_retirement_age_changes_probability" time="0.264" /><testcase classname="backend.tests.test_ai_wealth_features.TestStressTestResults" name="test_base_case_scenario" time="0.124" /><testcase classname="backend.tests.test_ai_wealth_features.TestStressTestResults" name="test_market_crash_scenario" time="0.119" /><testcase classname="backend.tests.test_ai_wealth_features.TestStressTestResults" name="test_high_inflation_scenario" time="0.121" /><testcase classname="backend.tests.test_ai_wealth_features.TestDashboardTabs" name="test_recommendations_endpoint" time="0.118" /><testcase classname="backend.tests.test_ai_wealth_features.TestDashboardTabs" name="test_net_worth_projection_endpoint" time="0.105" /></testsuite></testsuites>