<?xml version="1.0" encoding="utf-8"?><testsuites name="pytest tests"><testsuite name="pytest" errors="0" failures="0" skipped="0" tests="11" time="0.139" timestamp="2026-03-10T12:35:02.366898+00:00" hostname="agent-env-ab244e13-b24d-40cd-ac15-c4cd2c298d6d"><testcase classname="backend.tests.test_new_features.TestHealthCheck" name="test_health_endpoint" time="0.004" /><testcase classname="backend.tests.test_new_features.TestSalaryPackagingAPI" name="test_salary_packaging_basic" time="0.002" /><testcase classname="backend.tests.test_new_features.TestSalaryPackagingAPI" name="test_salary_packaging_nfp_employee" time="0.002" /><testcase classname="backend.tests.test_new_features.TestSalaryPackagingAPI" name="test_salary_packaging_empty_items" time="0.002" /><testcase classname="backend.tests.test_new_features.TestSalaryPackagingAPI" name="test_salary_packaging_items_endpoint" time="0.001" /><testcase classname="backend.tests.test_new_features.TestPropertyComparisonAPI" name="test_property_comparison_single" time="0.002" /><testcase classname="backend.tests.test_new_features.TestPropertyComparisonAPI" name="test_property_comparison_multiple" time="0.002" /><testcase classname="backend.tests.test_new_features.TestScenarioComparisonAPI" name="test_scenario_comparison_two_scenarios" time="0.002" /><testcase classname="backend.tests.test_new_features.TestScenarioComparisonAPI" name="test_scenario_comparison_with_properties" time="0.001" /><testcase classname="backend.tests.test_new_features.TestEdgeCases" name="test_salary_packaging_high_income" time="0.001" /><testcase classname="backend.tests.test_new_features.TestEdgeCases" name="test_property_comparison_no_mortgage" time="0.001" /></testsuite></testsuites>