<?xml version="1.0" encoding="utf-8"?><testsuites name="pytest tests"><testsuite name="pytest" errors="0" failures="0" skipped="0" tests="23" time="4.662" timestamp="2026-03-17T20:41:19.219969+00:00" hostname="agent-env-6eb23293-68d9-4219-b25b-89ebb02f60f3"><testcase classname="backend.tests.test_iteration66_workflow_book_intel.TestHealthCheck" name="test_health_check_version_and_capabilities" time="0.232" /><testcase classname="backend.tests.test_iteration66_workflow_book_intel.TestWorkflowTemplates" name="test_get_workflow_templates" time="0.199" /><testcase classname="backend.tests.test_iteration66_workflow_book_intel.TestWorkflowTemplates" name="test_get_onboarding_template_details" time="0.137" /><testcase classname="backend.tests.test_iteration66_workflow_book_intel.TestWorkflowTemplates" name="test_get_annual_review_template" time="0.133" /><testcase classname="backend.tests.test_iteration66_workflow_book_intel.TestWorkflowDashboard" name="test_workflow_dashboard" time="0.223" /><testcase classname="backend.tests.test_iteration66_workflow_book_intel.TestWorkflowDashboard" name="test_workflow_stats" time="0.203" /><testcase classname="backend.tests.test_iteration66_workflow_book_intel.TestWorkflowDashboard" name="test_workflow_instances_list" time="0.163" /><testcase classname="backend.tests.test_iteration66_workflow_book_intel.TestWorkflowQuickStart" name="test_quick_start_client_onboarding" time="0.436" /><testcase classname="backend.tests.test_iteration66_workflow_book_intel.TestWorkflowQuickStart" name="test_quick_start_annual_review" time="0.139" /><testcase classname="backend.tests.test_iteration66_workflow_book_intel.TestBookIntelligenceOverview" name="test_book_intelligence_overview" time="0.142" /><testcase classname="backend.tests.test_iteration66_workflow_book_intel.TestBookIntelligenceOverview" name="test_book_intelligence_insights" time="0.261" /><testcase classname="backend.tests.test_iteration66_workflow_book_intel.TestBookIntelligenceAnalytics" name="test_tax_opportunities" time="0.166" /><testcase classname="backend.tests.test_iteration66_workflow_book_intel.TestBookIntelligenceAnalytics" name="test_engagement_health" time="0.164" /><testcase classname="backend.tests.test_iteration66_workflow_book_intel.TestBookIntelligenceAnalytics" name="test_sector_analysis" time="0.166" /><testcase classname="backend.tests.test_iteration66_workflow_book_intel.TestAlpacaTrading" name="test_alpaca_status" time="0.168" /><testcase classname="backend.tests.test_iteration66_workflow_book_intel.TestAlpacaTrading" name="test_alpaca_demo_account" time="0.119" /><testcase classname="backend.tests.test_iteration66_workflow_book_intel.TestAlpacaTrading" name="test_alpaca_demo_positions" time="0.131" /><testcase classname="backend.tests.test_iteration66_workflow_book_intel.TestBookIntelligenceAdditional" name="test_retirement_analysis" time="0.208" /><testcase classname="backend.tests.test_iteration66_workflow_book_intel.TestBookIntelligenceAdditional" name="test_risk_analysis" time="0.147" /><testcase classname="backend.tests.test_iteration66_workflow_book_intel.TestBookIntelligenceAdditional" name="test_clients_needing_action" time="0.246" /><testcase classname="backend.tests.test_iteration66_workflow_book_intel.TestBookIntelligenceAdditional" name="test_performance_attribution" time="0.120" /><testcase classname="backend.tests.test_iteration66_workflow_book_intel.TestWorkflowAdvanced" name="test_create_workflow_via_api" time="0.229" /><testcase classname="backend.tests.test_iteration66_workflow_book_intel.TestWorkflowAdvanced" name="test_workflow_by_client" time="0.372" /></testsuite></testsuites>