<?xml version="1.0" encoding="utf-8"?><testsuites name="pytest tests"><testsuite name="pytest" errors="0" failures="0" skipped="0" tests="19" time="3.644" timestamp="2026-03-17T03:39:39.353091+00:00" hostname="agent-env-f844ad25-f78e-4b0a-b378-02ff82f6a4b2"><testcase classname="backend.tests.test_iteration55_advisor_command_center.TestHealthCheck" name="test_health_endpoint" time="0.192" /><testcase classname="backend.tests.test_iteration55_advisor_command_center.TestCommandCenterAPIs" name="test_daily_digest" time="0.142" /><testcase classname="backend.tests.test_iteration55_advisor_command_center.TestCommandCenterAPIs" name="test_alerts_endpoint" time="0.145" /><testcase classname="backend.tests.test_iteration55_advisor_command_center.TestCommandCenterAPIs" name="test_metrics_endpoint" time="0.153" /><testcase classname="backend.tests.test_iteration55_advisor_command_center.TestCommandCenterAPIs" name="test_schedule_endpoint" time="0.139" /><testcase classname="backend.tests.test_iteration55_advisor_command_center.TestMonitoringAPIs" name="test_daily_scan" time="0.138" /><testcase classname="backend.tests.test_iteration55_advisor_command_center.TestMonitoringAPIs" name="test_book_insights" time="0.130" /><testcase classname="backend.tests.test_iteration55_advisor_command_center.TestMonitoringAPIs" name="test_alerts_summary" time="0.129" /><testcase classname="backend.tests.test_iteration55_advisor_command_center.TestIntelligenceAPIs" name="test_tax_opportunities" time="0.123" /><testcase classname="backend.tests.test_iteration55_advisor_command_center.TestIntelligenceAPIs" name="test_comprehensive_analysis" time="0.164" /><testcase classname="backend.tests.test_iteration55_advisor_command_center.TestIntelligenceAPIs" name="test_portfolio_drift" time="0.140" /><testcase classname="backend.tests.test_iteration55_advisor_command_center.TestIntelligenceAPIs" name="test_engagement" time="0.134" /><testcase classname="backend.tests.test_iteration55_advisor_command_center.TestIntelligenceAPIs" name="test_fee_optimization" time="0.133" /><testcase classname="backend.tests.test_iteration55_advisor_command_center.TestIntelligenceAPIs" name="test_goals_analysis" time="0.125" /><testcase classname="backend.tests.test_iteration55_advisor_command_center.TestMeetingPrepAPIs" name="test_generate_meeting_prep" time="0.149" /><testcase classname="backend.tests.test_iteration55_advisor_command_center.TestMeetingPrepAPIs" name="test_generate_meeting_prep_different_client" time="0.179" /><testcase classname="backend.tests.test_iteration55_advisor_command_center.TestCopilotAPIs" name="test_copilot_query" time="0.134" /><testcase classname="backend.tests.test_iteration55_advisor_command_center.TestMarketDataAPIs" name="test_market_overview" time="0.133" /><testcase classname="backend.tests.test_iteration55_advisor_command_center.TestZoneDataIntegration" name="test_all_zones_have_data" time="0.970" /></testsuite></testsuites>