<?xml version="1.0" encoding="utf-8"?><testsuites name="pytest tests"><testsuite name="pytest" errors="0" failures="1" skipped="0" tests="21" time="72.609" timestamp="2026-03-16T20:21:43.857075+00:00" hostname="agent-env-5127e2cf-4536-4728-8133-917fcabe8163"><testcase classname="backend.tests.test_iteration48_100_percent.TestHealthAndBasics" name="test_health_endpoint" time="0.266" /><testcase classname="backend.tests.test_iteration48_100_percent.TestAICopilot" name="test_copilot_ask_retirement_question" time="19.592" /><testcase classname="backend.tests.test_iteration48_100_percent.TestAICopilot" name="test_copilot_ask_with_client_context" time="25.559" /><testcase classname="backend.tests.test_iteration48_100_percent.TestAICopilot" name="test_copilot_session_history" time="23.964" /><testcase classname="backend.tests.test_iteration48_100_percent.TestDecisionCenter" name="test_quick_scenario_analysis" time="0.228" /><testcase classname="backend.tests.test_iteration48_100_percent.TestDecisionCenter" name="test_quick_scenario_slider_changes" time="0.288" /><testcase classname="backend.tests.test_iteration48_100_percent.TestClientInsights" name="test_todays_insights_endpoint" time="0.118" /><testcase classname="backend.tests.test_iteration48_100_percent.TestMonteCarloAPI" name="test_monte_carlo_simulation" time="0.186" /><testcase classname="backend.tests.test_iteration48_100_percent.TestMonteCarloAPI" name="test_scenario_comparison" time="0.274" /><testcase classname="backend.tests.test_iteration48_100_percent.TestFinancialPlanGeneration" name="test_generate_financial_plan" time="0.115" /><testcase classname="backend.tests.test_iteration48_100_percent.TestDecisionEngineAPIs" name="test_monte_carlo_advanced_with_defaults" time="0.397" /><testcase classname="backend.tests.test_iteration48_100_percent.TestDecisionEngineAPIs" name="test_monte_carlo_advanced_with_params" time="0.162" /><testcase classname="backend.tests.test_iteration48_100_percent.TestDecisionEngineAPIs" name="test_health_score_v2_with_defaults" time="0.208" /><testcase classname="backend.tests.test_iteration48_100_percent.TestDecisionEngineAPIs" name="test_health_score_v2_with_params" time="0.191" /><testcase classname="backend.tests.test_iteration48_100_percent.TestDecisionEngineAPIs" name="test_recommendations_v2_with_defaults" time="0.133" /><testcase classname="backend.tests.test_iteration48_100_percent.TestDecisionEngineAPIs" name="test_recommendations_v2_with_params" time="0.151" /><testcase classname="backend.tests.test_iteration48_100_percent.TestDecisionEngineAPIs" name="test_net_worth_projection" time="0.149" /><testcase classname="backend.tests.test_iteration48_100_percent.TestAIWealthBrief" name="test_wealth_brief_with_defaults" time="0.112"><failure message="AssertionError: assert ('summary' in {'current_retirement_age': 60, 'current_trajectory': {'gap_to_target': 35.0, 'on_track': False, 'projected_retirement_wealth': 4817031}, 'financial_snapshot': {'annual_income': 180000, 'annual_savings': 27000.0, 'monthly_cashflow': 2250.0, 'net_worth': 1500000, ...}, 'generated_at': '2026-03-16T20:22:56.014097', ...} or 'brief' in {'current_retirement_age': 60, 'current_trajectory': {'gap_to_target': 35.0, 'on_track': False, 'projected_retirement_wealth': 4817031}, 'financial_snapshot': {'annual_income': 180000, 'annual_savings': 27000.0, 'monthly_cashflow': 2250.0, 'net_worth': 1500000, ...}, 'generated_at': '2026-03-16T20:22:56.014097', ...} or 'insights' in {'current_retirement_age': 60, 'current_trajectory': {'gap_to_target': 35.0, 'on_track': False, 'projected_retirement_wealth': 4817031}, 'financial_snapshot': {'annual_income': 180000, 'annual_savings': 27000.0, 'monthly_cashflow': 2250.0, 'net_worth': 1500000, ...}, 'generated_at': '2026-03-16T20:22:56.014097', ...} or 'highlights' in {'current_retirement_age': 60, 'current_trajectory': {'gap_to_target': 35.0, 'on_track': False, 'projected_retirement_wealth': 4817031}, 'financial_snapshot': {'annual_income': 180000, 'annual_savings': 27000.0, 'monthly_cashflow': 2250.0, 'net_worth': 1500000, ...}, 'generated_at': '2026-03-16T20:22:56.014097', ...})">backend/tests/test_iteration48_100_percent.py:431: in test_wealth_brief_with_defaults
    assert "summary" in data or "brief" in data or "insights" in data or "highlights" in data
E   AssertionError: assert ('summary' in {'current_retirement_age': 60, 'current_trajectory': {'gap_to_target': 35.0, 'on_track': False, 'projected_retirement_wealth': 4817031}, 'financial_snapshot': {'annual_income': 180000, 'annual_savings': 27000.0, 'monthly_cashflow': 2250.0, 'net_worth': 1500000, ...}, 'generated_at': '2026-03-16T20:22:56.014097', ...} or 'brief' in {'current_retirement_age': 60, 'current_trajectory': {'gap_to_target': 35.0, 'on_track': False, 'projected_retirement_wealth': 4817031}, 'financial_snapshot': {'annual_income': 180000, 'annual_savings': 27000.0, 'monthly_cashflow': 2250.0, 'net_worth': 1500000, ...}, 'generated_at': '2026-03-16T20:22:56.014097', ...} or 'insights' in {'current_retirement_age': 60, 'current_trajectory': {'gap_to_target': 35.0, 'on_track': False, 'projected_retirement_wealth': 4817031}, 'financial_snapshot': {'annual_income': 180000, 'annual_savings': 27000.0, 'monthly_cashflow': 2250.0, 'net_worth': 1500000, ...}, 'generated_at': '2026-03-16T20:22:56.014097', ...} or 'highlights' in {'current_retirement_age': 60, 'current_trajectory': {'gap_to_target': 35.0, 'on_track': False, 'projected_retirement_wealth': 4817031}, 'financial_snapshot': {'annual_income': 180000, 'annual_savings': 27000.0, 'monthly_cashflow': 2250.0, 'net_worth': 1500000, ...}, 'generated_at': '2026-03-16T20:22:56.014097', ...})</failure></testcase><testcase classname="backend.tests.test_iteration48_100_percent.TestAIWealthBrief" name="test_wealth_brief_with_params" time="0.132" /><testcase classname="backend.tests.test_iteration48_100_percent.TestLoginFlow" name="test_demo_login" time="0.132" /><testcase classname="backend.tests.test_iteration48_100_percent.TestGoalsAPI" name="test_goals_list" time="0.141" /></testsuite></testsuites>