<?xml version="1.0" encoding="utf-8"?><testsuites name="pytest tests"><testsuite name="pytest" errors="0" failures="0" skipped="0" tests="8" time="1.114" timestamp="2026-04-22T11:46:37.145290+00:00" hostname="agent-env-98a53f26-15a1-437f-a3c8-6e14517c0262"><testcase classname="tests.test_iteration197_compliance_readiness.TestReadinessEventPost" name="test_post_minimal_valid_event" time="0.282" /><testcase classname="tests.test_iteration197_compliance_readiness.TestReadinessEventPost" name="test_post_missing_client_id_returns_400" time="0.052" /><testcase classname="tests.test_iteration197_compliance_readiness.TestReadinessEventPost" name="test_post_then_visible_in_list" time="0.099" /><testcase classname="tests.test_iteration197_compliance_readiness.TestReadinessEventsList" name="test_list_returns_envelope" time="0.052" /><testcase classname="tests.test_iteration197_compliance_readiness.TestReadinessEventsList" name="test_list_respects_limit" time="0.195" /><testcase classname="tests.test_iteration197_compliance_readiness.TestReadinessEventsSummary" name="test_summary_shape" time="0.261" /><testcase classname="tests.test_iteration197_compliance_readiness.TestRelated" name="test_audit_log_smoke" time="0.049" /><testcase classname="tests.test_iteration197_compliance_readiness.TestRelated" name="test_compliance_dashboard_smoke" time="0.051" /></testsuite></testsuites>