<?xml version="1.0" encoding="utf-8"?><testsuites name="pytest tests"><testsuite name="pytest" errors="0" failures="0" skipped="0" tests="7" time="7.972" timestamp="2026-03-31T01:14:06.823143+00:00" hostname="agent-env-70bbf9a1-dbc9-440d-bfe3-0c67c0d32395"><testcase classname="tests.test_iteration122_refactoring.TestHealthAndRouteRegistry" name="test_health_endpoint_returns_200" time="0.179" /><testcase classname="tests.test_iteration122_refactoring.TestMarketDataAPI" name="test_market_data_returns_17_indicators" time="0.489" /><testcase classname="tests.test_iteration122_refactoring.TestNewsAPI" name="test_news_returns_live_headlines" time="1.415" /><testcase classname="tests.test_iteration122_refactoring.TestComplianceDashboardAPI" name="test_compliance_dashboard_returns_mongodb_data" time="0.128" /><testcase classname="tests.test_iteration122_refactoring.TestVoiceAssistantAPI" name="test_voice_assistant_chat_works" time="4.903" /><testcase classname="tests.test_iteration122_refactoring.TestBuffettTradingRouteRemoved" name="test_buffett_trading_route_removed" time="0.131" /><testcase classname="tests.test_iteration122_refactoring.TestRouteRegistryIntegrity" name="test_multiple_routes_accessible" time="0.665" /></testsuite></testsuites>