<?xml version="1.0" encoding="utf-8"?><testsuites name="pytest tests"><testsuite name="pytest" errors="0" failures="0" skipped="0" tests="18" time="4.062" timestamp="2026-03-17T23:18:37.362060+00:00" hostname="agent-env-bcd545d8-0d9b-48cb-afc2-3677bf2d2980"><testcase classname="backend.tests.test_iteration72_crm_clients.TestCRMClientsEndpoint" name="test_get_clients_returns_200" time="0.310" /><testcase classname="backend.tests.test_iteration72_crm_clients.TestCRMClientsEndpoint" name="test_clients_list_has_8_clients" time="0.167" /><testcase classname="backend.tests.test_iteration72_crm_clients.TestCRMClientsEndpoint" name="test_clients_summary_statistics" time="0.133" /><testcase classname="backend.tests.test_iteration72_crm_clients.TestCRMClientsEndpoint" name="test_client_data_structure" time="0.150" /><testcase classname="backend.tests.test_iteration72_crm_clients.TestCRMClientsEndpoint" name="test_expected_clients_present" time="0.169" /><testcase classname="backend.tests.test_iteration72_crm_clients.TestCRMClientsEndpoint" name="test_client_wealth_data" time="0.127" /><testcase classname="backend.tests.test_iteration72_crm_clients.TestCRMAnalyticsEndpoint" name="test_analytics_returns_200" time="0.149" /><testcase classname="backend.tests.test_iteration72_crm_clients.TestCRMAnalyticsEndpoint" name="test_analytics_summary" time="0.198" /><testcase classname="backend.tests.test_iteration72_crm_clients.TestCRMAnalyticsEndpoint" name="test_analytics_by_status" time="0.152" /><testcase classname="backend.tests.test_iteration72_crm_clients.TestCRMAnalyticsEndpoint" name="test_analytics_by_type" time="0.138" /><testcase classname="backend.tests.test_iteration72_crm_clients.TestCRMAnalyticsEndpoint" name="test_analytics_tasks" time="0.124" /><testcase classname="backend.tests.test_iteration72_crm_clients.TestCRMClientByIdEndpoint" name="test_get_client_by_id_returns_200" time="0.163" /><testcase classname="backend.tests.test_iteration72_crm_clients.TestCRMClientByIdEndpoint" name="test_client_1_wheeler_data" time="0.163" /><testcase classname="backend.tests.test_iteration72_crm_clients.TestCRMClientByIdEndpoint" name="test_client_not_found_returns_404" time="0.145" /><testcase classname="backend.tests.test_iteration72_crm_clients.TestCRMClientByIdEndpoint" name="test_all_clients_accessible_by_id" time="1.175" /><testcase classname="backend.tests.test_iteration72_crm_clients.TestCRMTasksEndpoint" name="test_tasks_returns_200" time="0.185" /><testcase classname="backend.tests.test_iteration72_crm_clients.TestCRMTasksEndpoint" name="test_tasks_count" time="0.135" /><testcase classname="backend.tests.test_iteration72_crm_clients.TestCRMTasksEndpoint" name="test_task_priorities" time="0.187" /></testsuite></testsuites>