<?xml version="1.0" encoding="utf-8"?><testsuites name="pytest tests"><testsuite name="pytest" errors="0" failures="1" skipped="0" tests="28" time="4.072" timestamp="2026-03-17T05:08:09.682093+00:00" hostname="agent-env-6a537ec1-109f-47f4-9a4e-2bec15f5372e"><testcase classname="tests.test_iteration58_refactoring.TestHealthAndCore" name="test_health_check" time="0.256" /><testcase classname="tests.test_iteration58_refactoring.TestAuthRoutes" name="test_login_success" time="0.150" /><testcase classname="tests.test_iteration58_refactoring.TestAuthRoutes" name="test_login_invalid_credentials" time="0.145" /><testcase classname="tests.test_iteration58_refactoring.TestAuthRoutes" name="test_register_new_user" time="0.127" /><testcase classname="tests.test_iteration58_refactoring.TestTaxRoutes" name="test_get_tax_rates" time="0.127" /><testcase classname="tests.test_iteration58_refactoring.TestTaxRoutes" name="test_calculate_personal_tax" time="0.123" /><testcase classname="tests.test_iteration58_refactoring.TestTaxRoutes" name="test_calculate_cgt" time="0.137" /><testcase classname="tests.test_iteration58_refactoring.TestMarketRoutes" name="test_get_market_indices" time="0.141" /><testcase classname="tests.test_iteration58_refactoring.TestMarketRoutes" name="test_get_stock_quote" time="0.159" /><testcase classname="tests.test_iteration58_refactoring.TestMarketRoutes" name="test_stock_search" time="0.136" /><testcase classname="tests.test_iteration58_refactoring.TestTradingRoutes" name="test_get_client_holdings" time="0.142" /><testcase classname="tests.test_iteration58_refactoring.TestTradingRoutes" name="test_get_brokers" time="0.148" /><testcase classname="tests.test_iteration58_refactoring.TestTradingRoutes" name="test_order_preview" time="0.132" /><testcase classname="tests.test_iteration58_refactoring.TestTradingRoutes" name="test_cgt_summary" time="0.127" /><testcase classname="tests.test_iteration58_refactoring.TestEmailRoutes" name="test_email_status" time="0.153"><failure message="AssertionError: assert 'templates' in {'configured': False, 'demo_mode': True, 'sender_email': 'notifications@wealthcommand.io', 'sender_name': 'Wealth Command', ...}">tests/test_iteration58_refactoring.py:213: in test_email_status
    assert "templates" in data
E   AssertionError: assert 'templates' in {'configured': False, 'demo_mode': True, 'sender_email': 'notifications@wealthcommand.io', 'sender_name': 'Wealth Command', ...}</failure></testcase><testcase classname="tests.test_iteration58_refactoring.TestEmailRoutes" name="test_send_test_email" time="0.125" /><testcase classname="tests.test_iteration58_refactoring.TestBankFeedsRoutes" name="test_bank_feeds_status" time="0.130" /><testcase classname="tests.test_iteration58_refactoring.TestBankFeedsRoutes" name="test_get_institutions" time="0.149" /><testcase classname="tests.test_iteration58_refactoring.TestBankFeedsRoutes" name="test_get_accounts" time="0.154" /><testcase classname="tests.test_iteration58_refactoring.TestBankFeedsRoutes" name="test_get_transactions" time="0.130" /><testcase classname="tests.test_iteration58_refactoring.TestCommandCenterRoutes" name="test_daily_digest" time="0.128" /><testcase classname="tests.test_iteration58_refactoring.TestCommandCenterRoutes" name="test_get_alerts" time="0.132" /><testcase classname="tests.test_iteration58_refactoring.TestCommandCenterRoutes" name="test_get_metrics" time="0.146" /><testcase classname="tests.test_iteration58_refactoring.TestCommandCenterRoutes" name="test_get_schedule" time="0.136" /><testcase classname="tests.test_iteration58_refactoring.TestAdditionalRoutes" name="test_dashboard_summary" time="0.122" /><testcase classname="tests.test_iteration58_refactoring.TestAdditionalRoutes" name="test_portfolio_monitoring" time="0.134" /><testcase classname="tests.test_iteration58_refactoring.TestAdditionalRoutes" name="test_intelligence_analysis" time="0.130" /><testcase classname="tests.test_iteration58_refactoring.TestAdditionalRoutes" name="test_tax_opportunities" time="0.138" /></testsuite></testsuites>