<?xml version="1.0" encoding="utf-8"?><testsuites name="pytest tests"><testsuite name="pytest" errors="0" failures="2" skipped="0" tests="11" time="8.940" timestamp="2026-03-18T22:33:59.403940+00:00" hostname="agent-env-83f3eab6-29de-45ae-aff5-779207ebd98b"><testcase classname="backend.tests.test_iteration82_ui_improvements.TestMacroDataAPI" name="test_macro_overview_endpoint_accessible" time="4.760" /><testcase classname="backend.tests.test_iteration82_ui_improvements.TestMacroDataAPI" name="test_macro_overview_percentage_values_are_actual_percentages" time="0.197" /><testcase classname="backend.tests.test_iteration82_ui_improvements.TestMacroDataAPI" name="test_macro_overview_response_time" time="0.300" /><testcase classname="backend.tests.test_iteration82_ui_improvements.TestMacroDataAPI" name="test_macro_indices_endpoint" time="2.665" /><testcase classname="backend.tests.test_iteration82_ui_improvements.TestHybridsTradingAPI" name="test_hybrids_page_data_structure" time="0.146" /><testcase classname="backend.tests.test_iteration82_ui_improvements.TestKnowledgeGraphAPI" name="test_knowledge_graph_overview" time="0.156" /><testcase classname="backend.tests.test_iteration82_ui_improvements.TestKnowledgeGraphAPI" name="test_knowledge_graph_insights" time="0.100" /><testcase classname="backend.tests.test_iteration82_ui_improvements.TestClientContextAPI" name="test_client_contact_send_message" time="0.127"><failure message="assert 422 == 200&#10; +  where 422 = &lt;Response [422]&gt;.status_code">backend/tests/test_iteration82_ui_improvements.py:145: in test_client_contact_send_message
    assert response.status_code == 200
E   assert 422 == 200
E    +  where 422 = &lt;Response [422]&gt;.status_code</failure></testcase><testcase classname="backend.tests.test_iteration82_ui_improvements.TestDecisionEngineAPI" name="test_health_score_v2" time="0.116"><failure message="AssertionError: Missing 'score' in response&#10;assert 'score' in {'areas_for_improvement': [None, None, 'Reduce debt levels', 'Boost retirement contributions'], 'component_scores': {'debt_management': 50.0, 'diversification': 65, 'emergency_fund': 100, 'insurance_coverage': 85, ...}, 'grade': 'C', 'grade_description': 'Fair', ...}">backend/tests/test_iteration82_ui_improvements.py:174: in test_health_score_v2
    assert "score" in data, "Missing 'score' in response"
E   AssertionError: Missing 'score' in response
E   assert 'score' in {'areas_for_improvement': [None, None, 'Reduce debt levels', 'Boost retirement contributions'], 'component_scores': {'debt_management': 50.0, 'diversification': 65, 'emergency_fund': 100, 'insurance_coverage': 85, ...}, 'grade': 'C', 'grade_description': 'Fair', ...}</failure></testcase><testcase classname="backend.tests.test_iteration82_ui_improvements.TestAIWealthBrief" name="test_ai_wealth_brief" time="0.136" /><testcase classname="backend.tests.test_iteration82_ui_improvements.TestMonteCarloAPI" name="test_monte_carlo_advanced" time="0.146" /></testsuite></testsuites>