<?xml version="1.0" encoding="utf-8"?><testsuites name="pytest tests"><testsuite name="pytest" errors="0" failures="0" skipped="0" tests="12" time="17.659" timestamp="2026-03-31T20:34:17.257105+00:00" hostname="agent-env-7f829ae8-3146-43d9-949c-39107c070c1a"><testcase classname="backend.tests.test_iteration130_pdf_report.TestHealthEndpoint" name="test_health_returns_200" time="0.226" /><testcase classname="backend.tests.test_iteration130_pdf_report.TestPDFReportGeneration" name="test_pdf_retirement_analysis" time="0.203" /><testcase classname="backend.tests.test_iteration130_pdf_report.TestPDFReportGeneration" name="test_pdf_buffett_analysis" time="0.157" /><testcase classname="backend.tests.test_iteration130_pdf_report.TestPDFReportGeneration" name="test_pdf_soa_draft" time="0.173" /><testcase classname="backend.tests.test_iteration130_pdf_report.TestPDFReportGeneration" name="test_pdf_tax_calculation" time="0.233" /><testcase classname="backend.tests.test_iteration130_pdf_report.TestPDFReportGeneration" name="test_pdf_compliance_check" time="0.120" /><testcase classname="backend.tests.test_iteration130_pdf_report.TestPDFReportGeneration" name="test_pdf_insurance_analysis" time="0.188" /><testcase classname="backend.tests.test_iteration130_pdf_report.TestPDFReportGeneration" name="test_pdf_trust_strategy" time="0.106" /><testcase classname="backend.tests.test_iteration130_pdf_report.TestPDFReportGeneration" name="test_pdf_investment_comparison" time="0.125" /><testcase classname="backend.tests.test_iteration130_pdf_report.TestPDFReportGeneration" name="test_pdf_generic_type" time="0.109" /><testcase classname="backend.tests.test_iteration130_pdf_report.TestVoiceCommandEndpoint" name="test_voice_command_process_endpoint_exists" time="13.001" /><testcase classname="backend.tests.test_iteration130_pdf_report.TestBuffettEngineEndpoint" name="test_buffett_screen_endpoint" time="2.946" /></testsuite></testsuites>