<?xml version="1.0" encoding="utf-8"?><testsuites name="pytest tests"><testsuite name="pytest" errors="0" failures="0" skipped="0" tests="20" time="2.210" timestamp="2026-03-14T09:20:51.114361+00:00" hostname="agent-env-ce99e2c4-0757-41bb-9f7e-6018ddea3880"><testcase classname="backend.tests.test_ai_plan_meeting_features.TestAIFinancialPlanGenerator" name="test_generate_financial_plan_success" time="0.156" /><testcase classname="backend.tests.test_ai_plan_meeting_features.TestAIFinancialPlanGenerator" name="test_financial_plan_has_executive_summary" time="0.093" /><testcase classname="backend.tests.test_ai_plan_meeting_features.TestAIFinancialPlanGenerator" name="test_financial_plan_has_retirement_plan" time="0.104" /><testcase classname="backend.tests.test_ai_plan_meeting_features.TestAIFinancialPlanGenerator" name="test_financial_plan_has_investment_strategy" time="0.101" /><testcase classname="backend.tests.test_ai_plan_meeting_features.TestAIFinancialPlanGenerator" name="test_financial_plan_has_tax_strategy" time="0.100" /><testcase classname="backend.tests.test_ai_plan_meeting_features.TestAIFinancialPlanGenerator" name="test_financial_plan_has_insurance_gaps" time="0.108" /><testcase classname="backend.tests.test_ai_plan_meeting_features.TestAIFinancialPlanGenerator" name="test_financial_plan_has_action_plan" time="0.103" /><testcase classname="backend.tests.test_ai_plan_meeting_features.TestAIFinancialPlanGenerator" name="test_financial_plan_has_plan_metrics" time="0.103" /><testcase classname="backend.tests.test_ai_plan_meeting_features.TestAIMeetingSummaryGenerator" name="test_generate_meeting_summary_success" time="0.104" /><testcase classname="backend.tests.test_ai_plan_meeting_features.TestAIMeetingSummaryGenerator" name="test_meeting_summary_has_executive_summary" time="0.116" /><testcase classname="backend.tests.test_ai_plan_meeting_features.TestAIMeetingSummaryGenerator" name="test_meeting_summary_has_topics_covered" time="0.104" /><testcase classname="backend.tests.test_ai_plan_meeting_features.TestAIMeetingSummaryGenerator" name="test_meeting_summary_has_decisions_made" time="0.108" /><testcase classname="backend.tests.test_ai_plan_meeting_features.TestAIMeetingSummaryGenerator" name="test_meeting_summary_has_action_items" time="0.108" /><testcase classname="backend.tests.test_ai_plan_meeting_features.TestAIMeetingSummaryGenerator" name="test_meeting_summary_has_plan_updates" time="0.098" /><testcase classname="backend.tests.test_ai_plan_meeting_features.TestAIMeetingSummaryGenerator" name="test_meeting_summary_has_next_meeting" time="0.106" /><testcase classname="backend.tests.test_ai_plan_meeting_features.TestAIClientInsights" name="test_client_insights_success" time="0.104" /><testcase classname="backend.tests.test_ai_plan_meeting_features.TestDashboard3EngineSystem" name="test_monte_carlo_engine" time="0.104" /><testcase classname="backend.tests.test_ai_plan_meeting_features.TestDashboard3EngineSystem" name="test_scenario_simulator_life_scenario" time="0.102" /><testcase classname="backend.tests.test_ai_plan_meeting_features.TestDashboard3EngineSystem" name="test_ai_wealth_insights" time="0.095" /><testcase classname="backend.tests.test_ai_plan_meeting_features.TestNavigationRoutes" name="test_health_endpoint" time="0.102" /></testsuite></testsuites>