<?xml version="1.0" encoding="utf-8"?><testsuites name="pytest tests"><testsuite name="pytest" errors="0" failures="1" skipped="0" tests="17" time="2.516" timestamp="2026-03-11T10:06:46.406210+00:00" hostname="agent-env-e8d1e3f4-4395-4601-8561-db760de92bb8"><testcase classname="backend.tests.test_new_features.TestHealthCheck" name="test_api_health" time="0.262" /><testcase classname="backend.tests.test_new_features.TestStockPrices" name="test_get_stock_prices_valid_symbols" time="0.126" /><testcase classname="backend.tests.test_new_features.TestStockPrices" name="test_get_stock_prices_unknown_symbol" time="0.114" /><testcase classname="backend.tests.test_new_features.TestStockPrices" name="test_get_stock_prices_mixed_symbols" time="0.147" /><testcase classname="backend.tests.test_new_features.TestRetirementPlanning" name="test_retirement_plan_basic" time="0.148" /><testcase classname="backend.tests.test_new_features.TestRetirementPlanning" name="test_retirement_plan_young_person" time="0.114" /><testcase classname="backend.tests.test_new_features.TestEstatePlanning" name="test_estate_plan_basic" time="0.146" /><testcase classname="backend.tests.test_new_features.TestEstatePlanning" name="test_estate_plan_no_will" time="0.107" /><testcase classname="backend.tests.test_new_features.TestGoalPlanning" name="test_goal_planning_basic" time="0.115" /><testcase classname="backend.tests.test_new_features.TestGoalPlanning" name="test_goal_planning_insufficient_savings" time="0.148" /><testcase classname="backend.tests.test_new_features.TestFinancialAdvisorChat" name="test_chat_basic_message" time="0.113"><failure message="assert None == False">backend/tests/test_new_features.py:355: in test_chat_basic_message
    assert data["ai_enabled"] == False
E   assert None == False</failure></testcase><testcase classname="backend.tests.test_new_features.TestFinancialAdvisorChat" name="test_chat_tax_question" time="0.114" /><testcase classname="backend.tests.test_new_features.TestFinancialAdvisorChat" name="test_chat_super_question" time="0.112" /><testcase classname="backend.tests.test_new_features.TestFinancialAdvisorChat" name="test_chat_property_question" time="0.101" /><testcase classname="backend.tests.test_new_features.TestFinancialAdvisorChat" name="test_chat_with_conversation_id" time="0.242" /><testcase classname="backend.tests.test_new_features.TestPropertyValuations" name="test_property_valuation_sydney" time="0.101" /><testcase classname="backend.tests.test_new_features.TestPropertyValuations" name="test_suburb_data" time="0.105" /></testsuite></testsuites>